This is pdfTeX, Version 3.1415926-2.4-1.40.13 (TeX Live 2012) (format=pdflatex 2012.6.30)  14 SEP 2014 23:17
entering extended mode
 restricted \write18 enabled.
 %&-line parsing enabled.
**fastBayes.tex
(./fastBayes.tex
LaTeX2e <2011/06/27>
Babel <v3.8m> and hyphenation patterns for english, dumylang, nohyphenation, ge
rman-x-2012-05-30, ngerman-x-2012-05-30, afrikaans, ancientgreek, ibycus, arabi
c, armenian, basque, bulgarian, catalan, pinyin, coptic, croatian, czech, danis
h, dutch, ukenglish, usenglishmax, esperanto, estonian, ethiopic, farsi, finnis
h, french, friulan, galician, german, ngerman, swissgerman, monogreek, greek, h
ungarian, icelandic, assamese, bengali, gujarati, hindi, kannada, malayalam, ma
rathi, oriya, panjabi, tamil, telugu, indonesian, interlingua, irish, italian, 
kurmanji, latin, latvian, lithuanian, mongolian, mongolianlmc, bokmal, nynorsk,
 polish, portuguese, romanian, romansh, russian, sanskrit, serbian, serbianc, s
lovak, slovenian, spanish, swedish, turkish, turkmen, ukrainian, uppersorbian, 
welsh, loaded.
(/usr/local/texlive/2012/texmf-dist/tex/latex/filecontents/filecontents.sty
Package: filecontents 2011/10/08 v1.3 Create an external file from within a LaT
eX document
)
(/usr/local/texlive/2012/texmf-dist/tex/latex/base/article.cls
Document Class: article 2007/10/19 v1.4h Standard LaTeX document class
(/usr/local/texlive/2012/texmf-dist/tex/latex/base/size10.clo
File: size10.clo 2007/10/19 v1.4h Standard LaTeX file (size option)
)
\c@part=\count79
\c@section=\count80
\c@subsection=\count81
\c@subsubsection=\count82
\c@paragraph=\count83
\c@subparagraph=\count84
\c@figure=\count85
\c@table=\count86
\abovecaptionskip=\skip41
\belowcaptionskip=\skip42
\bibindent=\dimen102
) (./aaai.sty
Conference Style for AAAI for LaTeX 2e -- version of 1 December 2013
\titlebox=\skip43
) (/usr/local/texlive/2012/texmf-dist/tex/latex/psnfss/times.sty
Package: times 2005/04/12 PSNFSS-v9.2a (SPQR) 
)
(/usr/local/texlive/2012/texmf-dist/tex/latex/psnfss/helvet.sty
Package: helvet 2005/04/12 PSNFSS-v9.2a (WaS) 

(/usr/local/texlive/2012/texmf-dist/tex/latex/graphics/keyval.sty
Package: keyval 1999/03/16 v1.13 key=value parser (DPC)
\KV@toks@=\toks14
))
(/usr/local/texlive/2012/texmf-dist/tex/latex/psnfss/courier.sty
Package: courier 2005/04/12 PSNFSS-v9.2a (WaS) 
)
(/usr/local/texlive/2012/texmf-dist/tex/latex/hyperref/hyperref.sty
Package: hyperref 2012/05/13 v6.82q Hypertext links for LaTeX

(/usr/local/texlive/2012/texmf-dist/tex/generic/oberdiek/hobsub-hyperref.sty
Package: hobsub-hyperref 2012/05/28 v1.13 Bundle oberdiek, subset hyperref (HO)


(/usr/local/texlive/2012/texmf-dist/tex/generic/oberdiek/hobsub-generic.sty
Package: hobsub-generic 2012/05/28 v1.13 Bundle oberdiek, subset generic (HO)
Package: hobsub 2012/05/28 v1.13 Construct package bundles (HO)
Package: infwarerr 2010/04/08 v1.3 Providing info/warning/error messages (HO)
Package: ltxcmds 2011/11/09 v1.22 LaTeX kernel commands for general use (HO)
Package: ifluatex 2010/03/01 v1.3 Provides the ifluatex switch (HO)
Package ifluatex Info: LuaTeX not detected.
Package: ifvtex 2010/03/01 v1.5 Detect VTeX and its facilities (HO)
Package ifvtex Info: VTeX not detected.
Package: intcalc 2007/09/27 v1.1 Expandable calculations with integers (HO)
Package: ifpdf 2011/01/30 v2.3 Provides the ifpdf switch (HO)
Package ifpdf Info: pdfTeX in PDF mode is detected.
Package: etexcmds 2011/02/16 v1.5 Avoid name clashes with e-TeX commands (HO)
Package etexcmds Info: Could not find \expanded.
(etexcmds)             That can mean that you are not using pdfTeX 1.50 or
(etexcmds)             that some package has redefined \expanded.
(etexcmds)             In the latter case, load this package earlier.
Package: kvsetkeys 2012/04/25 v1.16 Key value parser (HO)
Package: kvdefinekeys 2011/04/07 v1.3 Define keys (HO)
Package: pdftexcmds 2011/11/29 v0.20 Utility functions of pdfTeX for LuaTeX (HO
)
Package pdftexcmds Info: LuaTeX not detected.
Package pdftexcmds Info: \pdf@primitive is available.
Package pdftexcmds Info: \pdf@ifprimitive is available.
Package pdftexcmds Info: \pdfdraftmode found.
Package: pdfescape 2011/11/25 v1.13 Implements pdfTeX's escape features (HO)
Package: bigintcalc 2012/04/08 v1.3 Expandable calculations on big integers (HO
)
Package: bitset 2011/01/30 v1.1 Handle bit-vector datatype (HO)
Package: uniquecounter 2011/01/30 v1.2 Provide unlimited unique counter (HO)
)
Package hobsub Info: Skipping package `hobsub' (already loaded).
Package: letltxmacro 2010/09/02 v1.4 Let assignment for LaTeX macros (HO)
Package: hopatch 2012/05/28 v1.2 Wrapper for package hooks (HO)
Package: xcolor-patch 2011/01/30 xcolor patch
Package: atveryend 2011/06/30 v1.8 Hooks at the very end of document (HO)
Package atveryend Info: \enddocument detected (standard20110627).
Package: atbegshi 2011/10/05 v1.16 At begin shipout hook (HO)
Package: refcount 2011/10/16 v3.4 Data extraction from label references (HO)
Package: hycolor 2011/01/30 v1.7 Color options for hyperref/bookmark (HO)
)
(/usr/local/texlive/2012/texmf-dist/tex/generic/ifxetex/ifxetex.sty
Package: ifxetex 2010/09/12 v0.6 Provides ifxetex conditional
)
(/usr/local/texlive/2012/texmf-dist/tex/latex/oberdiek/kvoptions.sty
Package: kvoptions 2011/06/30 v3.11 Key value format for package options (HO)
)
\@linkdim=\dimen103
\Hy@linkcounter=\count87
\Hy@pagecounter=\count88

(/usr/local/texlive/2012/texmf-dist/tex/latex/hyperref/pd1enc.def
File: pd1enc.def 2012/05/13 v6.82q Hyperref: PDFDocEncoding definition (HO)
)
\Hy@SavedSpaceFactor=\count89

(/usr/local/texlive/2012/texmf-dist/tex/latex/latexconfig/hyperref.cfg
File: hyperref.cfg 2002/06/06 v1.2 hyperref configuration of TeXLive
)
Package hyperref Info: Hyper figures OFF on input line 4062.
Package hyperref Info: Link nesting OFF on input line 4067.
Package hyperref Info: Hyper index ON on input line 4070.
Package hyperref Info: Plain pages OFF on input line 4077.
Package hyperref Info: Backreferencing OFF on input line 4082.
Package hyperref Info: Implicit mode ON; LaTeX internals redefined.
Package hyperref Info: Bookmarks ON on input line 4300.
\c@Hy@tempcnt=\count90

(/usr/local/texlive/2012/texmf-dist/tex/latex/url/url.sty
\Urlmuskip=\muskip10
Package: url 2006/04/12  ver 3.3  Verb mode for urls, etc.
)
LaTeX Info: Redefining \url on input line 4653.
\Fld@menulength=\count91
\Field@Width=\dimen104
\Fld@charsize=\dimen105
Package hyperref Info: Hyper figures OFF on input line 5773.
Package hyperref Info: Link nesting OFF on input line 5778.
Package hyperref Info: Hyper index ON on input line 5781.
Package hyperref Info: backreferencing OFF on input line 5788.
Package hyperref Info: Link coloring OFF on input line 5793.
Package hyperref Info: Link coloring with OCG OFF on input line 5798.
Package hyperref Info: PDF/A mode OFF on input line 5803.
LaTeX Info: Redefining \ref on input line 5843.
LaTeX Info: Redefining \pageref on input line 5847.
\Hy@abspage=\count92
\c@Item=\count93
\c@Hfootnote=\count94
)

Package hyperref Message: Driver (autodetected): hpdftex.

(/usr/local/texlive/2012/texmf-dist/tex/latex/hyperref/hpdftex.def
File: hpdftex.def 2012/05/13 v6.82q Hyperref driver for pdfTeX
\Fld@listcount=\count95
\c@bookmark@seq@number=\count96

(/usr/local/texlive/2012/texmf-dist/tex/latex/oberdiek/rerunfilecheck.sty
Package: rerunfilecheck 2011/04/15 v1.7 Rerun checks for auxiliary files (HO)
Package uniquecounter Info: New unique counter `rerunfilecheck' on input line 2
82.
)
\Hy@SectionHShift=\skip44
)
(/usr/local/texlive/2012/texmf-dist/tex/latex/amscls/amsthm.sty
Package: amsthm 2009/07/02 v2.20.1
\thm@style=\toks15
\thm@bodyfont=\toks16
\thm@headfont=\toks17
\thm@notefont=\toks18
\thm@headpunct=\toks19
\thm@preskip=\skip45
\thm@postskip=\skip46
\thm@headsep=\skip47
\dth@everypar=\toks20
)
(/usr/local/texlive/2012/texmf-dist/tex/latex/amsfonts/amsfonts.sty
Package: amsfonts 2009/06/22 v3.00 Basic AMSFonts support
\@emptytoks=\toks21
\symAMSa=\mathgroup4
\symAMSb=\mathgroup5
LaTeX Font Info:    Overwriting math alphabet `\mathfrak' in version `bold'
(Font)                  U/euf/m/n --> U/euf/b/n on input line 96.
)
(/usr/local/texlive/2012/texmf-dist/tex/latex/graphics/graphicx.sty
Package: graphicx 1999/02/16 v1.0f Enhanced LaTeX Graphics (DPC,SPQR)

(/usr/local/texlive/2012/texmf-dist/tex/latex/graphics/graphics.sty
Package: graphics 2009/02/05 v1.0o Standard LaTeX Graphics (DPC,SPQR)

(/usr/local/texlive/2012/texmf-dist/tex/latex/graphics/trig.sty
Package: trig 1999/03/16 v1.09 sin cos tan (DPC)
)
(/usr/local/texlive/2012/texmf-dist/tex/latex/latexconfig/graphics.cfg
File: graphics.cfg 2010/04/23 v1.9 graphics configuration of TeX Live
)
Package graphics Info: Driver file: pdftex.def on input line 91.

(/usr/local/texlive/2012/texmf-dist/tex/latex/pdftex-def/pdftex.def
File: pdftex.def 2011/05/27 v0.06d Graphics/color for pdfTeX
\Gread@gobject=\count97
))
\Gin@req@height=\dimen106
\Gin@req@width=\dimen107
)
(/usr/local/texlive/2012/texmf-dist/tex/latex/caption/caption.sty
Package: caption 2012/02/19 v3.2f Customizing captions (AR)

(/usr/local/texlive/2012/texmf-dist/tex/latex/caption/caption3.sty
Package: caption3 2012/01/12 v1.4b caption3 kernel (AR)
\captionmargin=\dimen108
\captionmargin@=\dimen109
\captionwidth=\dimen110
\caption@indent=\dimen111
\caption@parindent=\dimen112
\caption@hangindent=\dimen113
)
\c@ContinuedFloat=\count98
Package caption Info: hyperref package is loaded.
)
(/usr/local/texlive/2012/texmf-dist/tex/latex/caption/subcaption.sty
Package: subcaption 2012/01/12 v1.1d Sub-captions (AR)
\c@subfigure=\count99
\c@subtable=\count100
)
(/usr/local/texlive/2012/texmf-dist/tex/latex/amsmath/amsmath.sty
Package: amsmath 2000/07/18 v2.13 AMS math features
\@mathmargin=\skip48

For additional information on amsmath, use the `?' option.
(/usr/local/texlive/2012/texmf-dist/tex/latex/amsmath/amstext.sty
Package: amstext 2000/06/29 v2.01

(/usr/local/texlive/2012/texmf-dist/tex/latex/amsmath/amsgen.sty
File: amsgen.sty 1999/11/30 v2.0
\@emptytoks=\toks22
\ex@=\dimen114
))
(/usr/local/texlive/2012/texmf-dist/tex/latex/amsmath/amsbsy.sty
Package: amsbsy 1999/11/29 v1.2d
\pmbraise@=\dimen115
)
(/usr/local/texlive/2012/texmf-dist/tex/latex/amsmath/amsopn.sty
Package: amsopn 1999/12/14 v2.01 operator names
)
\inf@bad=\count101
LaTeX Info: Redefining \frac on input line 211.
\uproot@=\count102
\leftroot@=\count103
LaTeX Info: Redefining \overline on input line 307.
\classnum@=\count104
\DOTSCASE@=\count105
LaTeX Info: Redefining \ldots on input line 379.
LaTeX Info: Redefining \dots on input line 382.
LaTeX Info: Redefining \cdots on input line 467.
\Mathstrutbox@=\box26
\strutbox@=\box27
\big@size=\dimen116
LaTeX Font Info:    Redeclaring font encoding OML on input line 567.
LaTeX Font Info:    Redeclaring font encoding OMS on input line 568.
\macc@depth=\count106
\c@MaxMatrixCols=\count107
\dotsspace@=\muskip11
\c@parentequation=\count108
\dspbrk@lvl=\count109
\tag@help=\toks23
\row@=\count110
\column@=\count111
\maxfields@=\count112
\andhelp@=\toks24
\eqnshift@=\dimen117
\alignsep@=\dimen118
\tagshift@=\dimen119
\tagwidth@=\dimen120
\totwidth@=\dimen121
\lineht@=\dimen122
\@envbody=\toks25
\multlinegap=\skip49
\multlinetaggap=\skip50
\mathdisplay@stack=\toks26
LaTeX Info: Redefining \[ on input line 2666.
LaTeX Info: Redefining \] on input line 2667.
)
(/usr/local/texlive/2012/texmf-dist/tex/latex/algorithms/algorithmic.sty
Package: algorithmic 2009/08/24 v0.1 Document Style `algorithmic'

(/usr/local/texlive/2012/texmf-dist/tex/latex/base/ifthen.sty
Package: ifthen 2001/05/26 v1.1c Standard LaTeX ifthen package (DPC)
)
\c@ALC@unique=\count113
\c@ALC@line=\count114
\c@ALC@rem=\count115
\c@ALC@depth=\count116
\ALC@tlm=\skip51
\algorithmicindent=\skip52
)
(/usr/local/texlive/2012/texmf-dist/tex/latex/algorithm2e/algorithm2e.sty
Package: algorithm2e 2008/00/00 v3.10 algorithms environments
\c@AlgoLine=\count117

(/usr/local/texlive/2012/texmf-dist/tex/latex/tools/xspace.sty
Package: xspace 2009/10/20 v1.13 Space after command names (DPC,MH)
)
(/usr/local/texlive/2012/texmf-dist/tex/latex/relsize/relsize.sty
Package: relsize 2011/09/21 ver 4.0

Examine \normalsize starts \@setfontsize size may be \@xpt. 
Examine \small starts \@setfontsize size may be \@ixpt. 
Examine \footnotesize starts \@setfontsize size may be \@ixpt. 
Examine \large starts \@setfontsize size may be \@xipt. 
Examine \Large starts \@setfontsize size may be \@xiipt. 
Examine \LARGE starts \@setfontsize size may be \@xivpt. 
Examine \scriptsize starts \@setfontsize size may be \@viipt. 
Examine \tiny starts \@setfontsize size may be \@vipt. 
Examine \huge starts \@setfontsize size may be \@xviipt. 
Examine \Huge starts \@setfontsize size may be \@xxpt. )
********************************************************
Package `algorithm2e' Release 4.01 -- december 14 2009 --
- algorithm2e-announce@lirmm.fr mailing list for announcement about releases
- algorithm2e-discussion@lirmm.fr mailing list for discussion about package
subscribe by emailing sympa@lirmm.fr with 'subscribe <list> <firstname name>'
- Author: Christophe Fiorio (fiorio@lirmm.fr)
********************************************************
\skiptotal=\skip53
\skiplinenumber=\skip54
\skiprule=\skip55
\skiphlne=\skip56
\skiptext=\skip57
\skiplength=\skip58
\algomargin=\skip59
\skipalgocfslide=\skip60
\algowidth=\dimen123
\inoutsize=\dimen124
\inoutline=\dimen125
\interspacetitleruled=\dimen126
\interspacealgoruled=\dimen127
\interspacetitleboxruled=\dimen128
\algocf@inoutbox=\box28
\algocf@inputbox=\box29
\AlCapSkip=\skip61
\AlCapHSkip=\skip62
\algocf@nlbox=\box30
\algocf@hangingbox=\box31
\algocf@capbox=\box32
\algoheightruledefault=\skip63
\algoheightrule=\skip64
\algotitleheightruledefault=\skip65
\algotitleheightrule=\skip66
\c@algocfline=\count118
\c@algocfproc=\count119
\c@algocf=\count120
\algocf@algoframe=\box33
\algocf@algobox=\box34
) (/usr/local/texlive/2012/texmf-dist/tex/latex/tools/verbatim.sty
Package: verbatim 2003/08/22 v1.5q LaTeX2e package for verbatim enhancements
\every@verbatim=\toks27
\verbatim@line=\toks28
\verbatim@in@stream=\read1
)
\c@theorem=\count121
\c@proposition=\count122
\c@example=\count123
\paravsp=\dimen129

(./fastBayes.aux

LaTeX Warning: Label `fig:error-samples-bppl' multiply defined.


LaTeX Warning: Label `sub@fig:error-samples-bppl' multiply defined.

)
\openout1 = `fastBayes.aux'.

LaTeX Font Info:    Checking defaults for OML/cmm/m/it on input line 69.
LaTeX Font Info:    ... okay on input line 69.
LaTeX Font Info:    Checking defaults for T1/cmr/m/n on input line 69.
LaTeX Font Info:    ... okay on input line 69.
LaTeX Font Info:    Checking defaults for OT1/cmr/m/n on input line 69.
LaTeX Font Info:    ... okay on input line 69.
LaTeX Font Info:    Checking defaults for OMS/cmsy/m/n on input line 69.
LaTeX Font Info:    ... okay on input line 69.
LaTeX Font Info:    Checking defaults for OMX/cmex/m/n on input line 69.
LaTeX Font Info:    ... okay on input line 69.
LaTeX Font Info:    Checking defaults for U/cmr/m/n on input line 69.
LaTeX Font Info:    ... okay on input line 69.
LaTeX Font Info:    Checking defaults for PD1/pdf/m/n on input line 69.
LaTeX Font Info:    ... okay on input line 69.
LaTeX Font Info:    Try loading font information for OT1+ptm on input line 69.
 (/usr/local/texlive/2012/texmf-dist/tex/latex/psnfss/ot1ptm.fd
File: ot1ptm.fd 2001/06/04 font definitions for OT1/ptm.
)
\AtBeginShipoutBox=\box35
Package hyperref Info: Link coloring OFF on input line 69.

(/usr/local/texlive/2012/texmf-dist/tex/latex/hyperref/nameref.sty
Package: nameref 2010/04/30 v2.40 Cross-referencing by name of section

(/usr/local/texlive/2012/texmf-dist/tex/generic/oberdiek/gettitlestring.sty
Package: gettitlestring 2010/12/03 v1.4 Cleanup title references (HO)
)
\c@section@level=\count124
)
LaTeX Info: Redefining \ref on input line 69.
LaTeX Info: Redefining \pageref on input line 69.
LaTeX Info: Redefining \nameref on input line 69.

(./fastBayes.out) (./fastBayes.out)
\@outlinefile=\write3
\openout3 = `fastBayes.out'.


(/usr/local/texlive/2012/texmf-dist/tex/context/base/supp-pdf.mkii
[Loading MPS to PDF converter (version 2006.09.02).]
\scratchcounter=\count125
\scratchdimen=\dimen130
\scratchbox=\box36
\nofMPsegments=\count126
\nofMParguments=\count127
\everyMPshowfont=\toks29
\MPscratchCnt=\count128
\MPscratchDim=\dimen131
\MPnumerator=\count129
\makeMPintoPDFobject=\count130
\everyMPtoPDFconversion=\toks30
) (/usr/local/texlive/2012/texmf-dist/tex/latex/oberdiek/epstopdf-base.sty
Package: epstopdf-base 2010/02/09 v2.5 Base part for package epstopdf

(/usr/local/texlive/2012/texmf-dist/tex/latex/oberdiek/grfext.sty
Package: grfext 2010/08/19 v1.1 Manage graphics extensions (HO)
)
Package grfext Info: Graphics extension search list:
(grfext)             [.png,.pdf,.jpg,.mps,.jpeg,.jbig2,.jb2,.PNG,.PDF,.JPG,.JPE
G,.JBIG2,.JB2,.eps]
(grfext)             \AppendGraphicsExtensions on input line 452.

(/usr/local/texlive/2012/texmf-dist/tex/latex/latexconfig/epstopdf-sys.cfg
File: epstopdf-sys.cfg 2010/07/13 v1.3 Configuration of (r)epstopdf for TeX Liv
e
))
Package caption Info: Begin \AtBeginDocument code.
Package caption Info: End \AtBeginDocument code.
LaTeX Font Info:    Font shape `OT1/ptm/bx/n' in size <14.4> not available
(Font)              Font shape `OT1/ptm/b/n' tried instead on input line 72.
LaTeX Font Info:    Try loading font information for U+msa on input line 72.

(/usr/local/texlive/2012/texmf-dist/tex/latex/amsfonts/umsa.fd
File: umsa.fd 2009/06/22 v3.00 AMS symbols A
)
LaTeX Font Info:    Try loading font information for U+msb on input line 72.

(/usr/local/texlive/2012/texmf-dist/tex/latex/amsfonts/umsb.fd
File: umsb.fd 2009/06/22 v3.00 AMS symbols B
)
LaTeX Font Info:    Font shape `OT1/ptm/bx/n' in size <12> not available
(Font)              Font shape `OT1/ptm/b/n' tried instead on input line 72.


LaTeX Warning: No \author given.

LaTeX Font Info:    Try loading font information for OMS+ptm on input line 72.
(/usr/local/texlive/2012/texmf-dist/tex/latex/psnfss/omsptm.fd
File: omsptm.fd 
)
LaTeX Font Info:    Font shape `OMS/ptm/m/n' in size <9> not available
(Font)              Font shape `OMS/cmsy/m/n' tried instead on input line 72.
LaTeX Font Info:    Font shape `OT1/ptm/bx/n' in size <10> not available
(Font)              Font shape `OT1/ptm/b/n' tried instead on input line 73.
 (./abstract.tex) (./intro.tex
Underfull \hbox (badness 1320) in paragraph at lines 3--13
\OT1/ptm/m/n/10 Many Bayesian in-fer-ence prob-lems such as pref-er-ence
 []

<pic/pref2w.pdf, id=30, 353.32pt x 272.4258pt>
File: pic/pref2w.pdf Graphic file (type pdf)
 <use pic/pref2w.pdf>
Package pdftex.def Info: pic/pref2w.pdf used on input line 24.
(pdftex.def)             Requested size: 121.41637pt x 93.61703pt.

<pic/running1.pdf, id=31, 938.70702pt x 224.84pt>
File: pic/running1.pdf Graphic file (type pdf)
 <use pic/running1.pdf>
Package pdftex.def Info: pic/running1.pdf used on input line 43.
(pdftex.def)             Requested size: 384.47362pt x 92.08893pt.

Overfull \hbox (1.90001pt too wide) in paragraph at lines 22--59
[]$[]$ $[]$ 
 []

LaTeX Font Info:    Font shape `OT1/ptm/bx/n' in size <9> not available
(Font)              Font shape `OT1/ptm/b/n' tried instead on input line 59.

Underfull \hbox (badness 10000) in paragraph at lines 113--113
\OT1/ptm/b/n/10 Example 1 \OT1/ptm/m/n/10 (Bayesian pair-wise pref-er-ence lear
n-ing
 []


Underfull \hbox (badness 6188) in paragraph at lines 113--113
\OT1/ptm/m/n/10 (BPPL))\OT1/ptm/b/n/10 . \OT1/ptm/m/n/10 Sup-pose each \OT1/ptm
/m/it/10 item $[]$ \OT1/ptm/m/n/10 is mod-eled by an
 []


Underfull \hbox (badness 10000) in paragraph at lines 113--113
\OML/cmm/m/it/10 N$\OT1/ptm/m/n/10 -dimensional real-valued \OT1/ptm/m/it/10 at
-tribute choice vec-tor
 []

LaTeX Font Info:    Font shape `OMS/ptm/m/n' in size <10> not available
(Font)              Font shape `OMS/cmsy/m/n' tried instead on input line 113.

LaTeX Font Warning: Command \footnotesize invalid in math mode on input line 11
3.


LaTeX Font Warning: Command \footnotesize invalid in math mode on input line 11
3.


Underfull \hbox (badness 2343) in paragraph at lines 113--113
\OT1/ptm/m/n/10 te-rior be-lief over the user's at-tribute weights is pro-
 []


Underfull \hbox (badness 2635) in paragraph at lines 113--113
\OT1/ptm/m/n/10 vided by the stan-dard Bayesian in-fer-ence ex-pres-sion:
 []

[1{/usr/local/texlive/2012/texmf-var/fonts/map/pdftex/updmap/pdftex.map}



])
(./bayesian_inference.tex
Overfull \hbox (8.58203pt too wide) detected at line 13
\OML/cmm/m/it/10 pr\OT1/cmr/m/n/10 ([]\OMS/cmsy/m/n/10 j \OML/cmm/m/it/10 d[]; 
[] ; d[]\OT1/cmr/m/n/10 ) \OMS/cmsy/m/n/10 / \OML/cmm/m/it/10 pr\OT1/cmr/m/n/10
 ([]\OML/cmm/m/it/10 ;  d[]; [] ; d[]\OT1/cmr/m/n/10 ) = \OML/cmm/m/it/10 pr\OT
1/cmr/m/n/10 ([]) \OMS/cmsy/m/n/10 ^^A [] \OML/cmm/m/it/10 pr\OT1/cmr/m/n/10 (\
OML/cmm/m/it/10 d[]\OMS/cmsy/m/n/10 j[]\OT1/cmr/m/n/10 )\OML/cmm/m/it/10 ;
 []


LaTeX Font Warning: Command \footnotesize invalid in math mode on input line 29
.


Overfull \hbox (10.05751pt too wide) in paragraph at lines 80--80
[] 
 []


Underfull \hbox (badness 1097) in paragraph at lines 92--101
\OT1/ptm/m/n/10 na-tive op-tion is to seek \OT1/ptm/m/it/10 asymp-tot-i-cally u
n-bi-ased \OT1/ptm/m/n/10 in-fer-
 []

[2 <./pic/pref2w.pdf> <./pic/running1.pdf

pdfTeX warning: /usr/texbin/pdflatex (file ./pic/running1.pdf): PDF inclusion: 
multiple pdfs with page group included in a single page
>]
Underfull \hbox (badness 10000) in paragraph at lines 112--121
[]\OT1/ptm/m/it/10 Metropolis-Hastings (MH)\OT1/ptm/m/n/10 : To gen-er-ate a ne
w
 []


Underfull \hbox (badness 8094) in paragraph at lines 112--121
\OT1/ptm/m/n/10 Markov Chain Monte Carlo (MCMC) sam-ple $[][]$
 []


Underfull \hbox (badness 2027) in paragraph at lines 112--121
\OT1/ptm/m/n/10 of a dis-tri-bu-tion $\OML/cmm/m/it/10 p\OT1/cmr/m/n/10 ([])$ \
OT1/ptm/m/n/10 given a pre-vi-ously taken sam-
 []


Underfull \hbox (badness 7685) in paragraph at lines 112--121
\OT1/ptm/m/n/10 ple $[][]$, firstly, a sam-ple $[][]$ is taken from a
 []


Underfull \hbox (badness 10000) in paragraph at lines 112--121
\OT1/ptm/m/n/10 sym-met-ric \OT1/ptm/m/it/10 pro-posal den-sity $\OML/cmm/m/it/
10 q\OT1/cmr/m/n/10 ([]\OMS/cmsy/m/n/10 j [][]\OT1/cmr/m/n/10 )$ \OT1/ptm/m/n/1
0 (of-ten an
 []


Underfull \hbox (badness 1558) in paragraph at lines 112--121
\OT1/ptm/m/n/10 isotropic \OT1/ptm/m/it/10 Gaus-sian \OT1/ptm/m/n/10 cen-tered 
at $[][]$). With prob-a-bil-
 []

) (./mixture.tex <pic/naive.pdf, id=217, 157.99025pt x 257.1688pt>
File: pic/naive.pdf Graphic file (type pdf)

<use pic/naive.pdf>
Package pdftex.def Info: pic/naive.pdf used on input line 9.
(pdftex.def)             Requested size: 64.34834pt x 104.74532pt.
 <pic/naive-mix2.pdf, id=218, 198.14024pt x 257.1688pt>
File: pic/naive-mix2.pdf Graphic file (type pdf)

<use pic/naive-mix2.pdf>
Package pdftex.def Info: pic/naive-mix2.pdf used on input line 15.
(pdftex.def)             Requested size: 80.43542pt x 104.4pt.


LaTeX Font Warning: Command \footnotesize invalid in math mode on input line 67
.


LaTeX Font Warning: Command \footnotesize invalid in math mode on input line 67
.


LaTeX Font Warning: Command \footnotesize invalid in math mode on input line 67
.


LaTeX Font Warning: Command \footnotesize invalid in math mode on input line 67
.


Overfull \hbox (8.32298pt too wide) in paragraph at lines 67--67
[] 
 []


Underfull \vbox (badness 1436) has occurred while \output is active []

 [3 <./pic/naive.pdf> <./pic/naive-mix2.pdf

pdfTeX warning: /usr/texbin/pdflatex (file ./pic/naive-mix2.pdf): PDF inclusion
: multiple pdfs with page group included in a single page
>]

LaTeX Font Warning: Command \footnotesize invalid in math mode on input line 22
2.


LaTeX Font Warning: Command \footnotesize invalid in math mode on input line 26
4.


LaTeX Font Warning: Command \footnotesize invalid in math mode on input line 26
4.


LaTeX Font Warning: Command \footnotesize invalid in math mode on input line 26
4.


LaTeX Font Warning: Command \footnotesize invalid in math mode on input line 26
4.


LaTeX Font Warning: Command \footnotesize invalid in math mode on input line 26
4.


LaTeX Font Warning: Command \footnotesize invalid in math mode on input line 26
4.


Overfull \hbox (23.04512pt too wide) in paragraph at lines 264--264
[] 
 []

LaTeX Font Info:    Font shape `OT1/ptm/bx/n' in size <10.95> not available
(Font)              Font shape `OT1/ptm/b/n' tried instead on input line 269.
<pic/colxx.pdf, id=294, 259.36899pt x 195.129pt>
File: pic/colxx.pdf Graphic file (type pdf)
 <use pic/colxx.pdf>
Package pdftex.def Info: pic/colxx.pdf used on input line 274.
(pdftex.def)             Requested size: 126.47249pt x 95.14658pt.

Underfull \hbox (badness 1442) in paragraph at lines 301--318
\OT1/ptm/m/n/10 Blocked sam-pling: at each step of Gibbs sam-pling, a
 []


Underfull \hbox (badness 2326) in paragraph at lines 301--318
\OT1/ptm/m/n/10 one aux-il-iary vari-able $\OML/cmm/m/it/10 k[]$ \OT1/ptm/m/n/1
0 con-di-tioned on the re-main-
 []


Underfull \hbox (badness 2744) in paragraph at lines 301--318
\OT1/ptm/m/n/10 ing vari-ables: $\OT1/cmr/m/n/10 ([][]\OML/cmm/m/it/10 ; k[]\OT
1/cmr/m/n/10 ) \OMS/cmsy/m/n/10 ^^X \OML/cmm/m/it/10 pr\OT1/cmr/m/n/10 ([][]\OM
L/cmm/m/it/10 ; k[]\OMS/cmsy/m/n/10 j [][]\OML/cmm/m/it/10 ; [][]\OT1/cmr/m/n/1
0 )$\OT1/ptm/m/n/10 . Since
 []


Underfull \hbox (badness 1810) in paragraph at lines 357--367
[]\OT1/ptm/m/n/10 Consider find-ing a proper $\OML/cmm/m/it/10 k[]$ \OT1/ptm/m/
n/10 for blocked sam-pling
 []

) (./experiment.tex <pic/market4w.pdf, id=303, 484.209pt x 344.6958pt>
File: pic/market4w.pdf Graphic file (type pdf)

<use pic/market4w.pdf>
Package pdftex.def Info: pic/market4w.pdf used on input line 14.
(pdftex.def)             Requested size: 159.35703pt x 113.43964pt.
 <pic/elipsePrior.png, id=304, 336.50719pt x 343.2825pt>
File: pic/elipsePrior.png Graphic file (type png)

<use pic/elipsePrior.png>
Package pdftex.def Info: pic/elipsePrior.png used on input line 21.
(pdftex.def)             Requested size: 99.5623pt x 101.56602pt.
 <pic/MM2.png, id=305, 337.26pt x 379.4175pt>
File: pic/MM2.png Graphic file (type png)

<use pic/MM2.png>
Package pdftex.def Info: pic/MM2.png used on input line 27.
(pdftex.def)             Requested size: 97.13345pt x 109.26984pt.

Overfull \hbox (3.43835pt too wide) in paragraph at lines 12--32
 []$$[]$ 
 []

[4 <./pic/colxx.pdf>]

LaTeX Font Warning: Command \footnotesize invalid in math mode on input line 15
0.


LaTeX Font Warning: Command \footnotesize invalid in math mode on input line 15
0.


LaTeX Font Warning: Command \footnotesize invalid in math mode on input line 15
0.


LaTeX Font Warning: Command \footnotesize invalid in math mode on input line 15
0.


LaTeX Font Warning: Command \footnotesize invalid in math mode on input line 15
0.


LaTeX Font Warning: Command \footnotesize invalid in math mode on input line 15
0.


Underfull \vbox (badness 10000) has occurred while \output is active []



LaTeX Font Warning: Command \footnotesize invalid in math mode on input line 15
0.


LaTeX Font Warning: Command \footnotesize invalid in math mode on input line 15
0.


LaTeX Font Warning: Command \footnotesize invalid in math mode on input line 15
0.


LaTeX Font Warning: Command \footnotesize invalid in math mode on input line 15
0.


Overfull \hbox (19.18703pt too wide) in alignment at lines 150--150
 [][][] []
 []

<plot/bppl_data_analysis_fit.pdf, id=421, 369.38pt x 297.11pt>
File: plot/bppl_data_analysis_fit.pdf Graphic file (type pdf)

<use plot/bppl_data_analysis_fit.pdf>
Package pdftex.def Info: plot/bppl_data_analysis_fit.pdf used on input line 163
.
(pdftex.def)             Requested size: 194.25993pt x 120.00247pt.

<plot/bppl_dim_analysis_fit.pdf, id=422, 369.38pt x 297.11pt>
File: plot/bppl_dim_analysis_fit.pdf Graphic file (type pdf)

<use plot/bppl_dim_analysis_fit.pdf>
Package pdftex.def Info: plot/bppl_dim_analysis_fit.pdf used on input line 170.

(pdftex.def)             Requested size: 194.25993pt x 120.00247pt.

<plot/mmm_data_analysis2.pdf, id=423, 369.38pt x 297.11pt>
File: plot/mmm_data_analysis2.pdf Graphic file (type pdf)

<use plot/mmm_data_analysis2.pdf>
Package pdftex.def Info: plot/mmm_data_analysis2.pdf used on input line 182.
(pdftex.def)             Requested size: 194.25993pt x 120.00247pt.

<plot/mmm_dim_analysis10.pdf, id=424, 369.38pt x 297.11pt>
File: plot/mmm_dim_analysis10.pdf Graphic file (type pdf)

<use plot/mmm_dim_analysis10.pdf>
Package pdftex.def Info: plot/mmm_dim_analysis10.pdf used on input line 188.
(pdftex.def)             Requested size: 194.25993pt x 120.00247pt.
 [5 <./pic/market4w.pdf> <./pic/elipsePrior.png> <./pic/MM2.png>]) (./conclusio
n.tex
Underfull \vbox (badness 10000) has occurred while \output is active []

) [6 <./plot/bppl_data_analysis_fit.pdf> <./plot/bppl_dim_analysis_fit.pdf

pdfTeX warning: /usr/texbin/pdflatex (file ./plot/bppl_dim_analysis_fit.pdf): P
DF inclusion: multiple pdfs with page group included in a single page
> <./plot/mmm_data_analysis2.pdf

pdfTeX warning: /usr/texbin/pdflatex (file ./plot/mmm_data_analysis2.pdf): PDF 
inclusion: multiple pdfs with page group included in a single page
> <./plot/mmm_dim_analysis10.pdf

pdfTeX warning: /usr/texbin/pdflatex (file ./plot/mmm_dim_analysis10.pdf): PDF 
inclusion: multiple pdfs with page group included in a single page
>] (./fastBayes.bbl
Underfull \hbox (badness 1874) in paragraph at lines 17--22
[]\OT1/ptm/m/n/10 Keeney, R. L., and Raiffa, H.
 []


Underfull \hbox (badness 2573) in paragraph at lines 24--29
[]\OT1/ptm/m/n/10 Poon, H., and Domin-gos, P.
 []

)
Package atveryend Info: Empty hook `BeforeClearDocument' on input line 103.
 [7


]
Package atveryend Info: Empty hook `AfterLastShipout' on input line 103.
 (./fastBayes.aux)
Package atveryend Info: Executing hook `AtVeryEndDocument' on input line 103.
Package atveryend Info: Executing hook `AtEndAfterFileList' on input line 103.
Package rerunfilecheck Info: File `fastBayes.out' has not changed.
(rerunfilecheck)             Checksum: 2BAC9D90DF9472415B0A13374E3154AB;417.


LaTeX Warning: There were multiply-defined labels.

Package atveryend Info: Empty hook `AtVeryVeryEnd' on input line 103.
 ) 
Here is how much of TeX's memory you used:
 8341 strings out of 493488
 123466 string characters out of 3141326
 255644 words of memory out of 3000000
 11451 multiletter control sequences out of 15000+200000
 40949 words of font info for 87 fonts, out of 3000000 for 9000
 957 hyphenation exceptions out of 8191
 36i,20n,38p,2116b,442s stack positions out of 5000i,500n,10000p,200000b,50000s
{/usr/local/texlive/2012/texmf-dist/fonts/enc/dvips/base/8r.enc}</usr/local/t
exlive/2012/texmf-dist/fonts/type1/public/amsfonts/cm/cmex10.pfb></usr/local/te
xlive/2012/texmf-dist/fonts/type1/public/amsfonts/cmextra/cmex9.pfb></usr/local
/texlive/2012/texmf-dist/fonts/type1/public/amsfonts/cm/cmmi10.pfb></usr/local/
texlive/2012/texmf-dist/fonts/type1/public/amsfonts/cm/cmmi5.pfb></usr/local/te
xlive/2012/texmf-dist/fonts/type1/public/amsfonts/cm/cmmi6.pfb></usr/local/texl
ive/2012/texmf-dist/fonts/type1/public/amsfonts/cm/cmmi7.pfb></usr/local/texliv
e/2012/texmf-dist/fonts/type1/public/amsfonts/cm/cmmi9.pfb></usr/local/texlive/
2012/texmf-dist/fonts/type1/public/amsfonts/cm/cmmib10.pfb></usr/local/texlive/
2012/texmf-dist/fonts/type1/public/amsfonts/cmextra/cmmib6.pfb></usr/local/texl
ive/2012/texmf-dist/fonts/type1/public/amsfonts/cmextra/cmmib7.pfb></usr/local/
texlive/2012/texmf-dist/fonts/type1/public/amsfonts/cmextra/cmmib9.pfb></usr/lo
cal/texlive/2012/texmf-dist/fonts/type1/public/amsfonts/cm/cmr10.pfb></usr/loca
l/texlive/2012/texmf-dist/fonts/type1/public/amsfonts/cm/cmr5.pfb></usr/local/t
exlive/2012/texmf-dist/fonts/type1/public/amsfonts/cm/cmr6.pfb></usr/local/texl
ive/2012/texmf-dist/fonts/type1/public/amsfonts/cm/cmr7.pfb></usr/local/texlive
/2012/texmf-dist/fonts/type1/public/amsfonts/cm/cmr9.pfb></usr/local/texlive/20
12/texmf-dist/fonts/type1/public/amsfonts/cm/cmsy10.pfb></usr/local/texlive/201
2/texmf-dist/fonts/type1/public/amsfonts/cm/cmsy6.pfb></usr/local/texlive/2012/
texmf-dist/fonts/type1/public/amsfonts/cm/cmsy7.pfb></usr/local/texlive/2012/te
xmf-dist/fonts/type1/public/amsfonts/cm/cmsy9.pfb></usr/local/texlive/2012/texm
f-dist/fonts/type1/public/amsfonts/symbols/msbm10.pfb></usr/local/texlive/2012/
texmf-dist/fonts/type1/urw/times/utmb8a.pfb></usr/local/texlive/2012/texmf-dist
/fonts/type1/urw/times/utmr8a.pfb></usr/local/texlive/2012/texmf-dist/fonts/typ
e1/urw/times/utmri8a.pfb>
Output written on fastBayes.pdf (7 pages, 575303 bytes).
PDF statistics:
 758 PDF objects out of 1000 (max. 8388607)
 516 compressed objects within 6 object streams
 45 named destinations out of 1000 (max. 500000)
 109 words of extra memory for PDF output out of 10000 (max. 10000000)

