This is pdfeTeXk, Version 3.141592-1.21a-2.2 (Web2C 7.5.4) (format=pdflatex 2008.12.23)  19 APR 2012 01:49
entering extended mode
 file:line:error style messages enabled.
 %&-line parsing enabled.
**sve
(./sve.tex
LaTeX2e <2003/12/01>
Babel <v3.8d> and hyphenation patterns for american, french, german, ngerman, b
ahasa, basque, bulgarian, catalan, croatian, czech, danish, dutch, esperanto, e
stonian, finnish, greek, icelandic, irish, italian, latin, magyar, norsk, polis
h, portuges, romanian, russian, serbian, slovak, slovene, spanish, swedish, tur
kish, ukrainian, nohyphenation, loaded.
(/usr/share/texmf/tex/latex/base/article.cls
Document Class: article 2004/02/16 v1.4f Standard LaTeX document class
(/usr/share/texmf/tex/latex/base/size10.clo
File: size10.clo 2004/02/16 v1.4f Standard LaTeX file (size option)
)
\c@part=\count79
\c@section=\count80
\c@subsection=\count81
\c@subsubsection=\count82
\c@paragraph=\count83
\c@subparagraph=\count84
\c@figure=\count85
\c@table=\count86
\abovecaptionskip=\skip41
\belowcaptionskip=\skip42
\bibindent=\dimen102
) (./aaai.sty
Conference Style for AAAI for LaTeX 2e -- version of 7 December 2011
\titlebox=\skip43
) (/usr/share/texmf/tex/latex/psnfss/times.sty
Package: times 2004/09/15 PSNFSS-v9.2 (SPQR) 
)
(/usr/share/texmf/tex/latex/psnfss/helvet.sty
Package: helvet 2004/09/15 PSNFSS-v9.2 (WaS) 

(/usr/share/texmf/tex/latex/graphics/keyval.sty
Package: keyval 1999/03/16 v1.13 key=value parser (DPC)
\KV@toks@=\toks14
))
(/usr/share/texmf/tex/latex/psnfss/courier.sty
Package: courier 2004/09/15 PSNFSS-v9.2 (WaS) 
)
(/usr/share/texmf/tex/latex/amsmath/amsmath.sty
Package: amsmath 2000/07/18 v2.13 AMS math features
\@mathmargin=\skip44

For additional information on amsmath, use the `?' option.
(/usr/share/texmf/tex/latex/amsmath/amstext.sty
Package: amstext 2000/06/29 v2.01

(/usr/share/texmf/tex/latex/amsmath/amsgen.sty
File: amsgen.sty 1999/11/30 v2.0
\@emptytoks=\toks15
\ex@=\dimen103
))
(/usr/share/texmf/tex/latex/amsmath/amsbsy.sty
Package: amsbsy 1999/11/29 v1.2d
\pmbraise@=\dimen104
)
(/usr/share/texmf/tex/latex/amsmath/amsopn.sty
Package: amsopn 1999/12/14 v2.01 operator names
)
\inf@bad=\count87
LaTeX Info: Redefining \frac on input line 211.
\uproot@=\count88
\leftroot@=\count89
LaTeX Info: Redefining \overline on input line 307.
\classnum@=\count90
\DOTSCASE@=\count91
LaTeX Info: Redefining \ldots on input line 379.
LaTeX Info: Redefining \dots on input line 382.
LaTeX Info: Redefining \cdots on input line 467.
\Mathstrutbox@=\box26
\strutbox@=\box27
\big@size=\dimen105
LaTeX Font Info:    Redeclaring font encoding OML on input line 567.
LaTeX Font Info:    Redeclaring font encoding OMS on input line 568.
\macc@depth=\count92
\c@MaxMatrixCols=\count93
\dotsspace@=\muskip10
\c@parentequation=\count94
\dspbrk@lvl=\count95
\tag@help=\toks16
\row@=\count96
\column@=\count97
\maxfields@=\count98
\andhelp@=\toks17
\eqnshift@=\dimen106
\alignsep@=\dimen107
\tagshift@=\dimen108
\tagwidth@=\dimen109
\totwidth@=\dimen110
\lineht@=\dimen111
\@envbody=\toks18
\multlinegap=\skip45
\multlinetaggap=\skip46
\mathdisplay@stack=\toks19
LaTeX Info: Redefining \[ on input line 2666.
LaTeX Info: Redefining \] on input line 2667.
)
(/usr/share/texmf/tex/latex/amsfonts/amsfonts.sty
Package: amsfonts 2001/10/25 v2.2f
\symAMSa=\mathgroup4
\symAMSb=\mathgroup5
LaTeX Font Info:    Overwriting math alphabet `\mathfrak' in version `bold'
(Font)                  U/euf/m/n --> U/euf/b/n on input line 132.
)
(/usr/share/texmf/tex/latex/amsfonts/amssymb.sty
Package: amssymb 2002/01/22 v2.2d
)
(/usr/share/texmf/tex/latex/amscls/amsthm.sty
Package: amsthm 2004/08/06 v2.20
\thm@style=\toks20
\thm@bodyfont=\toks21
\thm@headfont=\toks22
\thm@notefont=\toks23
\thm@headpunct=\toks24
\thm@preskip=\skip47
\thm@postskip=\skip48
\thm@headsep=\skip49
\dth@everypar=\toks25
)
(/usr/share/texmf/tex/latex/tools/array.sty
Package: array 2003/12/17 v2.4a Tabular extension package (FMi)
\col@sep=\dimen112
\extrarowheight=\dimen113
\NC@list=\toks26
\extratabsurround=\skip50
\backup@length=\skip51
)
(/usr/share/texmf/tex/latex/graphics/epsfig.sty
Package: epsfig 1999/02/16 v1.7a (e)psfig emulation (SPQR)

(/usr/share/texmf/tex/latex/graphics/graphicx.sty
Package: graphicx 1999/02/16 v1.0f Enhanced LaTeX Graphics (DPC,SPQR)

(/usr/share/texmf/tex/latex/graphics/graphics.sty
Package: graphics 2001/07/07 v1.0n Standard LaTeX Graphics (DPC,SPQR)

(/usr/share/texmf/tex/latex/graphics/trig.sty
Package: trig 1999/03/16 v1.09 sin cos tan (DPC)
)
(/usr/share/texmf/tex/latex/graphics/graphics.cfg
File: graphics.cfg 2005/02/03 v1.3 graphics configuration of teTeX/TeXLive
)
Package graphics Info: Driver file: pdftex.def on input line 80.

(/usr/share/texmf/tex/latex/graphics/pdftex.def
File: pdftex.def 2002/06/19 v0.03k graphics/color for pdftex
\Gread@gobject=\count99
))
\Gin@req@height=\dimen114
\Gin@req@width=\dimen115
)
\epsfxsize=\dimen116
\epsfysize=\dimen117
)
(/usr/share/texmf/tex/latex/subfigure/subfigure.sty
Package: subfigure 2002/07/30 v2.1.4 subfigure package
\subfigtopskip=\skip52
\subfigcapskip=\skip53
\subfigcaptopadj=\dimen118
\subfigbottomskip=\skip54
\subfigcapmargin=\dimen119
\subfiglabelskip=\skip55
\c@subfigure=\count100
\c@lofdepth=\count101
\c@subtable=\count102
\c@lotdepth=\count103

****************************************
* Local config file subfigure.cfg used *
****************************************
(/usr/share/texmf/tex/latex/subfigure/subfigure.cfg)
\subfig@top=\skip56
\subfig@bottom=\skip57
) (./algorithm2e.sty
Package: algorithm2e 2005/10/04 v3.9 algorithms environments
\c@AlgoLine=\count104

(/usr/share/texmf/tex/latex/base/ifthen.sty
Package: ifthen 2001/05/26 v1.1c Standard LaTeX ifthen package (DPC)
)
(/usr/share/texmf/tex/latex/tools/xspace.sty
Package: xspace 1997/10/13 v1.06 Space after command names (DPC)
)
********************************************************
Package `algorithm2e' Release 3.9 -- october 04 2005 --
- algorithm2e-announce@lirmm.fr mailing list for announcement about releases
- algorithm2e-discussion@lirmm.fr mailing list for discussion about package
subscribe by emailing sympa@lirmm.fr with 'subscribe <list> <firstname name>'
- Author: Christophe Fiorio (fiorio@lirmm.fr)
********************************************************
\skiptotal=\skip58
\skiprule=\skip59
\skiphlne=\skip60
\skiptext=\skip61
\skiplength=\skip62
\algomargin=\skip63
\skipalgocfslide=\skip64
\algowidth=\dimen120
\inoutsize=\dimen121
\inoutline=\dimen122
\algocf@inoutbox=\box28
\algocf@inputbox=\box29
\AlCapSkip=\skip65
\AlCapHSkip=\skip66
\algocf@capbox=\box30
\c@algocfline=\count105
\c@algocf=\count106
\algocf@algoframe=\box31
\algocf@algobox=\box32
)
\c@lemma=\count107
\c@restr=\count108
 (./sve.aux)
\openout1 = `sve.aux'.

LaTeX Font Info:    Checking defaults for OML/cmm/m/it on input line 71.
LaTeX Font Info:    ... okay on input line 71.
LaTeX Font Info:    Checking defaults for T1/cmr/m/n on input line 71.
LaTeX Font Info:    ... okay on input line 71.
LaTeX Font Info:    Checking defaults for OT1/cmr/m/n on input line 71.
LaTeX Font Info:    ... okay on input line 71.
LaTeX Font Info:    Checking defaults for OMS/cmsy/m/n on input line 71.
LaTeX Font Info:    ... okay on input line 71.
LaTeX Font Info:    Checking defaults for OMX/cmex/m/n on input line 71.
LaTeX Font Info:    ... okay on input line 71.
LaTeX Font Info:    Checking defaults for U/cmr/m/n on input line 71.
LaTeX Font Info:    ... okay on input line 71.
LaTeX Font Info:    Try loading font information for OT1+ptm on input line 71.
 (/usr/share/texmf/tex/latex/psnfss/ot1ptm.fd
File: ot1ptm.fd 2001/06/04 font definitions for OT1/ptm.
)
(/usr/share/texmf/tex/context/base/supp-pdf.tex
(/usr/share/texmf/tex/context/base/supp-mis.tex
loading : Context Support Macros / Miscellaneous (2004.10.26)
\protectiondepth=\count109
\scratchcounter=\count110
\scratchtoks=\toks27
\scratchdimen=\dimen123
\scratchskip=\skip67
\scratchmuskip=\muskip11
\scratchbox=\box33
\scratchread=\read1
\scratchwrite=\write3
\zeropoint=\dimen124
\onepoint=\dimen125
\onebasepoint=\dimen126
\minusone=\count111
\thousandpoint=\dimen127
\onerealpoint=\dimen128
\emptytoks=\toks28
\nextbox=\box34
\nextdepth=\dimen129
\everyline=\toks29
\!!counta=\count112
\!!countb=\count113
\recursecounter=\count114
)
loading : Context Support Macros / PDF (2004.03.26)
\nofMPsegments=\count115
\nofMParguments=\count116
\MPscratchCnt=\count117
\MPscratchDim=\dimen130
\MPnumerator=\count118
\everyMPtoPDFconversion=\toks30
)
LaTeX Font Info:    Font shape `OT1/ptm/bx/n' in size <14.4> not available
(Font)              Font shape `OT1/ptm/b/n' tried instead on input line 92.
LaTeX Font Info:    Try loading font information for U+msa on input line 92.
 (/usr/share/texmf/tex/latex/amsfonts/umsa.fd
File: umsa.fd 2002/01/19 v2.2g AMS font definitions
)
LaTeX Font Info:    Try loading font information for U+msb on input line 92.

(/usr/share/texmf/tex/latex/amsfonts/umsb.fd
File: umsb.fd 2002/01/19 v2.2g AMS font definitions
)
LaTeX Font Info:    Font shape `OT1/ptm/bx/n' in size <12> not available
(Font)              Font shape `OT1/ptm/b/n' tried instead on input line 92.
LaTeX Font Info:    Try loading font information for OT1+pcr on input line 92.

(/usr/share/texmf/tex/latex/psnfss/ot1pcr.fd
File: ot1pcr.fd 2001/06/04 font definitions for OT1/pcr.
)
LaTeX Font Info:    Try loading font information for OMS+ptm on input line 92.

(/usr/share/texmf/tex/latex/psnfss/omsptm.fd
File: omsptm.fd 
)
LaTeX Font Info:    Font shape `OMS/ptm/m/n' in size <9> not available
(Font)              Font shape `OMS/cmsy/m/n' tried instead on input line 92.
LaTeX Font Info:    Font shape `OT1/ptm/bx/n' in size <10> not available
(Font)              Font shape `OT1/ptm/b/n' tried instead on input line 93.

<Figs/gm2.pdf, id=1, 386.44376pt x 97.36375pt>
File: Figs/gm2.pdf Graphic file (type pdf)
 <use Figs/gm2.pdf>
Overfull \hbox (3.43065pt too wide) in paragraph at lines 164--165
 [] 
 []

[1{/var/lib/texmf/fonts/map/pdftex/updmap/pdftex.map}



 <./Figs/gm2.pdf>]
LaTeX Font Info:    Font shape `OT1/ptm/bx/n' in size <10.95> not available
(Font)              Font shape `OT1/ptm/b/n' tried instead on input line 237.

Underfull \hbox (badness 1845) in paragraph at lines 308--320
\OT1/ptm/m/n/10 from a sub-set of $\OT1/cmr/m/n/10 (\OT1/cmr/bx/n/10 b\OML/cmm/
m/it/10 ; \OT1/cmr/bx/n/10 x\OT1/cmr/m/n/10 )$\OT1/ptm/m/n/10 , we wish to in-f
er the \OT1/ptm/m/it/10 ex-act
 []

LaTeX Font Info:    Font shape `OT1/ptm/bx/n' in size <7> not available
(Font)              Font shape `OT1/ptm/b/n' tried instead on input line 412.
LaTeX Font Info:    Font shape `OT1/ptm/bx/n' in size <9> not available
(Font)              Font shape `OT1/ptm/b/n' tried instead on input line 412.

Underfull \hbox (badness 10000) detected at line 415
[][]
 []


Underfull \hbox (badness 1728) in paragraph at lines 421--430
\OT1/ptm/m/n/10 pro-vide an ex-pres-sive frame-work for rep-re-sent-ing dis-
 []

[2] [3]
Overfull \hbox (3.47833pt too wide) in paragraph at lines 643--643
[] 
 []


Underfull \hbox (badness 10000) in paragraph at lines 758--761

 []

<Figs/norm_unif.pdf, id=103, 534.99875pt x 635.37375pt>
File: Figs/norm_unif.pdf Graphic file (type pdf)

<use Figs/norm_unif.pdf> [4]
Underfull \hbox (badness 3302) in paragraph at lines 807--816
[]\OT1/ptm/m/n/10 The XADD is like an al-ge-braic de-ci-sion di-a-gram
 []

<Figs/r1.pdf, id=110, 520.94624pt x 407.5225pt>
File: Figs/r1.pdf Graphic file (type pdf)
 <use Figs/r1.pdf>
<Figs/r2.pdf, id=111, 520.94624pt x 404.51125pt>
File: Figs/r2.pdf Graphic file (type pdf)
 <use Figs/r2.pdf>
<Figs/r3.pdf, id=112, 520.94624pt x 404.51125pt>
File: Figs/r3.pdf Graphic file (type pdf)
 <use Figs/r3.pdf>
<Figs/r4.pdf, id=113, 520.94624pt x 404.51125pt>
File: Figs/r4.pdf Graphic file (type pdf)
 <use Figs/r4.pdf>
<Figs/r5.pdf, id=114, 520.94624pt x 404.51125pt>
File: Figs/r5.pdf Graphic file (type pdf)
 <use Figs/r5.pdf>
<Figs/r6.pdf, id=115, 520.94624pt x 404.51125pt>
File: Figs/r6.pdf Graphic file (type pdf)
 <use Figs/r6.pdf>
Overfull \hbox (6.65646pt too wide) in paragraph at lines 870--880
 [] 
 []

<Figs/gm3.pdf, id=116, 648.4225pt x 169.63374pt>
File: Figs/gm3.pdf Graphic file (type pdf)
 <use Figs/gm3.pdf>
<Figs/radar_o1_fix.pdf, id=117, 420.57124pt x 274.02374pt>
File: Figs/radar_o1_fix.pdf Graphic file (type pdf)

<use Figs/radar_o1_fix.pdf>
<Figs/radar_x5_o1_3d.pdf, id=118, 420.57124pt x 252.945pt>
File: Figs/radar_x5_o1_3d.pdf Graphic file (type pdf)

<use Figs/radar_x5_o1_3d.pdf>
<Figs/radar_x5_o1.pdf, id=119, 420.57124pt x 274.02374pt>
File: Figs/radar_x5_o1.pdf Graphic file (type pdf)

<use Figs/radar_x5_o1.pdf>
Overfull \hbox (13.46674pt too wide) in paragraph at lines 954--959
 [] 
 []

[5 <./Figs/norm_unif.pdf>] [6 <./Figs/r1.pdf> <./Figs/r2.pdf> <./Figs/r3.pdf> <
./Figs/r4.pdf> <./Figs/r5.pdf> <./Figs/r6.pdf> <./Figs/gm3.pdf> <./Figs/radar_o
1_fix.pdf> <./Figs/radar_x5_o1_3d.pdf> <./Figs/radar_x5_o1.pdf>]
LaTeX Font Info:    Font shape `OMS/ptm/m/n' in size <10> not available
(Font)              Font shape `OMS/cmsy/m/n' tried instead on input line 1008.


Underfull \hbox (badness 1776) in paragraph at lines 1021--1027
\OT1/ptm/m/n/10 ence ( Jor-dan et al. 1999) and ex-pec-ta-tion prop-a-ga-
 []


Underfull \hbox (badness 1087) in paragraph at lines 1045--1057
\OT1/ptm/m/n/10 SVE and its PPFG for-mal-ism us-ing oblique piece-wise
 []

(./sve.bbl) [7] (./sve.aux) )
(\end occurred inside a group at level 1)

### simple group (level 1) entered at line 282 ({)
### bottom level 
Here is how much of TeX's memory you used:
 3403 strings out of 94500
 40630 string characters out of 1176765
 124269 words of memory out of 1000000
 6495 multiletter control sequences out of 10000+50000
 34959 words of font info for 75 fonts, out of 500000 for 2000
 580 hyphenation exceptions out of 1000
 32i,18n,24p,278b,490s stack positions out of 1500i,500n,5000p,200000b,5000s
PDF statistics:
 183 PDF objects out of 300000
 0 named destinations out of 131072
 61 words of extra memory for PDF output out of 65536
</usr/share/texmf/fonts/type1/bluesky/cm/cmti7.pfb></usr/share/
texmf/fonts/type1/bluesky/cm/cmsy7.pfb></usr/share/texmf/fonts/type1/bluesky/cm
/cmti9.pfb></usr/share/texmf/fonts/type1/bluesky/cm/cmti10.pfb></usr/share/texm
f/fonts/type1/bluesky/symbols/msbm10.pfb></usr/share/texmf/fonts/type1/bluesky/
symbols/msbm7.pfb></usr/share/texmf/fonts/type1/bluesky/cm/cmr5.pfb></usr/share
/texmf/fonts/type1/bluesky/cm/cmsy5.pfb></usr/share/texmf/fonts/type1/bluesky/c
m/cmmi5.pfb></usr/share/texmf/fonts/type1/bluesky/cm/cmr6.pfb></usr/share/texmf
/fonts/type1/bluesky/cm/cmbx7.pfb></usr/share/texmf/fonts/type1/bluesky/cm/cmex
10.pfb></usr/share/texmf/fonts/type1/bluesky/cm/cmsy6.pfb></usr/share/texmf/fon
ts/type1/bluesky/cm/cmmi6.pfb></usr/share/texmf/fonts/type1/public/tt2001/fmex9
.pfb></usr/share/texmf/fonts/type1/bluesky/cm/cmbx9.pfb></usr/share/texmf/fonts
/type1/bluesky/cm/cmr9.pfb></usr/share/texmf/fonts/type1/bluesky/cm/cmmi9.pfb><
/usr/share/texmf/fonts/type1/bluesky/cm/cmr7.pfb></usr/share/texmf/fonts/type1/
bluesky/cm/cmbx10.pfb></usr/share/texmf/fonts/type1/bluesky/cm/cmr10.pfb></usr/
share/texmf/fonts/type1/bluesky/cm/cmmi7.pfb></usr/share/texmf/fonts/type1/blue
sky/cm/cmsy9.pfb></usr/share/texmf/fonts/type1/bluesky/symbols/msbm10.pfb></usr
/share/texmf/fonts/type1/bluesky/cm/cmsy10.pfb></usr/share/texmf/fonts/type1/bl
uesky/cm/cmmi10.pfb>{/usr/share/texmf/fonts/enc/dvips/psnfss/8r.enc}</usr/share
/texmf/fonts/type1/urw/times/utmri8a.pfb></usr/share/texmf/fonts/type1/urw/cour
ier/ucrr8a.pfb></usr/share/texmf/fonts/type1/urw/times/utmr8a.pfb></usr/share/t
exmf/fonts/type1/urw/times/utmb8a.pfb>
Output written on sve.pdf (7 pages, 349196 bytes).
