This is pdfeTeXk, Version 3.141592-1.21a-2.2 (Web2C 7.5.4) (format=pdflatex 2008.12.23)  18 APR 2012 16:43
entering extended mode
 file:line:error style messages enabled.
 %&-line parsing enabled.
**exact_sdp.tex
(./exact_sdp.tex
LaTeX2e <2003/12/01>
Babel <v3.8d> and hyphenation patterns for american, french, german, ngerman, b
ahasa, basque, bulgarian, catalan, croatian, czech, danish, dutch, esperanto, e
stonian, finnish, greek, icelandic, irish, italian, latin, magyar, norsk, polis
h, portuges, romanian, russian, serbian, slovak, slovene, spanish, swedish, tur
kish, ukrainian, nohyphenation, loaded.
(/usr/share/texmf/tex/latex/base/article.cls
Document Class: article 2004/02/16 v1.4f Standard LaTeX document class
(/usr/share/texmf/tex/latex/base/size10.clo
File: size10.clo 2004/02/16 v1.4f Standard LaTeX file (size option)
)
\c@part=\count79
\c@section=\count80
\c@subsection=\count81
\c@subsubsection=\count82
\c@paragraph=\count83
\c@subparagraph=\count84
\c@figure=\count85
\c@table=\count86
\abovecaptionskip=\skip41
\belowcaptionskip=\skip42
\bibindent=\dimen102
) (./aaai.sty
Conference Style for AAAI for LaTeX 2e -- version of 7 December 2011
\titlebox=\skip43
) (/usr/share/texmf/tex/latex/psnfss/times.sty
Package: times 2004/09/15 PSNFSS-v9.2 (SPQR) 
)
(/usr/share/texmf/tex/latex/psnfss/helvet.sty
Package: helvet 2004/09/15 PSNFSS-v9.2 (WaS) 

(/usr/share/texmf/tex/latex/graphics/keyval.sty
Package: keyval 1999/03/16 v1.13 key=value parser (DPC)
\KV@toks@=\toks14
))
(/usr/share/texmf/tex/latex/psnfss/courier.sty
Package: courier 2004/09/15 PSNFSS-v9.2 (WaS) 
)
(/usr/share/texmf/tex/latex/amsmath/amsmath.sty
Package: amsmath 2000/07/18 v2.13 AMS math features
\@mathmargin=\skip44

For additional information on amsmath, use the `?' option.
(/usr/share/texmf/tex/latex/amsmath/amstext.sty
Package: amstext 2000/06/29 v2.01

(/usr/share/texmf/tex/latex/amsmath/amsgen.sty
File: amsgen.sty 1999/11/30 v2.0
\@emptytoks=\toks15
\ex@=\dimen103
))
(/usr/share/texmf/tex/latex/amsmath/amsbsy.sty
Package: amsbsy 1999/11/29 v1.2d
\pmbraise@=\dimen104
)
(/usr/share/texmf/tex/latex/amsmath/amsopn.sty
Package: amsopn 1999/12/14 v2.01 operator names
)
\inf@bad=\count87
LaTeX Info: Redefining \frac on input line 211.
\uproot@=\count88
\leftroot@=\count89
LaTeX Info: Redefining \overline on input line 307.
\classnum@=\count90
\DOTSCASE@=\count91
LaTeX Info: Redefining \ldots on input line 379.
LaTeX Info: Redefining \dots on input line 382.
LaTeX Info: Redefining \cdots on input line 467.
\Mathstrutbox@=\box26
\strutbox@=\box27
\big@size=\dimen105
LaTeX Font Info:    Redeclaring font encoding OML on input line 567.
LaTeX Font Info:    Redeclaring font encoding OMS on input line 568.
\macc@depth=\count92
\c@MaxMatrixCols=\count93
\dotsspace@=\muskip10
\c@parentequation=\count94
\dspbrk@lvl=\count95
\tag@help=\toks16
\row@=\count96
\column@=\count97
\maxfields@=\count98
\andhelp@=\toks17
\eqnshift@=\dimen106
\alignsep@=\dimen107
\tagshift@=\dimen108
\tagwidth@=\dimen109
\totwidth@=\dimen110
\lineht@=\dimen111
\@envbody=\toks18
\multlinegap=\skip45
\multlinetaggap=\skip46
\mathdisplay@stack=\toks19
LaTeX Info: Redefining \[ on input line 2666.
LaTeX Info: Redefining \] on input line 2667.
)
(/usr/share/texmf/tex/latex/amsfonts/amsfonts.sty
Package: amsfonts 2001/10/25 v2.2f
\symAMSa=\mathgroup4
\symAMSb=\mathgroup5
LaTeX Font Info:    Overwriting math alphabet `\mathfrak' in version `bold'
(Font)                  U/euf/m/n --> U/euf/b/n on input line 132.
)
(/usr/share/texmf/tex/latex/amsfonts/amssymb.sty
Package: amssymb 2002/01/22 v2.2d
)
(/usr/share/texmf/tex/latex/amscls/amsthm.sty
Package: amsthm 2004/08/06 v2.20
\thm@style=\toks20
\thm@bodyfont=\toks21
\thm@headfont=\toks22
\thm@notefont=\toks23
\thm@headpunct=\toks24
\thm@preskip=\skip47
\thm@postskip=\skip48
\thm@headsep=\skip49
\dth@everypar=\toks25
)
(/usr/share/texmf/tex/latex/tools/array.sty
Package: array 2003/12/17 v2.4a Tabular extension package (FMi)
\col@sep=\dimen112
\extrarowheight=\dimen113
\NC@list=\toks26
\extratabsurround=\skip50
\backup@length=\skip51
)
(/usr/share/texmf/tex/latex/graphics/epsfig.sty
Package: epsfig 1999/02/16 v1.7a (e)psfig emulation (SPQR)

(/usr/share/texmf/tex/latex/graphics/graphicx.sty
Package: graphicx 1999/02/16 v1.0f Enhanced LaTeX Graphics (DPC,SPQR)

(/usr/share/texmf/tex/latex/graphics/graphics.sty
Package: graphics 2001/07/07 v1.0n Standard LaTeX Graphics (DPC,SPQR)

(/usr/share/texmf/tex/latex/graphics/trig.sty
Package: trig 1999/03/16 v1.09 sin cos tan (DPC)
)
(/usr/share/texmf/tex/latex/graphics/graphics.cfg
File: graphics.cfg 2005/02/03 v1.3 graphics configuration of teTeX/TeXLive
)
Package graphics Info: Driver file: pdftex.def on input line 80.

(/usr/share/texmf/tex/latex/graphics/pdftex.def
File: pdftex.def 2002/06/19 v0.03k graphics/color for pdftex
\Gread@gobject=\count99
))
\Gin@req@height=\dimen114
\Gin@req@width=\dimen115
)
\epsfxsize=\dimen116
\epsfysize=\dimen117
)
(/usr/share/texmf/tex/latex/subfigure/subfigure.sty
Package: subfigure 2002/07/30 v2.1.4 subfigure package
\subfigtopskip=\skip52
\subfigcapskip=\skip53
\subfigcaptopadj=\dimen118
\subfigbottomskip=\skip54
\subfigcapmargin=\dimen119
\subfiglabelskip=\skip55
\c@subfigure=\count100
\c@lofdepth=\count101
\c@subtable=\count102
\c@lotdepth=\count103

****************************************
* Local config file subfigure.cfg used *
****************************************
(/usr/share/texmf/tex/latex/subfigure/subfigure.cfg)
\subfig@top=\skip56
\subfig@bottom=\skip57
) (./algorithm2e.sty
Package: algorithm2e 2005/10/04 v3.9 algorithms environments
\c@AlgoLine=\count104

(/usr/share/texmf/tex/latex/base/ifthen.sty
Package: ifthen 2001/05/26 v1.1c Standard LaTeX ifthen package (DPC)
)
(/usr/share/texmf/tex/latex/tools/xspace.sty
Package: xspace 1997/10/13 v1.06 Space after command names (DPC)
)
********************************************************
Package `algorithm2e' Release 3.9 -- october 04 2005 --
- algorithm2e-announce@lirmm.fr mailing list for announcement about releases
- algorithm2e-discussion@lirmm.fr mailing list for discussion about package
subscribe by emailing sympa@lirmm.fr with 'subscribe <list> <firstname name>'
- Author: Christophe Fiorio (fiorio@lirmm.fr)
********************************************************
\skiptotal=\skip58
\skiprule=\skip59
\skiphlne=\skip60
\skiptext=\skip61
\skiplength=\skip62
\algomargin=\skip63
\skipalgocfslide=\skip64
\algowidth=\dimen120
\inoutsize=\dimen121
\inoutline=\dimen122
\algocf@inoutbox=\box28
\algocf@inputbox=\box29
\AlCapSkip=\skip65
\AlCapHSkip=\skip66
\algocf@capbox=\box30
\c@algocfline=\count105
\c@algocf=\count106
\algocf@algoframe=\box31
\algocf@algobox=\box32
) (./exact_sdp.aux)
\openout1 = `exact_sdp.aux'.

LaTeX Font Info:    Checking defaults for OML/cmm/m/it on input line 51.
LaTeX Font Info:    ... okay on input line 51.
LaTeX Font Info:    Checking defaults for T1/cmr/m/n on input line 51.
LaTeX Font Info:    ... okay on input line 51.
LaTeX Font Info:    Checking defaults for OT1/cmr/m/n on input line 51.
LaTeX Font Info:    ... okay on input line 51.
LaTeX Font Info:    Checking defaults for OMS/cmsy/m/n on input line 51.
LaTeX Font Info:    ... okay on input line 51.
LaTeX Font Info:    Checking defaults for OMX/cmex/m/n on input line 51.
LaTeX Font Info:    ... okay on input line 51.
LaTeX Font Info:    Checking defaults for U/cmr/m/n on input line 51.
LaTeX Font Info:    ... okay on input line 51.
LaTeX Font Info:    Try loading font information for OT1+ptm on input line 51.
 (/usr/share/texmf/tex/latex/psnfss/ot1ptm.fd
File: ot1ptm.fd 2001/06/04 font definitions for OT1/ptm.
)
(/usr/share/texmf/tex/context/base/supp-pdf.tex
(/usr/share/texmf/tex/context/base/supp-mis.tex
loading : Context Support Macros / Miscellaneous (2004.10.26)
\protectiondepth=\count107
\scratchcounter=\count108
\scratchtoks=\toks27
\scratchdimen=\dimen123
\scratchskip=\skip67
\scratchmuskip=\muskip11
\scratchbox=\box33
\scratchread=\read1
\scratchwrite=\write3
\zeropoint=\dimen124
\onepoint=\dimen125
\onebasepoint=\dimen126
\minusone=\count109
\thousandpoint=\dimen127
\onerealpoint=\dimen128
\emptytoks=\toks28
\nextbox=\box34
\nextdepth=\dimen129
\everyline=\toks29
\!!counta=\count110
\!!countb=\count111
\recursecounter=\count112
)
loading : Context Support Macros / PDF (2004.03.26)
\nofMPsegments=\count113
\nofMParguments=\count114
\MPscratchCnt=\count115
\MPscratchDim=\dimen130
\MPnumerator=\count116
\everyMPtoPDFconversion=\toks30
)
LaTeX Font Info:    Font shape `OT1/ptm/bx/n' in size <14.4> not available
(Font)              Font shape `OT1/ptm/b/n' tried instead on input line 71.
LaTeX Font Info:    Try loading font information for U+msa on input line 71.
 (/usr/share/texmf/tex/latex/amsfonts/umsa.fd
File: umsa.fd 2002/01/19 v2.2g AMS font definitions
)
LaTeX Font Info:    Try loading font information for U+msb on input line 71.

(/usr/share/texmf/tex/latex/amsfonts/umsb.fd
File: umsb.fd 2002/01/19 v2.2g AMS font definitions
)
LaTeX Font Info:    Font shape `OT1/ptm/bx/n' in size <12> not available
(Font)              Font shape `OT1/ptm/b/n' tried instead on input line 71.
LaTeX Font Info:    Try loading font information for OT1+pcr on input line 71.

(/usr/share/texmf/tex/latex/psnfss/ot1pcr.fd
File: ot1pcr.fd 2001/06/04 font definitions for OT1/pcr.
)
LaTeX Font Info:    Try loading font information for OMS+ptm on input line 71.

(/usr/share/texmf/tex/latex/psnfss/omsptm.fd
File: omsptm.fd 
)
LaTeX Font Info:    Font shape `OMS/ptm/m/n' in size <9> not available
(Font)              Font shape `OMS/cmsy/m/n' tried instead on input line 71.
LaTeX Font Info:    Font shape `OT1/ptm/bx/n' in size <10> not available
(Font)              Font shape `OT1/ptm/b/n' tried instead on input line 72.
 (./introduction.tex
<Figures/v1_mr.pdf, id=1, 271.0125pt x 116.435pt>
File: Figures/v1_mr.pdf Graphic file (type pdf)
 <use Figures/v1_mr.pdf>
<Figures/v2_mr.pdf, id=2, 272.01625pt x 116.435pt>
File: Figures/v2_mr.pdf Graphic file (type pdf)
 <use Figures/v2_mr.pdf>
<Figures/v3_mr.pdf, id=3, 271.0125pt x 115.43124pt>
File: Figures/v3_mr.pdf Graphic file (type pdf)
 <use Figures/v3_mr.pdf>
[1{/var/lib/texmf/fonts/map/pdftex/updmap/pdftex.map}



]
<Figures/v2_mr_dd.pdf, id=41, 553.06625pt x 504.88625pt>
File: Figures/v2_mr_dd.pdf Graphic file (type pdf)

<use Figures/v2_mr_dd.pdf>) (./csamdp.tex
Underfull \hbox (badness 10000) in paragraph at lines 55--71
[]\OT1/ptm/m/n/10 CSA-MDPs as de-fined above are nat-u-rally fac-
 []


Underfull \hbox (badness 1997) in paragraph at lines 55--71
\OT1/ptm/m/n/10 tored ( Boutilier, Dean, and Hanks 1999) in terms of
 []

[2 <./Figures/v1_mr.pdf> <./Figures/v2_mr.pdf> <./Figures/v3_mr.pdf> <./Figures
/v2_mr_dd.pdf>]
LaTeX Font Info:    Font shape `OT1/ptm/bx/n' in size <10.95> not available
(Font)              Font shape `OT1/ptm/b/n' tried instead on input line 152.

Overfull \hbox (13.585pt too wide) in paragraph at lines 169--169
[] 
 []

) (./sdp.tex
LaTeX Font Info:    Font shape `OT1/ptm/bx/n' in size <7> not available
(Font)              Font shape `OT1/ptm/b/n' tried instead on input line 75.

Underfull \hbox (badness 10000) detected at line 78
[][]
 []


Underfull \hbox (badness 10000) detected at line 107
[][]
 []

[3]
Overfull \hbox (6.8312pt too wide) in paragraph at lines 168--199
 [] 
 []

[4]
Overfull \hbox (2.04321pt too wide) in paragraph at lines 368--368
[] 
 []


Overfull \hbox (0.72319pt too wide) in paragraph at lines 395--395
[] 
 []


Overfull \hbox (1.58493pt too wide) detected at line 417
[]  \OT1/cmr/m/n/9 =  [] \OMS/cmsy/m/n/9 ^ []
 []

) (./empirical.tex
<Figures/policy-iteration2-3.pdf, id=109, 1119.18124pt x 742.775pt>
File: Figures/policy-iteration2-3.pdf Graphic file (type pdf)

<use Figures/policy-iteration2-3.pdf>
<Figures/V2.pdf, id=110, 1119.18124pt x 726.715pt>
File: Figures/V2.pdf Graphic file (type pdf)
 <use Figures/V2.pdf>
<Figures/V9.pdf, id=111, 1119.18124pt x 742.775pt>
File: Figures/V9.pdf Graphic file (type pdf)
 <use Figures/V9.pdf>
<Figures/space1.pdf, id=112, 1420.30624pt x 582.175pt>
File: Figures/space1.pdf Graphic file (type pdf)

<use Figures/space1.pdf> <Figures/time1.pdf, id=113, 1420.30624pt x 582.175pt>
File: Figures/time1.pdf Graphic file (type pdf)

<use Figures/time1.pdf>
Underfull \hbox (badness 1210) in paragraph at lines 69--69
[][]\OT1/ptm/m/n/9 While space lim-i-ta-tions pre-vent a self-contained de-scri
p-
 []


Underfull \hbox (badness 1178) in paragraph at lines 69--69
\OT1/ptm/m/n/9 tion of all do-mains, we note that all Java source code and
 []

[5]
LaTeX Font Info:    Font shape `OT1/ptm/bx/sc' in size <10> not available
(Font)              Font shape `OT1/ptm/b/sc' tried instead on input line 75.

Underfull \hbox (badness 1097) in paragraph at lines 75--89
[]\OT1/ptm/b/sc/10 Inventory Con-trol\OT1/ptm/b/n/10 : \OT1/ptm/m/n/10 In-ven-t
ory con-trol prob-lems
 []

) (./related_work.tex [6 <./Figures/policy-iteration2-3.pdf> <./Figures/V2.pdf>
 <./Figures/V9.pdf> <./Figures/space1.pdf> <./Figures/time1.pdf>])
(./conclusion.tex) (./exact_sdp.bbl
Missing character: There is no – in font ptmr7t!
) [7] (./exact_sdp.aux) ) 
Here is how much of TeX's memory you used:
 3399 strings out of 94500
 40764 string characters out of 1176765
 128387 words of memory out of 1000000
 6478 multiletter control sequences out of 10000+50000
 37590 words of font info for 77 fonts, out of 500000 for 2000
 580 hyphenation exceptions out of 1000
 32i,18n,24p,295b,393s stack positions out of 1500i,500n,5000p,200000b,5000s
PDF statistics:
 155 PDF objects out of 300000
 0 named destinations out of 131072
 46 words of extra memory for PDF output out of 65536
</usr/share/texmf/fonts/type1/bluesky/symbols/msam10.p
fb></usr/share/texmf/fonts/type1/bluesky/cm/cmti7.pfb></usr/share/texmf/fonts/t
ype1/bluesky/cm/cmti10.pfb></usr/share/texmf/fonts/type1/bluesky/cm/cmr5.pfb></
usr/share/texmf/fonts/type1/bluesky/symbols/msbm7.pfb></usr/share/texmf/fonts/t
ype1/public/tt2001/fmex9.pfb></usr/share/texmf/fonts/type1/bluesky/cm/cmsy5.pfb
></usr/share/texmf/fonts/type1/bluesky/cm/cmmi5.pfb></usr/share/texmf/fonts/typ
e1/bluesky/symbols/msbm10.pfb></usr/share/texmf/fonts/type1/bluesky/cm/cmsy6.pf
b></usr/share/texmf/fonts/type1/bluesky/cm/cmmi7.pfb></usr/share/texmf/fonts/ty
pe1/bluesky/cm/cmr6.pfb></usr/share/texmf/fonts/type1/bluesky/cm/cmti9.pfb></us
r/share/texmf/fonts/type1/bluesky/cm/cmr9.pfb></usr/share/texmf/fonts/type1/blu
esky/cm/cmmi6.pfb></usr/share/texmf/fonts/type1/bluesky/cm/cmmi9.pfb></usr/shar
e/texmf/fonts/type1/bluesky/cm/cmr7.pfb></usr/share/texmf/fonts/type1/bluesky/c
m/cmex10.pfb></usr/share/texmf/fonts/type1/bluesky/cm/cmsy7.pfb></usr/share/tex
mf/fonts/type1/bluesky/cm/cmr10.pfb></usr/share/texmf/fonts/type1/bluesky/cm/cm
sy10.pfb></usr/share/texmf/fonts/type1/bluesky/cm/cmmi10.pfb></usr/share/texmf/
fonts/type1/bluesky/cm/cmsy9.pfb>{/usr/share/texmf/fonts/enc/dvips/psnfss/8r.en
c}</usr/share/texmf/fonts/type1/urw/times/utmri8a.pfb></usr/share/texmf/fonts/t
ype1/urw/courier/ucrr8a.pfb></usr/share/texmf/fonts/type1/urw/times/utmr8a.pfb>
</usr/share/texmf/fonts/type1/urw/times/utmb8a.pfb>
Output written on exact_sdp.pdf (7 pages, 292112 bytes).
