This is pdfTeX, Version 3.1415926-1.40.10 (TeX Live 2009/Debian) (format=pdflatex 2013.4.24)  31 JUL 2013 08:59
entering extended mode
 %&-line parsing enabled.
**hybnoisePoster.tex
(./hybnoisePoster.tex
LaTeX2e <2009/09/24>
Babel <v3.8l> and hyphenation patterns for english, usenglishmax, dumylang, noh
yphenation, loaded.
(./nictalaymanlandscape.cls

LaTeX Warning: You have requested document class `nictalaymanlandscape',
               but the document class provides `nictatechnical'.

Document Class: nictatechnical 2006/04/20 v0.1 nictatechnical class
(/usr/share/texmf-texlive/tex/latex/base/article.cls
Document Class: article 2007/10/19 v1.4h Standard LaTeX document class
(/usr/share/texmf-texlive/tex/latex/base/size10.clo
File: size10.clo 2007/10/19 v1.4h Standard LaTeX file (size option)
)
\c@part=\count79
\c@section=\count80
\c@subsection=\count81
\c@subsubsection=\count82
\c@paragraph=\count83
\c@subparagraph=\count84
\c@figure=\count85
\c@table=\count86
\abovecaptionskip=\skip41
\belowcaptionskip=\skip42
\bibindent=\dimen102
)
(/usr/share/texmf-texlive/tex/latex/graphics/color.sty
Package: color 2005/11/14 v1.0j Standard LaTeX Color (DPC)

(/etc/texmf/tex/latex/config/color.cfg
File: color.cfg 2007/01/18 v1.5 color configuration of teTeX/TeXLive
)
Package color Info: Driver file: pdftex.def on input line 130.

(/usr/share/texmf-texlive/tex/latex/pdftex-def/pdftex.def
File: pdftex.def 2010/03/12 v0.04p Graphics/color for pdfTeX
\Gread@gobject=\count87
))
(/usr/share/texmf-texlive/tex/latex/geometry/geometry.sty
Package: geometry 2008/12/21 v4.2 Page Geometry

(/usr/share/texmf-texlive/tex/latex/graphics/keyval.sty
Package: keyval 1999/03/16 v1.13 key=value parser (DPC)
\KV@toks@=\toks14
)
(/usr/share/texmf-texlive/tex/generic/oberdiek/ifpdf.sty
Package: ifpdf 2009/04/10 v2.0 Provides the ifpdf switch (HO)
Package ifpdf Info: pdfTeX in pdf mode detected.
)
(/usr/share/texmf-texlive/tex/generic/oberdiek/ifvtex.sty
Package: ifvtex 2008/11/04 v1.4 Switches for detecting VTeX and its modes (HO)
Package ifvtex Info: VTeX not detected.
)
\Gm@cnth=\count88
\Gm@cntv=\count89
\c@Gm@tempcnt=\count90
\Gm@bindingoffset=\dimen103
\Gm@wd@mp=\dimen104
\Gm@odd@mp=\dimen105
\Gm@even@mp=\dimen106
\Gm@dimlist=\toks15
)
(/usr/share/texmf-texlive/tex/latex/psnfss/helvet.sty
Package: helvet 2005/04/12 PSNFSS-v9.2a (WaS) 
)
(/usr/share/texmf-texlive/tex/latex/tools/multicol.sty
Package: multicol 2008/12/05 v1.6h multicolumn formatting (FMi)
\c@tracingmulticols=\count91
\mult@box=\box26
\multicol@leftmargin=\dimen107
\c@unbalance=\count92
\c@collectmore=\count93
\doublecol@number=\count94
\multicoltolerance=\count95
\multicolpretolerance=\count96
\full@width=\dimen108
\page@free=\dimen109
\premulticols=\dimen110
\postmulticols=\dimen111
\multicolsep=\skip43
\multicolbaselineskip=\skip44
\partial@page=\box27
\last@line=\box28
\mult@rightbox=\box29
\mult@grightbox=\box30
\mult@gfirstbox=\box31
\mult@firstbox=\box32
\@tempa=\box33
\@tempa=\box34
\@tempa=\box35
\@tempa=\box36
\@tempa=\box37
\@tempa=\box38
\@tempa=\box39
\@tempa=\box40
\@tempa=\box41
\@tempa=\box42
\@tempa=\box43
\@tempa=\box44
\@tempa=\box45
\@tempa=\box46
\@tempa=\box47
\@tempa=\box48
\@tempa=\box49
\c@columnbadness=\count97
\c@finalcolumnbadness=\count98
\last@try=\dimen112
\multicolovershoot=\dimen113
\multicolundershoot=\dimen114
\mult@nat@firstbox=\box50
\colbreak@box=\box51
)
(/usr/share/texmf-texlive/tex/latex/pst-grad/pst-grad.sty
(/usr/share/texmf-texlive/tex/latex/pstricks/pstricks.sty
Package: pstricks 2008/11/26 v0.40 LaTeX wrapper for `PSTricks' (RN,HV)

(/usr/share/texmf-texlive/tex/generic/pstricks/pstricks.tex
`PSTricks' v1.29  <2009/05/19> (tvz)
\pst@dima=\dimen115
\pst@dimb=\dimen116
\pst@dimc=\dimen117
\pst@dimd=\dimen118
\pst@dimg=\dimen119
\pst@dimh=\dimen120
\pst@hbox=\box52
\pst@boxg=\box53
\pst@cnta=\count99
\pst@cntb=\count100
\pst@cntc=\count101
\pst@cntd=\count102
\pst@cntg=\count103
\pst@cnth=\count104
\pst@toks=\toks16
(/usr/share/texmf-texlive/tex/generic/pstricks/pstricks.con)
\psunit=\dimen121
\psxunit=\dimen122
\psyunit=\dimen123
\pslinewidth=\dimen124
\pst@customdefs=\toks17
\pslinearc=\dimen125
\everypsbox=\toks18
\psframesep=\dimen126
\pslabelsep=\dimen127
\pst@shift=\dimen128
\theoverlaybox=\box54
)
File: pstricks.tex 2009/05/19 v1.29 `PSTricks' (tvz,hv)

(/usr/share/texmf/tex/latex/xcolor/xcolor.sty
Package: xcolor 2007/01/21 v2.11 LaTeX color extensions (UK)

(/etc/texmf/tex/latex/config/color.cfg
File: color.cfg 2007/01/18 v1.5 color configuration of teTeX/TeXLive
)
Package xcolor Info: Driver file: pdftex.def on input line 225.
LaTeX Info: Redefining \color on input line 702.
Package xcolor Info: Model `cmy' substituted by `cmy0' on input line 1337.
Package xcolor Info: Model `hsb' substituted by `rgb' on input line 1341.
Package xcolor Info: Model `RGB' extended on input line 1353.
Package xcolor Info: Model `HTML' substituted by `rgb' on input line 1355.
Package xcolor Info: Model `Hsb' substituted by `hsb' on input line 1356.
Package xcolor Info: Model `tHsb' substituted by `hsb' on input line 1357.
Package xcolor Info: Model `HSB' substituted by `hsb' on input line 1358.
Package xcolor Info: Model `Gray' substituted by `gray' on input line 1359.
Package xcolor Info: Model `wave' substituted by `hsb' on input line 1360.
))
Package: pst-grad 2004/07/15 package wrapper for pst-grad.tex (hv)

(/usr/share/texmf-texlive/tex/generic/pst-grad/pst-grad.tex
(/usr/share/texmf-texlive/tex/generic/xkeyval/pst-xkey.tex
File: pst-xkey.tex 2005/11/25 v1.6 PSTricks specialization of xkeyval (HA)

(/usr/share/texmf-texlive/tex/latex/xkeyval/xkeyval.sty
Package: xkeyval 2008/08/13 v2.6a package option processing (HA)

(/usr/share/texmf-texlive/tex/generic/xkeyval/xkeyval.tex
\XKV@toks=\toks19
\XKV@tempa@toks=\toks20
\XKV@depth=\count105
File: xkeyval.tex 2008/08/13 v2.6a key=value parser (HA)
)))
`pst-grad' v1.06, 2006/11/27 (tvz,dg,hv))
File: pst-grad.tex 2006/11/27 1.06 `pst-grad' (tvz)
)
(/usr/share/texmf-texlive/tex/latex/graphics/graphicx.sty
Package: graphicx 1999/02/16 v1.0f Enhanced LaTeX Graphics (DPC,SPQR)

(/usr/share/texmf-texlive/tex/latex/graphics/graphics.sty
Package: graphics 2009/02/05 v1.0o Standard LaTeX Graphics (DPC,SPQR)

(/usr/share/texmf-texlive/tex/latex/graphics/trig.sty
Package: trig 1999/03/16 v1.09 sin cos tan (DPC)
)
(/etc/texmf/tex/latex/config/graphics.cfg
File: graphics.cfg 2009/08/28 v1.8 graphics configuration of TeX Live
)
Package graphics Info: Driver file: pdftex.def on input line 91.
)
\Gin@req@height=\dimen129
\Gin@req@width=\dimen130
)
(/usr/share/texmf-texlive/tex/latex/subfig/subfig.sty
Package: subfig 2005/06/28 ver: 1.3 subfig package

(/usr/share/texmf-texlive/tex/latex/caption/caption.sty
Package: caption 2009/10/09 v3.1k Customizing captions (AR)

(/usr/share/texmf-texlive/tex/latex/caption/caption3.sty
Package: caption3 2009/10/09 v3.1k caption3 kernel (AR)
\captionmargin=\dimen131
\captionmargin@=\dimen132
\captionwidth=\dimen133
\caption@indent=\dimen134
\caption@parindent=\dimen135
\caption@hangindent=\dimen136
)
\c@ContinuedFloat=\count106
)
\c@KVtest=\count107
\sf@farskip=\skip45
\sf@captopadj=\dimen137
\sf@capskip=\skip46
\sf@nearskip=\skip47
\c@subfigure=\count108
\c@subfigure@save=\count109
\c@lofdepth=\count110
\c@subtable=\count111
\c@subtable@save=\count112
\c@lotdepth=\count113
\sf@top=\skip48
\sf@bottom=\skip49
)
(/usr/share/texmf-texlive/tex/latex/amsfonts/amssymb.sty
Package: amssymb 2009/06/22 v3.00

(/usr/share/texmf-texlive/tex/latex/amsfonts/amsfonts.sty
Package: amsfonts 2009/06/22 v3.00 Basic AMSFonts support
\@emptytoks=\toks21
\symAMSa=\mathgroup4
\symAMSb=\mathgroup5
LaTeX Font Info:    Overwriting math alphabet `\mathfrak' in version `bold'
(Font)                  U/euf/m/n --> U/euf/b/n on input line 96.
))
(/usr/share/texmf-texlive/tex/latex/amsmath/amsmath.sty
Package: amsmath 2000/07/18 v2.13 AMS math features
\@mathmargin=\skip50

For additional information on amsmath, use the `?' option.
(/usr/share/texmf-texlive/tex/latex/amsmath/amstext.sty
Package: amstext 2000/06/29 v2.01

(/usr/share/texmf-texlive/tex/latex/amsmath/amsgen.sty
File: amsgen.sty 1999/11/30 v2.0
\@emptytoks=\toks22
\ex@=\dimen138
))
(/usr/share/texmf-texlive/tex/latex/amsmath/amsbsy.sty
Package: amsbsy 1999/11/29 v1.2d
\pmbraise@=\dimen139
)
(/usr/share/texmf-texlive/tex/latex/amsmath/amsopn.sty
Package: amsopn 1999/12/14 v2.01 operator names
)
\inf@bad=\count114
LaTeX Info: Redefining \frac on input line 211.
\uproot@=\count115
\leftroot@=\count116
LaTeX Info: Redefining \overline on input line 307.
\classnum@=\count117
\DOTSCASE@=\count118
LaTeX Info: Redefining \ldots on input line 379.
LaTeX Info: Redefining \dots on input line 382.
LaTeX Info: Redefining \cdots on input line 467.
\Mathstrutbox@=\box55
\strutbox@=\box56
\big@size=\dimen140
LaTeX Font Info:    Redeclaring font encoding OML on input line 567.
LaTeX Font Info:    Redeclaring font encoding OMS on input line 568.
\macc@depth=\count119
\c@MaxMatrixCols=\count120
\dotsspace@=\muskip10
\c@parentequation=\count121
\dspbrk@lvl=\count122
\tag@help=\toks23
\row@=\count123
\column@=\count124
\maxfields@=\count125
\andhelp@=\toks24
\eqnshift@=\dimen141
\alignsep@=\dimen142
\tagshift@=\dimen143
\tagwidth@=\dimen144
\totwidth@=\dimen145
\lineht@=\dimen146
\@envbody=\toks25
\multlinegap=\skip51
\multlinetaggap=\skip52
\mathdisplay@stack=\toks26
LaTeX Info: Redefining \[ on input line 2666.
LaTeX Info: Redefining \] on input line 2667.
)
\xkoord=\count126
\ykoord=\count127
\xscale=\count128
\yscale=\count129


Package geometry Warning: `tmargin' and `bmargin' result in NEGATIVE (-963.4103
2pt).
    `height' should be shortened in length.

\Ausgabe=\write3
\openout3 = `a0header.ps'.

) (/usr/share/texmf-texlive/tex/latex/mdwtools/mdwlist.sty
Package: mdwlist 1996/05/02 1.1 Various list-related things
)
(/usr/share/texmf-texlive/tex/latex/ltxmisc/shadow.sty
Package: shadow 2003/02/19 v1.3 shadow boxes (M.O.)
\txtwdth=\dimen147
\sht=\dimen148
\shw=\dimen149
\shbox=\box57
\sboxsep=\dimen150
\sboxrule=\dimen151
\sdim=\dimen152
)
(/usr/share/texmf-texlive/tex/latex/psnfss/times.sty
Package: times 2005/04/12 PSNFSS-v9.2a (SPQR) 
)
(/usr/share/texmf-texlive/tex/latex/algorithms/algorithmic.sty
Package: algorithmic 2009/08/24 v0.1 Document Style `algorithmic'

(/usr/share/texmf-texlive/tex/latex/base/ifthen.sty
Package: ifthen 2001/05/26 v1.1c Standard LaTeX ifthen package (DPC)
)
\c@ALC@unique=\count130
\c@ALC@line=\count131
\c@ALC@rem=\count132
\c@ALC@depth=\count133
\ALC@tlm=\skip53
\algorithmicindent=\skip54
)
(/usr/share/texmf-texlive/tex/latex/moreverb/moreverb.sty
Package: moreverb 2008/06/03 v2.3 `more' verbatim facilities

(/usr/share/texmf-texlive/tex/latex/tools/verbatim.sty
Package: verbatim 2003/08/22 v1.5q LaTeX2e package for verbatim enhancements
\every@verbatim=\toks27
\verbatim@line=\toks28
\verbatim@in@stream=\read1
)
\verbatim@out=\write4
\tab@position=\count134
\tab@size=\count135
\listing@line=\count136
)
(/usr/share/texmf-texlive/tex/latex/algorithms/algorithm.sty
Package: algorithm 2009/08/24 v0.1 Document Style `algorithm' - floating enviro
nment

(/usr/share/texmf-texlive/tex/latex/float/float.sty
Package: float 2001/11/08 v1.3d Float enhancements (AL)
\c@float@type=\count137
\float@exts=\toks29
\float@box=\box58
\@float@everytoks=\toks30
\@floatcapt=\box59
)
\@float@every@algorithm=\toks31
\c@algorithm=\count138
)
(/usr/share/texmf-texlive/tex/latex/multirow/multirow.sty
\bigstrutjot=\dimen153
)
(/usr/share/texmf-texlive/tex/latex/fancybox/fancybox.sty
Package: fancybox 2000/09/19 1.3

Style option: `fancybox' v1.3 <2000/09/19> (tvz)
\@fancybox=\box60
\shadowsize=\dimen154
\@Sbox=\box61
\do@VerbBox=\toks32
\the@fancyput=\toks33
\this@fancyput=\toks34
\EndVerbatimTokens=\toks35
\Verbatim@Outfile=\write5
\Verbatim@Infile=\read2
) (/usr/share/texmf-texlive/tex/latex/psnfss/pifont.sty
Package: pifont 2005/04/12 PSNFSS-v9.2a Pi font support (SPQR) 
LaTeX Font Info:    Try loading font information for U+pzd on input line 63.

(/usr/share/texmf-texlive/tex/latex/psnfss/upzd.fd
File: upzd.fd 2001/06/04 font definitions for U/pzd.
)
LaTeX Font Info:    Try loading font information for U+psy on input line 64.

(/usr/share/texmf-texlive/tex/latex/psnfss/upsy.fd
File: upsy.fd 2001/06/04 font definitions for U/psy.
)) (./hybnoisePoster.aux)
\openout1 = `hybnoisePoster.aux'.

LaTeX Font Info:    Checking defaults for OML/cmm/m/it on input line 355.
LaTeX Font Info:    ... okay on input line 355.
LaTeX Font Info:    Checking defaults for T1/cmr/m/n on input line 355.
LaTeX Font Info:    ... okay on input line 355.
LaTeX Font Info:    Checking defaults for OT1/cmr/m/n on input line 355.
LaTeX Font Info:    ... okay on input line 355.
LaTeX Font Info:    Checking defaults for OMS/cmsy/m/n on input line 355.
LaTeX Font Info:    ... okay on input line 355.
LaTeX Font Info:    Checking defaults for OMX/cmex/m/n on input line 355.
LaTeX Font Info:    ... okay on input line 355.
LaTeX Font Info:    Checking defaults for U/cmr/m/n on input line 355.
LaTeX Font Info:    ... okay on input line 355.
LaTeX Font Info:    Try loading font information for OT1+ptm on input line 355.


(/usr/share/texmf-texlive/tex/latex/psnfss/ot1ptm.fd
File: ot1ptm.fd 2001/06/04 font definitions for OT1/ptm.
)
(/usr/share/texmf-texlive/tex/context/base/supp-pdf.mkii
[Loading MPS to PDF converter (version 2006.09.02).]
\scratchcounter=\count139
\scratchdimen=\dimen155
\scratchbox=\box62
\nofMPsegments=\count140
\nofMParguments=\count141
\everyMPshowfont=\toks36
\MPscratchCnt=\count142
\MPscratchDim=\dimen156
\MPnumerator=\count143
\everyMPtoPDFconversion=\toks37
)
*geometry auto-detecting driver*
*geometry detected driver: pdftex*
-------------------- Geometry parameters
paper: user defined
landscape: true
twocolumn: --
twoside: --
asymmetric: --
h-parts: 14.22638pt, 2360.44081pt, 14.22638pt
v-parts: 11.3811pt, 3352.3039pt, 17.07166pt
hmarginratio: 1:1
vmarginratio: 2:3
lines: --
heightrounded: --
bindingoffset: 0.0pt
truedimen: --
includehead: --
includefoot: --
includemp: --
driver: pdftex
-------------------- Page layout dimensions and switches
\paperwidth  2388.89357pt
\paperheight 3380.75665pt
\textwidth  2360.44081pt
\textheight 3352.3039pt
\oddsidemargin  -60.88887pt
\evensidemargin -58.04361pt
\topmargin  -30.44443pt
\headheight 0.0pt
\headsep    0.0pt
\footskip   30.0pt
\marginparwidth 65.0pt
\marginparsep   11.0pt
\columnsep  10.0pt
\skip\footins  9.0pt plus 4.0pt minus 2.0pt
\hoffset 0.0pt
\voffset 0.0pt
\mag 1000

(1in=72.27pt, 1cm=28.45pt)
-----------------------
Package caption Info: Begin \AtBeginDocument code.
Package caption3 Info: subfig package 1.2 or 1.3 is loaded.
LaTeX Info: Redefining \subref on input line 355.
Package caption Info: float package is loaded.
Package caption Info: End \AtBeginDocument code.
<IJCAITemplate.png, id=1, 2393.19093pt x 3383.89218pt>
File: IJCAITemplate.png Graphic file (type png)
 <use IJCAITemplate.png>
LaTeX Font Info:    Try loading font information for OT1+phv on input line 356.


(/usr/share/texmf-texlive/tex/latex/psnfss/ot1phv.fd
File: ot1phv.fd 2001/06/04 scalable font definitions for OT1/phv.
)
LaTeX Font Info:    Font shape `OT1/phv/bx/n' in size <89.3> not available
(Font)              Font shape `OT1/phv/b/n' tried instead on input line 356.
LaTeX Font Info:    Calculating math sizes for size <30.88> on input line 356.


LaTeX Font Warning: Font shape `OT1/cmr/m/n' in size <30.88> not available
(Font)              size <24.88> substituted on input line 356.


LaTeX Font Warning: Font shape `OT1/cmr/m/n' in size <21.6159> not available
(Font)              size <20.74> substituted on input line 356.


LaTeX Font Warning: Font shape `OT1/cmr/m/n' in size <15.44> not available
(Font)              size <14.4> substituted on input line 356.


LaTeX Font Warning: Font shape `OML/cmm/m/it' in size <30.88> not available
(Font)              size <24.88> substituted on input line 356.


LaTeX Font Warning: Font shape `OML/cmm/m/it' in size <21.6159> not available
(Font)              size <20.74> substituted on input line 356.


LaTeX Font Warning: Font shape `OML/cmm/m/it' in size <15.44> not available
(Font)              size <14.4> substituted on input line 356.


LaTeX Font Warning: Font shape `OMS/cmsy/m/n' in size <30.88> not available
(Font)              size <24.88> substituted on input line 356.


LaTeX Font Warning: Font shape `OMS/cmsy/m/n' in size <21.6159> not available
(Font)              size <20.74> substituted on input line 356.


LaTeX Font Warning: Font shape `OMS/cmsy/m/n' in size <15.44> not available
(Font)              size <14.4> substituted on input line 356.

LaTeX Font Info:    Try loading font information for U+msa on input line 356.
(/usr/share/texmf-texlive/tex/latex/amsfonts/umsa.fd
File: umsa.fd 2009/06/22 v3.00 AMS symbols A
)
LaTeX Font Info:    Try loading font information for U+msb on input line 356.

(/usr/share/texmf-texlive/tex/latex/amsfonts/umsb.fd
File: umsb.fd 2009/06/22 v3.00 AMS symbols B
)
LaTeX Font Info:    Font shape `OT1/phv/bx/n' in size <43.83> not available
(Font)              Font shape `OT1/phv/b/n' tried instead on input line 356.
LaTeX Font Info:    Font shape `OT1/ptm/bx/n' in size <43.83> not available
(Font)              Font shape `OT1/ptm/b/n' tried instead on input line 356.
LaTeX Font Info:    Font shape `OT1/ptm/bx/n' in size <30.88> not available
(Font)              Font shape `OT1/ptm/b/n' tried instead on input line 356.

Underfull \hbox (badness 10000) in paragraph at lines 356--356
[]
 []

LaTeX Font Info:    Try loading font information for OMS+ptm on input line 356.

(/usr/share/texmf-texlive/tex/latex/psnfss/omsptm.fd
File: omsptm.fd 
)
LaTeX Font Info:    Font shape `OMS/ptm/m/n' in size <30.88> not available
(Font)              Font shape `OMS/cmsy/m/n' tried instead on input line 356.


LaTeX Font Warning: Font shape `OMS/cmsy/m/n' in size <30.88> not available
(Font)              size <24.88> substituted on input line 356.


LaTeX Font Warning: Font shape `OT1/cmr/m/it' in size <30.88> not available
(Font)              size <24.88> substituted on input line 356.


LaTeX Font Warning: Font shape `OT1/cmr/m/it' in size <21.6159> not available
(Font)              size <20.74> substituted on input line 356.


LaTeX Font Warning: Font shape `OT1/cmr/m/it' in size <15.44> not available
(Font)              size <14.4> substituted on input line 356.

LaTeX Font Info:    Font shape `OT1/ptm/bx/n' in size <35.86> not available
(Font)              Font shape `OT1/ptm/b/n' tried instead on input line 356.
LaTeX Font Info:    Font shape `OT1/phv/bx/n' in size <35.86> not available
(Font)              Font shape `OT1/phv/b/n' tried instead on input line 356.
LaTeX Font Info:    Calculating math sizes for size <20.28> on input line 356.

LaTeX Font Warning: Font shape `OT1/cmr/m/n' in size <20.28> not available
(Font)              size <20.74> substituted on input line 356.


LaTeX Font Warning: Font shape `OML/cmm/m/it' in size <20.28> not available
(Font)              size <20.74> substituted on input line 356.


LaTeX Font Warning: Font shape `OMS/cmsy/m/n' in size <20.28> not available
(Font)              size <20.74> substituted on input line 356.


LaTeX Font Warning: Font shape `OT1/cmr/m/it' in size <20.28> not available
(Font)              size <20.74> substituted on input line 356.

<v1_mr.pdf, id=2, 271.0125pt x 116.435pt>
File: v1_mr.pdf Graphic file (type pdf)
 <use v1_mr.pdf>
<v2_mr.pdf, id=3, 272.01625pt x 116.435pt>
File: v2_mr.pdf Graphic file (type pdf)
 <use v2_mr.pdf>
<v3_mr.pdf, id=4, 271.0125pt x 115.43124pt>
File: v3_mr.pdf Graphic file (type pdf)
 <use v3_mr.pdf>
<v2_mr_dd.pdf, id=5, 553.06625pt x 504.88625pt>
File: v2_mr_dd.pdf Graphic file (type pdf)
 <use v2_mr_dd.pdf>

pdfTeX warning: pdflatex (file ./Nodes.pdf): PDF inclusion: found PDF version <
1.5>, but at most version <1.4> allowed
<Nodes.pdf, id=6, 361.35pt x 216.81pt>
File: Nodes.pdf Graphic file (type pdf)
 <use Nodes.pdf>

pdfTeX warning: pdflatex (file ./Time.pdf): PDF inclusion: found PDF version <1
.5>, but at most version <1.4> allowed
<Time.pdf, id=8, 361.35pt x 216.81pt>
File: Time.pdf Graphic file (type pdf)
 <use Time.pdf>
<reserV7New.pdf, id=10, 361.35pt x 216.81pt>
File: reserV7New.pdf Graphic file (type pdf)
 <use reserV7New.pdf>

pdfTeX warning: pdflatex (file ./telesV4.pdf): PDF inclusion: found PDF version
 <1.5>, but at most version <1.4> allowed
<telesV4.pdf, id=12, 361.35pt x 216.81pt>
File: telesV4.pdf Graphic file (type pdf)
 <use telesV4.pdf>

pdfTeX warning: pdflatex (file ./uavV4.pdf): PDF inclusion: found PDF version <
1.5>, but at most version <1.4> allowed
<uavV4.pdf, id=14, 361.35pt x 216.81pt>
File: uavV4.pdf Graphic file (type pdf)
 <use uavV4.pdf>
Underfull \hbox (badness 10000) in paragraph at lines 356--356
$[]$ $[]$ 
 []


Overfull \hbox (5.86725pt too wide) in paragraph at lines 356--356
[] []
 []


Underfull \hbox (badness 10000) in paragraph at lines 356--356

 []


Underfull \hbox (badness 10000) in paragraph at lines 356--356

 []


Underfull \hbox (badness 10000) in paragraph at lines 356--356

 []


Underfull \hbox (badness 5302) in paragraph at lines 356--356
 [] [] []
 []


Underfull \hbox (badness 10000) in paragraph at lines 356--356
\OT1/ptm/m/it/20.28 (left) $\OML/cmm/m/it/20.74 V[]\OT1/cmr/m/n/20.74 (\OML/cmm
/m/it/20.74 l[]; [] \OT1/cmr/m/n/20.74 = 0)$ \OT1/ptm/m/sc/20.28 Reser-voir Con
-trol \OT1/ptm/m/n/20.28 prob-lem; \OT1/ptm/m/it/20.28 (mid-dle) $\OML/cmm/m/it
/20.74 V[]\OT1/cmr/m/n/20.74 (\OML/cmm/m/it/20.74 k; v; z \OT1/cmr/m/n/20.74 = 
\OML/cmm/m/it/20.74 true; g \OT1/cmr/m/n/20.74 = \OML/cmm/m/it/20.74 false\OT1/
cmr/m/n/20.74 )$
 []


Underfull \hbox (badness 10000) in paragraph at lines 356--356
\OT1/ptm/m/sc/20.28 Space Tele-scope Con-trol \OT1/ptm/m/n/20.28 prob-lem; \OT1
/ptm/m/it/20.28 (right) $\OML/cmm/m/it/20.74 V[]\OT1/cmr/m/n/20.74 (\OML/cmm/m/
it/20.74 x; y; l \OT1/cmr/m/n/20.74 = \OML/cmm/m/it/20.74 false\OT1/cmr/m/n/20.
74 )$ \OT1/ptm/m/sc/20.28 UAV Nav-i-ga-tion \OT1/ptm/m/n/20.28 prob-lem.
 []


Overfull \hbox (5.86725pt too wide) in paragraph at lines 356--356
[][]  [] 
 []

[1
Non-PDF special ignored!
Non-PDF special ignored!
Non-PDF special ignored!
Non-PDF special ignored!


Non-PDF special ignored!{/var/lib/texmf/fonts/map/pdftex/updmap/pdftex.map} <./
IJCAITemplate.png

pdfTeX warning: pdflatex (file ./IJCAITemplate.png): large interlaced PNG might
 cause out of memory (use non-interlaced PNG to fix this)
> <./v1_mr.pdf> <./v2_mr.pdf> <./v3_mr.pdf> <./v2_mr_dd.pdf> <./Nodes.pdf> <./T
ime.pdf> <./reserV7New.pdf> <./telesV4.pdf> <./uavV4.pdf>]
(./hybnoisePoster.aux)

LaTeX Font Warning: Size substitutions with differences
(Font)              up to 6.0pt have occurred.

 ) 
Here is how much of TeX's memory you used:
 5955 strings out of 495061
 80120 string characters out of 1182621
 206479 words of memory out of 3000000
 8997 multiletter control sequences out of 15000+50000
 32858 words of font info for 76 fonts, out of 3000000 for 9000
 28 hyphenation exceptions out of 8191
 68i,28n,98p,350b,503s stack positions out of 5000i,500n,10000p,200000b,50000s
{/usr/share/texmf-texlive/fonts/enc/dvips/base/8r.enc}</usr/share/texmf-texli
ve/fonts/type1/public/amsfonts/cm/cmex10.pfb></usr/share/texmf-texlive/fonts/ty
pe1/public/amsfonts/cm/cmmi12.pfb></usr/share/texmf-texlive/fonts/type1/public/
amsfonts/cm/cmr12.pfb></usr/share/texmf-texlive/fonts/type1/public/amsfonts/cm/
cmr17.pfb></usr/share/texmf-texlive/fonts/type1/public/amsfonts/cm/cmsy10.pfb><
/usr/share/texmf-texlive/fonts/type1/public/amsfonts/cm/cmti12.pfb></usr/share/
texmf-texlive/fonts/type1/public/amsfonts/symbols/msbm10.pfb></usr/share/texmf-
texlive/fonts/type1/urw/helvetic/uhvb8a.pfb></usr/share/texmf-texlive/fonts/typ
e1/urw/times/utmb8a.pfb></usr/share/texmf-texlive/fonts/type1/urw/times/utmr8a.
pfb></usr/share/texmf-texlive/fonts/type1/urw/times/utmri8a.pfb>
Output written on hybnoisePoster.pdf (1 page, 2373491 bytes).
PDF statistics:
 121 PDF objects out of 1000 (max. 8388607)
 0 named destinations out of 1000 (max. 500000)
 51 words of extra memory for PDF output out of 10000 (max. 10000000)

