This is pdfTeX, Version 3.1415926-2.5-1.40.14 (MiKTeX 2.9 64-bit) (preloaded format=pdflatex 2015.1.24)  15 SEP 2015 18:22
entering extended mode
**C:/O/WORK/AAAI2016/v2/symGibbsAAAI16.tex
(C:/O/WORK/AAAI2016/v2/symGibbsAAAI16.tex
LaTeX2e <2011/06/27>
Babel <v3.8m> and hyphenation patterns for english, afrikaans, ancientgreek, ar
abic, armenian, assamese, basque, bengali, bokmal, bulgarian, catalan, coptic, 
croatian, czech, danish, dutch, esperanto, estonian, farsi, finnish, french, ga
lician, german, german-x-2013-05-26, greek, gujarati, hindi, hungarian, iceland
ic, indonesian, interlingua, irish, italian, kannada, kurmanji, latin, latvian,
 lithuanian, malayalam, marathi, mongolian, mongolianlmc, monogreek, ngerman, n
german-x-2013-05-26, nynorsk, oriya, panjabi, pinyin, polish, portuguese, roman
ian, russian, sanskrit, serbian, slovak, slovenian, spanish, swedish, swissgerm
an, tamil, telugu, turkish, turkmen, ukenglish, ukrainian, uppersorbian, usengl
ishmax, welsh, loaded.
("C:\Program Files\MiKTeX 2.9\tex\latex\base\article.cls"
Document Class: article 2007/10/19 v1.4h Standard LaTeX document class
("C:\Program Files\MiKTeX 2.9\tex\latex\base\size10.clo"
File: size10.clo 2007/10/19 v1.4h Standard LaTeX file (size option)
)
\c@part=\count79
\c@section=\count80
\c@subsection=\count81
\c@subsubsection=\count82
\c@paragraph=\count83
\c@subparagraph=\count84
\c@figure=\count85
\c@table=\count86
\abovecaptionskip=\skip41
\belowcaptionskip=\skip42
\bibindent=\dimen102
)
(C:\O\WORK\AAAI2016\v2\aaai.sty
Conference Style for AAAI for LaTeX 2e -- version of 1 January 2015
\titlebox=\skip43
) ("C:\Program Files\MiKTeX 2.9\tex\latex\psnfss\times.sty"
Package: times 2005/04/12 PSNFSS-v9.2a (SPQR) 
)
("C:\Program Files\MiKTeX 2.9\tex\latex\psnfss\helvet.sty"
Package: helvet 2005/04/12 PSNFSS-v9.2a (WaS) 

("C:\Program Files\MiKTeX 2.9\tex\latex\graphics\keyval.sty"
Package: keyval 1999/03/16 v1.13 key=value parser (DPC)
\KV@toks@=\toks14
))
("C:\Program Files\MiKTeX 2.9\tex\latex\psnfss\courier.sty"
Package: courier 2005/04/12 PSNFSS-v9.2a (WaS) 
)
("C:\Program Files\MiKTeX 2.9\tex\latex\algorithms\algorithm.sty"
Package: algorithm 2009/08/24 v0.1 Document Style `algorithm' - floating enviro
nment

("C:\Program Files\MiKTeX 2.9\tex\latex\float\float.sty"
Package: float 2001/11/08 v1.3d Float enhancements (AL)
\c@float@type=\count87
\float@exts=\toks15
\float@box=\box26
\@float@everytoks=\toks16
\@floatcapt=\box27
)
("C:\Program Files\MiKTeX 2.9\tex\latex\base\ifthen.sty"
Package: ifthen 2001/05/26 v1.1c Standard LaTeX ifthen package (DPC)
)
\@float@every@algorithm=\toks17
\c@algorithm=\count88
)
("C:\Program Files\MiKTeX 2.9\tex\latex\algorithms\algorithmic.sty"
Package: algorithmic 2009/08/24 v0.1 Document Style `algorithmic'
\c@ALC@unique=\count89
\c@ALC@line=\count90
\c@ALC@rem=\count91
\c@ALC@depth=\count92
\ALC@tlm=\skip44
\algorithmicindent=\skip45
)
("C:\Program Files\MiKTeX 2.9\tex\latex\amscls\amsthm.sty"
Package: amsthm 2004/08/06 v2.20
\thm@style=\toks18
\thm@bodyfont=\toks19
\thm@headfont=\toks20
\thm@notefont=\toks21
\thm@headpunct=\toks22
\thm@preskip=\skip46
\thm@postskip=\skip47
\thm@headsep=\skip48
\dth@everypar=\toks23
)
\c@lemma=\count93
\c@definition=\count94

("C:\Program Files\MiKTeX 2.9\tex\latex\amsfonts\amsfonts.sty"
Package: amsfonts 2013/01/14 v3.01 Basic AMSFonts support
\@emptytoks=\toks24
\symAMSa=\mathgroup4
\symAMSb=\mathgroup5
LaTeX Font Info:    Overwriting math alphabet `\mathfrak' in version `bold'
(Font)                  U/euf/m/n --> U/euf/b/n on input line 106.
)
("C:\Program Files\MiKTeX 2.9\tex\latex\amsmath\amsmath.sty"
Package: amsmath 2013/01/14 v2.14 AMS math features
\@mathmargin=\skip49

For additional information on amsmath, use the `?' option.
("C:\Program Files\MiKTeX 2.9\tex\latex\amsmath\amstext.sty"
Package: amstext 2000/06/29 v2.01

("C:\Program Files\MiKTeX 2.9\tex\latex\amsmath\amsgen.sty"
File: amsgen.sty 1999/11/30 v2.0
\@emptytoks=\toks25
\ex@=\dimen103
))
("C:\Program Files\MiKTeX 2.9\tex\latex\amsmath\amsbsy.sty"
Package: amsbsy 1999/11/29 v1.2d
\pmbraise@=\dimen104
)
("C:\Program Files\MiKTeX 2.9\tex\latex\amsmath\amsopn.sty"
Package: amsopn 1999/12/14 v2.01 operator names
)
\inf@bad=\count95
LaTeX Info: Redefining \frac on input line 210.
\uproot@=\count96
\leftroot@=\count97
LaTeX Info: Redefining \overline on input line 306.
\classnum@=\count98
\DOTSCASE@=\count99
LaTeX Info: Redefining \ldots on input line 378.
LaTeX Info: Redefining \dots on input line 381.
LaTeX Info: Redefining \cdots on input line 466.
\Mathstrutbox@=\box28
\strutbox@=\box29
\big@size=\dimen105
LaTeX Font Info:    Redeclaring font encoding OML on input line 566.
LaTeX Font Info:    Redeclaring font encoding OMS on input line 567.
\macc@depth=\count100
\c@MaxMatrixCols=\count101
\dotsspace@=\muskip10
\c@parentequation=\count102
\dspbrk@lvl=\count103
\tag@help=\toks26
\row@=\count104
\column@=\count105
\maxfields@=\count106
\andhelp@=\toks27
\eqnshift@=\dimen106
\alignsep@=\dimen107
\tagshift@=\dimen108
\tagwidth@=\dimen109
\totwidth@=\dimen110
\lineht@=\dimen111
\@envbody=\toks28
\multlinegap=\skip50
\multlinetaggap=\skip51
\mathdisplay@stack=\toks29
LaTeX Info: Redefining \[ on input line 2665.
LaTeX Info: Redefining \] on input line 2666.
)
("C:\Program Files\MiKTeX 2.9\tex\latex\amsfonts\amssymb.sty"
Package: amssymb 2013/01/14 v3.01 AMS font symbols
)
("C:\Program Files\MiKTeX 2.9\tex\latex\tools\verbatim.sty"
Package: verbatim 2003/08/22 v1.5q LaTeX2e package for verbatim enhancements
\every@verbatim=\toks30
\verbatim@line=\toks31
\verbatim@in@stream=\read1
)
("C:\Program Files\MiKTeX 2.9\tex\latex\graphics\color.sty"
Package: color 2005/11/14 v1.0j Standard LaTeX Color (DPC)

("C:\Program Files\MiKTeX 2.9\tex\latex\00miktex\color.cfg"
File: color.cfg 2007/01/18 v1.5 color configuration of teTeX/TeXLive
)
Package color Info: Driver file: pdftex.def on input line 130.

("C:\Program Files\MiKTeX 2.9\tex\latex\pdftex-def\pdftex.def"
File: pdftex.def 2011/05/27 v0.06d Graphics/color for pdfTeX

("C:\Program Files\MiKTeX 2.9\tex\generic\oberdiek\infwarerr.sty"
Package: infwarerr 2010/04/08 v1.3 Providing info/warning/error messages (HO)
)
("C:\Program Files\MiKTeX 2.9\tex\generic\oberdiek\ltxcmds.sty"
Package: ltxcmds 2011/11/09 v1.22 LaTeX kernel commands for general use (HO)
)
\Gread@gobject=\count107
))
("C:\Program Files\MiKTeX 2.9\tex\latex\mdframed\mdframed.sty"
Package: mdframed 2013/07/01 1.9b: mdframed

("C:\Program Files\MiKTeX 2.9\tex\latex\oberdiek\kvoptions.sty"
Package: kvoptions 2011/06/30 v3.11 Key value format for package options (HO)

("C:\Program Files\MiKTeX 2.9\tex\generic\oberdiek\kvsetkeys.sty"
Package: kvsetkeys 2012/04/25 v1.16 Key value parser (HO)

("C:\Program Files\MiKTeX 2.9\tex\generic\oberdiek\etexcmds.sty"
Package: etexcmds 2011/02/16 v1.5 Avoid name clashes with e-TeX commands (HO)

("C:\Program Files\MiKTeX 2.9\tex\generic\oberdiek\ifluatex.sty"
Package: ifluatex 2010/03/01 v1.3 Provides the ifluatex switch (HO)
Package ifluatex Info: LuaTeX not detected.
)
Package etexcmds Info: Could not find \expanded.
(etexcmds)             That can mean that you are not using pdfTeX 1.50 or
(etexcmds)             that some package has redefined \expanded.
(etexcmds)             In the latter case, load this package earlier.
)))
("C:\Program Files\MiKTeX 2.9\tex\latex\l3packages\xparse\xparse.sty"
("C:\Program Files\MiKTeX 2.9\tex\latex\l3kernel\expl3.sty"
Package: expl3 2014/11/25 v5471 L3 programming layer (loader) 

("C:\Program Files\MiKTeX 2.9\tex\latex\l3kernel\expl3-code.tex"
Package: expl3 2014/11/25 v5471 L3 programming layer (code) 
L3 Module: l3bootstrap 2014/08/23 v5354 L3 Bootstrap code

("C:\Program Files\MiKTeX 2.9\tex\latex\misc\etex.sty"
Package: etex 1998/03/26 v2.0 eTeX basic definition package (PEB)
\et@xins=\count108
)
L3 Module: l3names 2014/08/22 v5343 L3 Namespace for primitives
L3 Module: l3basics 2014/08/24 v5364 L3 Basic definitions
L3 Module: l3expan 2014/08/22 v5349 L3 Argument expansion
L3 Module: l3tl 2014/11/19 v5460 L3 Token lists
L3 Module: l3str 2014/08/24 v5368 L3 Strings
L3 Module: l3seq 2014/08/23 v5354 L3 Sequences and stacks
L3 Module: l3int 2014/09/14 v5421 L3 Integers
\c_max_int=\count109
\l_tmpa_int=\count110
\l_tmpb_int=\count111
\g_tmpa_int=\count112
\g_tmpb_int=\count113
L3 Module: l3quark 2014/08/23 v5354 L3 Quarks
L3 Module: l3prg 2014/08/23 v5354 L3 Control structures
\g__prg_map_int=\count114
L3 Module: l3clist 2014/08/23 v5354 L3 Comma separated lists
L3 Module: l3token 2014/09/15 v5422 L3 Experimental token manipulation
L3 Module: l3prop 2014/08/23 v5354 L3 Property lists
L3 Module: l3msg 2014/08/24 v5358 L3 Messages
L3 Module: l3file 2014/08/24 v5369 L3 File and I/O operations
\l_iow_line_count_int=\count115
\l__iow_target_count_int=\count116
\l__iow_current_line_int=\count117
\l__iow_current_word_int=\count118
\l__iow_current_indentation_int=\count119
L3 Module: l3skip 2014/08/23 v5354 L3 Dimensions and skips
\c_zero_dim=\dimen112
\c_max_dim=\dimen113
\l_tmpa_dim=\dimen114
\l_tmpb_dim=\dimen115
\g_tmpa_dim=\dimen116
\g_tmpb_dim=\dimen117
\c_zero_skip=\skip52
\c_max_skip=\skip53
\l_tmpa_skip=\skip54
\l_tmpb_skip=\skip55
\g_tmpa_skip=\skip56
\g_tmpb_skip=\skip57
\c_zero_muskip=\muskip11
\c_max_muskip=\muskip12
\l_tmpa_muskip=\muskip13
\l_tmpb_muskip=\muskip14
\g_tmpa_muskip=\muskip15
\g_tmpb_muskip=\muskip16
L3 Module: l3keys 2014/08/23 v5354 L3 Key-value interfaces
\g__keyval_level_int=\count120
\l_keys_choice_int=\count121
L3 Module: l3fp 2014/08/22 v5336 L3 Floating points
\c__fp_leading_shift_int=\count122
\c__fp_middle_shift_int=\count123
\c__fp_trailing_shift_int=\count124
\c__fp_big_leading_shift_int=\count125
\c__fp_big_middle_shift_int=\count126
\c__fp_big_trailing_shift_int=\count127
\c__fp_Bigg_leading_shift_int=\count128
\c__fp_Bigg_middle_shift_int=\count129
\c__fp_Bigg_trailing_shift_int=\count130
L3 Module: l3box 2014/08/23 v5354 L3 Experimental boxes
\c_empty_box=\box30
\l_tmpa_box=\box31
\l_tmpb_box=\box32
\g_tmpa_box=\box33
\g_tmpb_box=\box34
L3 Module: l3coffins 2014/08/23 v5354 L3 Coffin code layer
\l__coffin_internal_box=\box35
\l__coffin_internal_dim=\dimen118
\l__coffin_offset_x_dim=\dimen119
\l__coffin_offset_y_dim=\dimen120
\l__coffin_x_dim=\dimen121
\l__coffin_y_dim=\dimen122
\l__coffin_x_prime_dim=\dimen123
\l__coffin_y_prime_dim=\dimen124
\c_empty_coffin=\box36
\l__coffin_aligned_coffin=\box37
\l__coffin_aligned_internal_coffin=\box38
\l_tmpa_coffin=\box39
\l_tmpb_coffin=\box40
\l__coffin_display_coffin=\box41
\l__coffin_display_coord_coffin=\box42
\l__coffin_display_pole_coffin=\box43
\l__coffin_display_offset_dim=\dimen125
\l__coffin_display_x_dim=\dimen126
\l__coffin_display_y_dim=\dimen127
L3 Module: l3color 2014/08/23 v5354 L3 Experimental color support
L3 Module: l3candidates 2014/11/23 v5466 L3 Experimental additions to l3kernel
\l__box_top_dim=\dimen128
\l__box_bottom_dim=\dimen129
\l__box_left_dim=\dimen130
\l__box_right_dim=\dimen131
\l__box_top_new_dim=\dimen132
\l__box_bottom_new_dim=\dimen133
\l__box_left_new_dim=\dimen134
\l__box_right_new_dim=\dimen135
\l__box_internal_box=\box44
\l__coffin_bounding_shift_dim=\dimen136
\l__coffin_left_corner_dim=\dimen137
\l__coffin_right_corner_dim=\dimen138
\l__coffin_bottom_corner_dim=\dimen139
\l__coffin_top_corner_dim=\dimen140
\l__coffin_scaled_total_height_dim=\dimen141
\l__coffin_scaled_width_dim=\dimen142
)
("C:\Program Files\MiKTeX 2.9\tex\latex\l3kernel\l3unicode-data.def"
File: l3unicode-data.def 2014/11/23 v5465 L3 Unicode data
)
("C:\Program Files\MiKTeX 2.9\tex\latex\l3kernel\l3pdfmode.def"
File: l3pdfmode.def 2014/11/23 v5466 L3 Experimental driver: PDF mode
\l__driver_color_stack_int=\count131
))
Package: xparse 2014/11/25 v5471 L3 Experimental document command parser
\l__xparse_current_arg_int=\count132
\l__xparse_m_args_int=\count133
\l__xparse_mandatory_args_int=\count134
\l__xparse_processor_int=\count135
\l__xparse_v_nesting_int=\count136
)
("C:\Program Files\MiKTeX 2.9\tex\latex\etoolbox\etoolbox.sty"
Package: etoolbox 2011/01/03 v2.1 e-TeX tools for LaTeX
\etb@tempcnta=\count137
)
("C:\Program Files\MiKTeX 2.9\tex\latex\oberdiek\zref-abspage.sty"
Package: zref-abspage 2012/04/04 v2.24 Module abspage for zref (HO)

("C:\Program Files\MiKTeX 2.9\tex\latex\oberdiek\zref-base.sty"
Package: zref-base 2012/04/04 v2.24 Module base for zref (HO)

("C:\Program Files\MiKTeX 2.9\tex\generic\oberdiek\kvdefinekeys.sty"
Package: kvdefinekeys 2011/04/07 v1.3 Define keys (HO)
)
("C:\Program Files\MiKTeX 2.9\tex\generic\oberdiek\pdftexcmds.sty"
Package: pdftexcmds 2011/11/29 v0.20 Utility functions of pdfTeX for LuaTeX (HO
)

("C:\Program Files\MiKTeX 2.9\tex\generic\oberdiek\ifpdf.sty"
Package: ifpdf 2011/01/30 v2.3 Provides the ifpdf switch (HO)
Package ifpdf Info: pdfTeX in PDF mode is detected.
)
Package pdftexcmds Info: LuaTeX not detected.
Package pdftexcmds Info: \pdf@primitive is available.
Package pdftexcmds Info: \pdf@ifprimitive is available.
Package pdftexcmds Info: \pdfdraftmode found.
)
("C:\Program Files\MiKTeX 2.9\tex\latex\oberdiek\auxhook.sty"
Package: auxhook 2011/03/04 v1.3 Hooks for auxiliary files (HO)
)
Package zref Info: New property list: main on input line 759.
Package zref Info: New property: default on input line 760.
Package zref Info: New property: page on input line 761.
)
("C:\Program Files\MiKTeX 2.9\tex\generic\oberdiek\atbegshi.sty"
Package: atbegshi 2011/10/05 v1.16 At begin shipout hook (HO)
)
\c@abspage=\count138
Package zref Info: New property: abspage on input line 62.
)
("C:\Program Files\MiKTeX 2.9\tex\latex\needspace\needspace.sty"
Package: needspace 2010/09/12 v1.3d reserve vertical space
)
\mdf@templength=\skip58
\c@mdf@globalstyle@cnt=\count139
\mdf@skipabove@length=\skip59
\mdf@skipbelow@length=\skip60
\mdf@leftmargin@length=\skip61
\mdf@rightmargin@length=\skip62
\mdf@innerleftmargin@length=\skip63
\mdf@innerrightmargin@length=\skip64
\mdf@innertopmargin@length=\skip65
\mdf@innerbottommargin@length=\skip66
\mdf@splittopskip@length=\skip67
\mdf@splitbottomskip@length=\skip68
\mdf@outermargin@length=\skip69
\mdf@innermargin@length=\skip70
\mdf@linewidth@length=\skip71
\mdf@innerlinewidth@length=\skip72
\mdf@middlelinewidth@length=\skip73
\mdf@outerlinewidth@length=\skip74
\mdf@roundcorner@length=\skip75
\mdf@footenotedistance@length=\skip76
\mdf@userdefinedwidth@length=\skip77
\mdf@needspace@length=\skip78
\mdf@frametitleaboveskip@length=\skip79
\mdf@frametitlebelowskip@length=\skip80
\mdf@frametitlerulewidth@length=\skip81
\mdf@frametitleleftmargin@length=\skip82
\mdf@frametitlerightmargin@length=\skip83
\mdf@shadowsize@length=\skip84
\mdf@extratopheight@length=\skip85
\mdf@subtitleabovelinewidth@length=\skip86
\mdf@subtitlebelowlinewidth@length=\skip87
\mdf@subtitleaboveskip@length=\skip88
\mdf@subtitlebelowskip@length=\skip89
\mdf@subtitleinneraboveskip@length=\skip90
\mdf@subtitleinnerbelowskip@length=\skip91
\mdf@subsubtitleabovelinewidth@length=\skip92
\mdf@subsubtitlebelowlinewidth@length=\skip93
\mdf@subsubtitleaboveskip@length=\skip94
\mdf@subsubtitlebelowskip@length=\skip95
\mdf@subsubtitleinneraboveskip@length=\skip96
\mdf@subsubtitleinnerbelowskip@length=\skip97

("C:\Program Files\MiKTeX 2.9\tex\latex\mdframed\md-frame-0.mdf"
File: md-frame-0.mdf 2013/07/01\ 1.9b: md-frame-0
)
\mdf@frametitlebox=\box45
\mdf@footnotebox=\box46
\mdf@splitbox@one=\box47
\mdf@splitbox@two=\box48
\mdf@splitbox@save=\box49
\mdfsplitboxwidth=\skip98
\mdfsplitboxtotalwidth=\skip99
\mdfsplitboxheight=\skip100
\mdfsplitboxdepth=\skip101
\mdfsplitboxtotalheight=\skip102
\mdfframetitleboxwidth=\skip103
\mdfframetitleboxtotalwidth=\skip104
\mdfframetitleboxheight=\skip105
\mdfframetitleboxdepth=\skip106
\mdfframetitleboxtotalheight=\skip107
\mdffootnoteboxwidth=\skip108
\mdffootnoteboxtotalwidth=\skip109
\mdffootnoteboxheight=\skip110
\mdffootnoteboxdepth=\skip111
\mdffootnoteboxtotalheight=\skip112
\mdftotallinewidth=\skip113
\mdfboundingboxwidth=\skip114
\mdfboundingboxtotalwidth=\skip115
\mdfboundingboxheight=\skip116
\mdfboundingboxdepth=\skip117
\mdfboundingboxtotalheight=\skip118
\mdf@freevspace@length=\skip119
\mdf@horizontalwidthofbox@length=\skip120
\mdf@verticalmarginwhole@length=\skip121
\mdf@horizontalspaceofbox=\skip122
\mdfsubtitleheight=\skip123
\mdfsubsubtitleheight=\skip124
\c@mdfcountframes=\count140

****** mdframed patching \endmdf@trivlist

****** -- success******

.................................................
. LaTeX info: "xparse/define-command"
. 
. Defining command \newmdtheoremenv with sig. 'O{} m o m o ' on line 601.
.................................................
.................................................
. LaTeX info: "xparse/define-command"
. 
. Defining command \mdtheorem with sig. ' O{} m o m o ' on line 701.
.................................................
\mdf@envdepth=\count141
\c@mdf@env@i=\count142
\c@mdf@env@ii=\count143
\c@mdf@zref@counter=\count144
Package zref Info: New property: mdf@pagevalue on input line 895.
)
\c@theorem=\count145

("C:\Program Files\MiKTeX 2.9\tex\latex\booktabs\booktabs.sty"
Package: booktabs 2005/04/14 v1.61803 publication quality tables
\heavyrulewidth=\dimen143
\lightrulewidth=\dimen144
\cmidrulewidth=\dimen145
\belowrulesep=\dimen146
\belowbottomsep=\dimen147
\aboverulesep=\dimen148
\abovetopsep=\dimen149
\cmidrulesep=\dimen150
\cmidrulekern=\dimen151
\defaultaddspace=\dimen152
\@cmidla=\count146
\@cmidlb=\count147
\@aboverulesep=\dimen153
\@belowrulesep=\dimen154
\@thisruleclass=\count148
\@lastruleclass=\count149
\@thisrulewidth=\dimen155
)
("C:\Program Files\MiKTeX 2.9\tex\latex\enumitem\enumitem.sty"
Package: enumitem 2011/09/28 v3.5.2 Customized lists
\labelindent=\skip125
\enit@outerparindent=\dimen156
\enit@toks=\toks32
\enit@inbox=\box50
\enitdp@description=\count150
)
("C:\Program Files\MiKTeX 2.9\tex\latex\graphics\graphicx.sty"
Package: graphicx 1999/02/16 v1.0f Enhanced LaTeX Graphics (DPC,SPQR)

("C:\Program Files\MiKTeX 2.9\tex\latex\graphics\graphics.sty"
Package: graphics 2009/02/05 v1.0o Standard LaTeX Graphics (DPC,SPQR)

("C:\Program Files\MiKTeX 2.9\tex\latex\graphics\trig.sty"
Package: trig 1999/03/16 v1.09 sin cos tan (DPC)
)
("C:\Program Files\MiKTeX 2.9\tex\latex\00miktex\graphics.cfg"
File: graphics.cfg 2007/01/18 v1.5 graphics configuration of teTeX/TeXLive
)
Package graphics Info: Driver file: pdftex.def on input line 91.
)
\Gin@req@height=\dimen157
\Gin@req@width=\dimen158
)
(C:\O\WORK\AAAI2016\v2\symGibbsAAAI16.aux)
LaTeX Font Info:    Checking defaults for OML/cmm/m/it on input line 85.
LaTeX Font Info:    ... okay on input line 85.
LaTeX Font Info:    Checking defaults for T1/cmr/m/n on input line 85.
LaTeX Font Info:    ... okay on input line 85.
LaTeX Font Info:    Checking defaults for OT1/cmr/m/n on input line 85.
LaTeX Font Info:    ... okay on input line 85.
LaTeX Font Info:    Checking defaults for OMS/cmsy/m/n on input line 85.
LaTeX Font Info:    ... okay on input line 85.
LaTeX Font Info:    Checking defaults for OMX/cmex/m/n on input line 85.
LaTeX Font Info:    ... okay on input line 85.
LaTeX Font Info:    Checking defaults for U/cmr/m/n on input line 85.
LaTeX Font Info:    ... okay on input line 85.
LaTeX Font Info:    Try loading font information for OT1+ptm on input line 85.

("C:\Program Files\MiKTeX 2.9\tex\latex\psnfss\ot1ptm.fd"
File: ot1ptm.fd 2001/06/04 font definitions for OT1/ptm.
)
("C:\Program Files\MiKTeX 2.9\tex\context\base\supp-pdf.mkii"
[Loading MPS to PDF converter (version 2006.09.02).]
\scratchcounter=\count151
\scratchdimen=\dimen159
\scratchbox=\box51
\nofMPsegments=\count152
\nofMParguments=\count153
\everyMPshowfont=\toks33
\MPscratchCnt=\count154
\MPscratchDim=\dimen160
\MPnumerator=\count155
\makeMPintoPDFobject=\count156
\everyMPtoPDFconversion=\toks34
)
\AtBeginShipoutBox=\box52
LaTeX Font Info:    Font shape `OT1/ptm/bx/n' in size <14.4> not available
(Font)              Font shape `OT1/ptm/b/n' tried instead on input line 95.
LaTeX Font Info:    Try loading font information for U+msa on input line 95.
 ("C:\Program Files\MiKTeX 2.9\tex\latex\amsfonts\umsa.fd"
File: umsa.fd 2013/01/14 v3.01 AMS symbols A
)
LaTeX Font Info:    Try loading font information for U+msb on input line 95.

("C:\Program Files\MiKTeX 2.9\tex\latex\amsfonts\umsb.fd"
File: umsb.fd 2013/01/14 v3.01 AMS symbols B
)
LaTeX Font Info:    Font shape `OT1/ptm/bx/n' in size <12> not available
(Font)              Font shape `OT1/ptm/b/n' tried instead on input line 95.


LaTeX Warning: No \author given.

LaTeX Font Info:    Try loading font information for OMS+ptm on input line 95.
("C:\Program Files\MiKTeX 2.9\tex\latex\psnfss\omsptm.fd"
File: omsptm.fd 
)
LaTeX Font Info:    Font shape `OMS/ptm/m/n' in size <9> not available
(Font)              Font shape `OMS/cmsy/m/n' tried instead on input line 95.
LaTeX Font Info:    Font shape `OT1/ptm/bx/n' in size <10> not available
(Font)              Font shape `OT1/ptm/b/n' tried instead on input line 98.

Underfull \hbox (badness 1242) in paragraph at lines 100--119
\OT1/ptm/m/n/9 pri-ors en-forc-ing bounded pa-ram-e-ter val-ues). While
 []

<Figs/little-momentum1.pdf, id=1, 349.305pt x 258.7748pt>
File: Figs/little-momentum1.pdf Graphic file (type pdf)

<use Figs/little-momentum1.pdf>
Package pdftex.def Info: Figs/little-momentum1.pdf used on input line 153.
(pdftex.def)             Requested size: 75.8804pt x 56.21198pt.
Missing character: There is no â in font ptmr7t!
Missing character: There is no € in font ptmr7t!
Missing character: There is no ™ in font ptmr7t!
 [1{C:/ProgramData/MiKTeX/2.9/pdftex/config/pdftex.map}



 <C:/O/WORK/AAAI2016/v2/Figs/little-momentum1.pdf>]
Underfull \hbox (badness 1424) in paragraph at lines 227--238
$\OMS/cmsy/m/n/10 f\OML/cmm/m/it/10 x[]; [] ; x[]\OMS/cmsy/m/n/10 g$\OT1/ptm/m/
n/10 .[] For the sake of no-ta-tional con-sis-tency,
 []


LaTeX Font Warning: Command \footnotesize invalid in math mode on input line 23
8.


LaTeX Font Warning: Command \footnotesize invalid in math mode on input line 25
7.

LaTeX Font Info:    Font shape `OT1/ptm/bx/n' in size <9> not available
(Font)              Font shape `OT1/ptm/b/n' tried instead on input line 259.
LaTeX Font Info:    Calculating math sizes for size <> on input line 263.

LaTeX Font Warning: Font shape `OT1/cmr/m/n' in size <> not available
(Font)              size <5> substituted on input line 263.


LaTeX Font Warning: Font shape `OT1/cmr/m/n' in size <0.7> not available
(Font)              size <5> substituted on input line 263.


LaTeX Font Warning: Font shape `OT1/cmr/m/n' in size <0.5> not available
(Font)              size <5> substituted on input line 263.


LaTeX Font Warning: Font shape `OML/cmm/m/it' in size <> not available
(Font)              size <5> substituted on input line 263.


LaTeX Font Warning: Font shape `OML/cmm/m/it' in size <0.7> not available
(Font)              size <5> substituted on input line 263.


LaTeX Font Warning: Font shape `OML/cmm/m/it' in size <0.5> not available
(Font)              size <5> substituted on input line 263.


LaTeX Font Warning: Font shape `OMS/cmsy/m/n' in size <> not available
(Font)              size <5> substituted on input line 263.


LaTeX Font Warning: Font shape `OMS/cmsy/m/n' in size <0.7> not available
(Font)              size <5> substituted on input line 263.


LaTeX Font Warning: Font shape `OMS/cmsy/m/n' in size <0.5> not available
(Font)              size <5> substituted on input line 263.


LaTeX Font Warning: Font shape `OT1/cmr/bx/n' in size <> not available
(Font)              size <5> substituted on input line 263.


LaTeX Font Warning: Font shape `OT1/cmr/bx/n' in size <0.7> not available
(Font)              size <5> substituted on input line 263.


LaTeX Font Warning: Font shape `OT1/cmr/bx/n' in size <0.5> not available
(Font)              size <5> substituted on input line 263.


LaTeX Font Warning: Command \footnotesize invalid in math mode on input line 28
0.


Underfull \hbox (badness 8056) in paragraph at lines 317--326
\OT1/ptm/m/it/10 where $\OML/cmm/m/it/10 f\OT1/cmr/m/n/10 (\OML/cmm/m/it/10 x[]
; [] ; x[]\OT1/cmr/m/n/10 ) = 0$ \OT1/ptm/m/it/10 has real and sim-ple
 []


LaTeX Font Warning: Command \footnotesize invalid in math mode on input line 32
6.


Overfull \hbox (1.20479pt too wide) detected at line 332
\OML/cmm/m/it/9 p\OT1/cmr/m/n/9 (\OML/cmm/m/it/9 x[]; [] ; x[] \OMS/cmsy/m/n/9 
j \OML/cmm/m/it/9 Z \OT1/cmr/m/n/9 = \OML/cmm/m/it/9 z\OT1/cmr/m/n/9 ) \OMS/cms
y/m/n/9 / [] []
 []

[2]

LaTeX Font Warning: Command \footnotesize invalid in math mode on input line 38
5.

<Figs/col_m1_v1.png, id=39, 422.32782pt x 316.18124pt>
File: Figs/col_m1_v1.png Graphic file (type png)

<use Figs/col_m1_v1.png>
Package pdftex.def Info: Figs/col_m1_v1.png used on input line 459.
(pdftex.def)             Requested size: 80.94424pt x 60.5961pt.

<Figs/col_m1v1_p3.png, id=40, 422.32782pt x 316.18124pt>
File: Figs/col_m1v1_p3.png Graphic file (type png)

<use Figs/col_m1v1_p3.png>
Package pdftex.def Info: Figs/col_m1v1_p3.png used on input line 460.
(pdftex.def)             Requested size: 80.94424pt x 60.5961pt.

<Figs/col_m1v1_when_p_is_3_and_v2_is_0_dot_2.png, id=41, 422.32782pt x 316.1812
4pt>
File: Figs/col_m1v1_when_p_is_3_and_v2_is_0_dot_2.png Graphic file (type png)
 <use Figs/col_m1v1_when_p_is_3_and_v2_is_0_dot_2.png>
Package pdftex.def Info: Figs/col_m1v1_when_p_is_3_and_v2_is_0_dot_2.png used o
n input line 461.
(pdftex.def)             Requested size: 80.94424pt x 60.5961pt.

<Figs/col_v1v2.png, id=42, 422.32782pt x 316.18124pt>
File: Figs/col_v1v2.png Graphic file (type png)
 <use Figs/col_v1v2.png>
Package pdftex.def Info: Figs/col_v1v2.png used on input line 462.
(pdftex.def)             Requested size: 80.94424pt x 60.5961pt.

<Figs/col_v1v2whenPis3.png, id=43, 422.32782pt x 316.18124pt>
File: Figs/col_v1v2whenPis3.png Graphic file (type png)

<use Figs/col_v1v2whenPis3.png>
Package pdftex.def Info: Figs/col_v1v2whenPis3.png used on input line 463.
(pdftex.def)             Requested size: 80.94424pt x 60.5961pt.

<Figs/colV1V2givenPis3M1is2.png, id=44, 422.32782pt x 316.18124pt>
File: Figs/colV1V2givenPis3M1is2.png Graphic file (type png)

<use Figs/colV1V2givenPis3M1is2.png>
Package pdftex.def Info: Figs/colV1V2givenPis3M1is2.png used on input line 464.

(pdftex.def)             Requested size: 80.94424pt x 60.5961pt.

Overfull \hbox (12.37004pt too wide) in paragraph at lines 458--475
 [] 
 []


Underfull \hbox (badness 10000) in paragraph at lines 519--532

 []


LaTeX Font Warning: Command \footnotesize invalid in math mode on input line 58
4.

LaTeX Font Info:    Font shape `OT1/ptm/bx/n' in size <10.95> not available
(Font)              Font shape `OT1/ptm/b/n' tried instead on input line 618.

LaTeX Font Warning: Command \footnotesize invalid in math mode on input line 64
7.

[3]
Overfull \hbox (7.14516pt too wide) detected at line 707
[]
 []


LaTeX Font Warning: Command \footnotesize invalid in math mode on input line 73
5.


Overfull \hbox (3.84149pt too wide) in paragraph at lines 749--749
[] 
 []


LaTeX Font Warning: Command \footnotesize invalid in math mode on input line 81
1.


LaTeX Font Warning: Command \footnotesize invalid in math mode on input line 81
1.

[4 <C:/O/WORK/AAAI2016/v2/Figs/col_m1_v1.png (PNG copy)> <C:/O/WORK/AAAI2016/v2
/Figs/col_m1v1_p3.png (PNG copy)> <C:/O/WORK/AAAI2016/v2/Figs/col_m1v1_when_p_i
s_3_and_v2_is_0_dot_2.png (PNG copy)> <C:/O/WORK/AAAI2016/v2/Figs/col_v1v2.png 
(PNG copy)> <C:/O/WORK/AAAI2016/v2/Figs/col_v1v2whenPis3.png (PNG copy)> <C:/O/
WORK/AAAI2016/v2/Figs/colV1V2givenPis3M1is2.png (PNG copy)>]
<Figs2/col_c_gibbs10000.png, id=56, 422.32782pt x 316.18124pt>
File: Figs2/col_c_gibbs10000.png Graphic file (type png)

<use Figs2/col_c_gibbs10000.png>
Package pdftex.def Info: Figs2/col_c_gibbs10000.png used on input line 937.
(pdftex.def)             Requested size: 80.94424pt x 60.5961pt.

<Figs2/col-c-mh-10000_08.png, id=57, 422.32782pt x 316.18124pt>
File: Figs2/col-c-mh-10000_08.png Graphic file (type png)

<use Figs2/col-c-mh-10000_08.png>
Package pdftex.def Info: Figs2/col-c-mh-10000_08.png used on input line 938.
(pdftex.def)             Requested size: 80.94424pt x 60.5961pt.

<Figs2/col_c_stan10000_02.png, id=58, 422.32782pt x 316.18124pt>
File: Figs2/col_c_stan10000_02.png Graphic file (type png)

<use Figs2/col_c_stan10000_02.png>
Package pdftex.def Info: Figs2/col_c_stan10000_02.png used on input line 939.
(pdftex.def)             Requested size: 80.94424pt x 60.5961pt.

<Figs2/col_c_stan_10000_000001.png, id=59, 422.32782pt x 316.18124pt>
File: Figs2/col_c_stan_10000_000001.png Graphic file (type png)

<use Figs2/col_c_stan_10000_000001.png>
Package pdftex.def Info: Figs2/col_c_stan_10000_000001.png used on input line 9
40.
(pdftex.def)             Requested size: 80.94424pt x 60.5961pt.

<Figs2/col_c_ang10000_02_001.png, id=60, 422.32782pt x 316.18124pt>
File: Figs2/col_c_ang10000_02_001.png Graphic file (type png)

<use Figs2/col_c_ang10000_02_001.png>
Package pdftex.def Info: Figs2/col_c_ang10000_02_001.png used on input line 941
.
(pdftex.def)             Requested size: 80.94424pt x 60.5961pt.

<Figs2/col_c_ang_10000_01_001.png, id=61, 422.32782pt x 316.18124pt>
File: Figs2/col_c_ang_10000_01_001.png Graphic file (type png)

<use Figs2/col_c_ang_10000_01_001.png>
Package pdftex.def Info: Figs2/col_c_ang_10000_01_001.png used on input line 94
2.
(pdftex.def)             Requested size: 80.94424pt x 60.5961pt.

Overfull \hbox (12.37004pt too wide) in paragraph at lines 923--953
 [] 
 []


Underfull \hbox (badness 1019) in paragraph at lines 995--995
[][]\OT1/ptm/m/n/9 We also tested the other al-go-rithm im-ple-mented by An-
 []


Underfull \hbox (badness 1571) in paragraph at lines 981--999
\OT1/ptm/m/n/10 ibbs) ( Pea87), \OT1/ptm/m/it/10 re-jec-tion sam-pling \OT1/ptm
/m/n/10 (Rej) ( HH64), \OT1/ptm/m/it/10 tuned
 []


LaTeX Font Warning: Command \footnotesize invalid in math mode on input line 10
52.


<plotsx/collisionx/err-vs-time__param5-shaded.pdf, id=62, 544.8355pt x 432.6162
6pt>
File: plotsx/collisionx/err-vs-time__param5-shaded.pdf Graphic file (type pdf)
 <use plotsx/collisionx/err-vs-time__param5-shaded.pdf>
Package pdftex.def Info: plotsx/collisionx/err-vs-time__param5-shaded.pdf used 
on input line 1075.
(pdftex.def)             Requested size: 166.94357pt x 116.35246pt.

<plotsx/collisionx/err-vs-time__param15-shaded.pdf, id=63, 544.8355pt x 432.616
26pt>
File: plotsx/collisionx/err-vs-time__param15-shaded.pdf Graphic file (type pdf)

 <use plotsx/collisionx/err-vs-time__param15-shaded.pdf>
Package pdftex.def Info: plotsx/collisionx/err-vs-time__param15-shaded.pdf used
 on input line 1076.
(pdftex.def)             Requested size: 166.94357pt x 116.35246pt.

<plotsx/conductancex/err-vs-time__param10-shaded.pdf, id=64, 544.8355pt x 432.6
1626pt>
File: plotsx/conductancex/err-vs-time__param10-shaded.pdf Graphic file (type pd
f)
 <use plotsx/conductancex/err-vs-time__param10-shaded.pdf>
Package pdftex.def Info: plotsx/conductancex/err-vs-time__param10-shaded.pdf us
ed on input line 1101.
(pdftex.def)             Requested size: 166.94357pt x 116.35246pt.

<plotsx/conductancex/err-vs-time__param30-shaded.pdf, id=65, 544.8355pt x 432.6
1626pt>
File: plotsx/conductancex/err-vs-time__param30-shaded.pdf Graphic file (type pd
f)
 <use plotsx/conductancex/err-vs-time__param30-shaded.pdf>
Package pdftex.def Info: plotsx/conductancex/err-vs-time__param30-shaded.pdf us
ed on input line 1102.
(pdftex.def)             Requested size: 166.94357pt x 116.35246pt.


LaTeX Font Warning: Command \footnotesize invalid in math mode on input line 11
25.


LaTeX Font Warning: Command \footnotesize invalid in math mode on input line 11
54.

[5] [6 <C:/O/WORK/AAAI2016/v2/Figs2/col_c_gibbs10000.png (PNG copy)> <C:/O/WORK
/AAAI2016/v2/Figs2/col-c-mh-10000_08.png (PNG copy)> <C:/O/WORK/AAAI2016/v2/Fig
s2/col_c_stan10000_02.png (PNG copy)> <C:/O/WORK/AAAI2016/v2/Figs2/col_c_stan_1
0000_000001.png (PNG copy)> <C:/O/WORK/AAAI2016/v2/Figs2/col_c_ang10000_02_001.
png (PNG copy)> <C:/O/WORK/AAAI2016/v2/Figs2/col_c_ang_10000_01_001.png (PNG co
py)> <C:/O/WORK/AAAI2016/v2/plotsx/collisionx/err-vs-time__param5-shaded.pdf> <
C:/O/WORK/AAAI2016/v2/plotsx/collisionx/err-vs-time__param15-shaded.pdf

pdfTeX warning: pdflatex.EXE (file C:/O/WORK/AAAI2016/v2/plotsx/collisionx/err-
vs-time__param15-shaded.pdf): PDF inclusion: multiple pdfs with page group incl
uded in a single page
> <C:/O/WORK/AAAI2016/v2/plotsx/conductancex/err-vs-time__param10-shaded.pdf

pdfTeX warning: pdflatex.EXE (file C:/O/WORK/AAAI2016/v2/plotsx/conductancex/er
r-vs-time__param10-shaded.pdf): PDF inclusion: multiple pdfs with page group in
cluded in a single page
> <C:/O/WORK/AAAI2016/v2/plotsx/conductancex/err-vs-time__param30-shaded.pdf

pdfTeX warning: pdflatex.EXE (file C:/O/WORK/AAAI2016/v2/plotsx/conductancex/er
r-vs-time__param30-shaded.pdf): PDF inclusion: multiple pdfs with page group in
cluded in a single page
>] (C:\O\WORK\AAAI2016\v2\symGibbsAAAI16.bbl) [7]
(C:\O\WORK\AAAI2016\v2\symGibbsAAAI16.aux)

LaTeX Font Warning: Size substitutions with differences
(Font)              up to 4.5pt have occurred.

 ) 
Here is how much of TeX's memory you used:
 10172 strings out of 493921
 184947 string characters out of 3147282
 248570 words of memory out of 3000000
 13294 multiletter control sequences out of 15000+200000
 43933 words of font info for 96 fonts, out of 3000000 for 9000
 841 hyphenation exceptions out of 8191
 40i,16n,39p,10461b,358s stack positions out of 5000i,500n,10000p,200000b,50000s
{C:/Program Files/MiKTeX 2.9/fonts/enc/dvips/fontname/8r.enc}<C:/Program File
s/MiKTeX 2.9/fonts/type1/public/amsfonts/cm/cmbx10.pfb><C:/Program Files/MiKTeX
 2.9/fonts/type1/public/amsfonts/cm/cmbx5.pfb><C:/Program Files/MiKTeX 2.9/font
s/type1/public/amsfonts/cm/cmbx6.pfb><C:/Program Files/MiKTeX 2.9/fonts/type1/p
ublic/amsfonts/cm/cmbx9.pfb><C:/Program Files/MiKTeX 2.9/fonts/type1/public/ams
fonts/cm/cmex10.pfb><C:/Program Files/MiKTeX 2.9/fonts/type1/public/amsfonts/cm
extra/cmex7.pfb><C:/Program Files/MiKTeX 2.9/fonts/type1/public/amsfonts/cmextr
a/cmex9.pfb><C:/Program Files/MiKTeX 2.9/fonts/type1/public/amsfonts/cm/cmmi10.
pfb><C:/Program Files/MiKTeX 2.9/fonts/type1/public/amsfonts/cm/cmmi5.pfb><C:/P
rogram Files/MiKTeX 2.9/fonts/type1/public/amsfonts/cm/cmmi6.pfb><C:/Program Fi
les/MiKTeX 2.9/fonts/type1/public/amsfonts/cm/cmmi7.pfb><C:/Program Files/MiKTe
X 2.9/fonts/type1/public/amsfonts/cm/cmmi9.pfb><C:/Program Files/MiKTeX 2.9/fon
ts/type1/public/amsfonts/cm/cmr10.pfb><C:/Program Files/MiKTeX 2.9/fonts/type1/
public/amsfonts/cm/cmr5.pfb><C:/Program Files/MiKTeX 2.9/fonts/type1/public/ams
fonts/cm/cmr6.pfb><C:/Program Files/MiKTeX 2.9/fonts/type1/public/amsfonts/cm/c
mr7.pfb><C:/Program Files/MiKTeX 2.9/fonts/type1/public/amsfonts/cm/cmr9.pfb><C
:/Program Files/MiKTeX 2.9/fonts/type1/public/amsfonts/cm/cmsy10.pfb><C:/Progra
m Files/MiKTeX 2.9/fonts/type1/public/amsfonts/cm/cmsy5.pfb><C:/Program Files/M
iKTeX 2.9/fonts/type1/public/amsfonts/cm/cmsy6.pfb><C:/Program Files/MiKTeX 2.9
/fonts/type1/public/amsfonts/cm/cmsy7.pfb><C:/Program Files/MiKTeX 2.9/fonts/ty
pe1/public/amsfonts/cm/cmsy9.pfb><C:/Program Files/MiKTeX 2.9/fonts/type1/publi
c/amsfonts/symbols/msam10.pfb><C:/Program Files/MiKTeX 2.9/fonts/type1/public/a
msfonts/symbols/msbm10.pfb><C:/Program Files/MiKTeX 2.9/fonts/type1/urw/times/u
tmb8a.pfb><C:/Program Files/MiKTeX 2.9/fonts/type1/urw/times/utmr8a.pfb><C:/Pro
gram Files/MiKTeX 2.9/fonts/type1/urw/times/utmri8a.pfb>
Output written on symGibbsAAAI16.pdf (7 pages, 737171 bytes).
PDF statistics:
 257 PDF objects out of 1000 (max. 8388607)
 0 named destinations out of 1000 (max. 500000)
 86 words of extra memory for PDF output out of 10000 (max. 10000000)

