This is pdfTeX, Version 3.1415926-1.40.10 (TeX Live 2009/Debian) (format=pdflatex 2011.10.25)  25 JAN 2012 16:56
entering extended mode
 %&-line parsing enabled.
**sve.tex
(./sve.tex
LaTeX2e <2009/09/24>
Babel <v3.8l> and hyphenation patterns for english, usenglishmax, dumylang, noh
yphenation, loaded.
(/usr/share/texmf-texlive/tex/latex/base/article.cls
Document Class: article 2007/10/19 v1.4h Standard LaTeX document class
(/usr/share/texmf-texlive/tex/latex/base/size10.clo
File: size10.clo 2007/10/19 v1.4h Standard LaTeX file (size option)
)
\c@part=\count79
\c@section=\count80
\c@subsection=\count81
\c@subsubsection=\count82
\c@paragraph=\count83
\c@subparagraph=\count84
\c@figure=\count85
\c@table=\count86
\abovecaptionskip=\skip41
\belowcaptionskip=\skip42
\bibindent=\dimen102
) (./aaai.sty
Conference Style for AAAI for LaTeX 2e -- version of 7 January 2011
\titlebox=\skip43
) (/usr/share/texmf-texlive/tex/latex/psnfss/times.sty
Package: times 2005/04/12 PSNFSS-v9.2a (SPQR) 
)
(/usr/share/texmf-texlive/tex/latex/psnfss/helvet.sty
Package: helvet 2005/04/12 PSNFSS-v9.2a (WaS) 

(/usr/share/texmf-texlive/tex/latex/graphics/keyval.sty
Package: keyval 1999/03/16 v1.13 key=value parser (DPC)
\KV@toks@=\toks14
))
(/usr/share/texmf-texlive/tex/latex/psnfss/courier.sty
Package: courier 2005/04/12 PSNFSS-v9.2a (WaS) 
)
(/usr/share/texmf-texlive/tex/latex/amsmath/amsmath.sty
Package: amsmath 2000/07/18 v2.13 AMS math features
\@mathmargin=\skip44

For additional information on amsmath, use the `?' option.
(/usr/share/texmf-texlive/tex/latex/amsmath/amstext.sty
Package: amstext 2000/06/29 v2.01

(/usr/share/texmf-texlive/tex/latex/amsmath/amsgen.sty
File: amsgen.sty 1999/11/30 v2.0
\@emptytoks=\toks15
\ex@=\dimen103
))
(/usr/share/texmf-texlive/tex/latex/amsmath/amsbsy.sty
Package: amsbsy 1999/11/29 v1.2d
\pmbraise@=\dimen104
)
(/usr/share/texmf-texlive/tex/latex/amsmath/amsopn.sty
Package: amsopn 1999/12/14 v2.01 operator names
)
\inf@bad=\count87
LaTeX Info: Redefining \frac on input line 211.
\uproot@=\count88
\leftroot@=\count89
LaTeX Info: Redefining \overline on input line 307.
\classnum@=\count90
\DOTSCASE@=\count91
LaTeX Info: Redefining \ldots on input line 379.
LaTeX Info: Redefining \dots on input line 382.
LaTeX Info: Redefining \cdots on input line 467.
\Mathstrutbox@=\box26
\strutbox@=\box27
\big@size=\dimen105
LaTeX Font Info:    Redeclaring font encoding OML on input line 567.
LaTeX Font Info:    Redeclaring font encoding OMS on input line 568.
\macc@depth=\count92
\c@MaxMatrixCols=\count93
\dotsspace@=\muskip10
\c@parentequation=\count94
\dspbrk@lvl=\count95
\tag@help=\toks16
\row@=\count96
\column@=\count97
\maxfields@=\count98
\andhelp@=\toks17
\eqnshift@=\dimen106
\alignsep@=\dimen107
\tagshift@=\dimen108
\tagwidth@=\dimen109
\totwidth@=\dimen110
\lineht@=\dimen111
\@envbody=\toks18
\multlinegap=\skip45
\multlinetaggap=\skip46
\mathdisplay@stack=\toks19
LaTeX Info: Redefining \[ on input line 2666.
LaTeX Info: Redefining \] on input line 2667.
)
(/usr/share/texmf-texlive/tex/latex/amsfonts/amsfonts.sty
Package: amsfonts 2009/06/22 v3.00 Basic AMSFonts support
\symAMSa=\mathgroup4
\symAMSb=\mathgroup5
LaTeX Font Info:    Overwriting math alphabet `\mathfrak' in version `bold'
(Font)                  U/euf/m/n --> U/euf/b/n on input line 96.
)
(/usr/share/texmf-texlive/tex/latex/amsfonts/amssymb.sty
Package: amssymb 2009/06/22 v3.00
)
(/usr/share/texmf-texlive/tex/latex/amscls/amsthm.sty
Package: amsthm 2004/08/06 v2.20
\thm@style=\toks20
\thm@bodyfont=\toks21
\thm@headfont=\toks22
\thm@notefont=\toks23
\thm@headpunct=\toks24
\thm@preskip=\skip47
\thm@postskip=\skip48
\thm@headsep=\skip49
\dth@everypar=\toks25
)
(/usr/share/texmf-texlive/tex/latex/tools/array.sty
Package: array 2008/09/09 v2.4c Tabular extension package (FMi)
\col@sep=\dimen112
\extrarowheight=\dimen113
\NC@list=\toks26
\extratabsurround=\skip50
\backup@length=\skip51
)
(/usr/share/texmf-texlive/tex/latex/graphics/epsfig.sty
Package: epsfig 1999/02/16 v1.7a (e)psfig emulation (SPQR)

(/usr/share/texmf-texlive/tex/latex/graphics/graphicx.sty
Package: graphicx 1999/02/16 v1.0f Enhanced LaTeX Graphics (DPC,SPQR)

(/usr/share/texmf-texlive/tex/latex/graphics/graphics.sty
Package: graphics 2009/02/05 v1.0o Standard LaTeX Graphics (DPC,SPQR)

(/usr/share/texmf-texlive/tex/latex/graphics/trig.sty
Package: trig 1999/03/16 v1.09 sin cos tan (DPC)
)
(/etc/texmf/tex/latex/config/graphics.cfg
File: graphics.cfg 2009/08/28 v1.8 graphics configuration of TeX Live
)
Package graphics Info: Driver file: pdftex.def on input line 91.

(/usr/share/texmf-texlive/tex/latex/pdftex-def/pdftex.def
File: pdftex.def 2010/03/12 v0.04p Graphics/color for pdfTeX
\Gread@gobject=\count99
))
\Gin@req@height=\dimen114
\Gin@req@width=\dimen115
)
\epsfxsize=\dimen116
\epsfysize=\dimen117
)
(/usr/share/texmf-texlive/tex/latex/subfigure/subfigure.sty
Package: subfigure 2002/03/15 v2.1.5 subfigure package
\subfigtopskip=\skip52
\subfigcapskip=\skip53
\subfigcaptopadj=\dimen118
\subfigbottomskip=\skip54
\subfigcapmargin=\dimen119
\subfiglabelskip=\skip55
\c@subfigure=\count100
\c@lofdepth=\count101
\c@subtable=\count102
\c@lotdepth=\count103

****************************************
* Local config file subfigure.cfg used *
****************************************
(/usr/share/texmf-texlive/tex/latex/subfigure/subfigure.cfg)
\subfig@top=\skip56
\subfig@bottom=\skip57
)
(./algorithm2e.sty
Package: algorithm2e 2005/10/04 v3.9 algorithms environments
\c@AlgoLine=\count104
 (/usr/share/texmf-texlive/tex/latex/base/ifthen.sty
Package: ifthen 2001/05/26 v1.1c Standard LaTeX ifthen package (DPC)
)
(/usr/share/texmf-texlive/tex/latex/tools/xspace.sty
Package: xspace 2006/05/08 v1.12 Space after command names (DPC,MH)
)
********************************************************
Package `algorithm2e' Release 3.9 -- october 04 2005 --
- algorithm2e-announce@lirmm.fr mailing list for announcement about releases
- algorithm2e-discussion@lirmm.fr mailing list for discussion about package
subscribe by emailing sympa@lirmm.fr with 'subscribe <list> <firstname name>'
- Author: Christophe Fiorio (fiorio@lirmm.fr)
********************************************************
\skiptotal=\skip58
\skiprule=\skip59
\skiphlne=\skip60
\skiptext=\skip61
\skiplength=\skip62
\algomargin=\skip63
\skipalgocfslide=\skip64
\algowidth=\dimen120
\inoutsize=\dimen121
\inoutline=\dimen122
\algocf@inoutbox=\box28
\algocf@inputbox=\box29
\AlCapSkip=\skip65
\AlCapHSkip=\skip66
\algocf@capbox=\box30
\c@algocfline=\count105
\c@algocf=\count106
\algocf@algoframe=\box31
\algocf@algobox=\box32
)
\c@lemma=\count107
\c@restr=\count108
 (./sve.aux)
\openout1 = `sve.aux'.

LaTeX Font Info:    Checking defaults for OML/cmm/m/it on input line 58.
LaTeX Font Info:    ... okay on input line 58.
LaTeX Font Info:    Checking defaults for T1/cmr/m/n on input line 58.
LaTeX Font Info:    ... okay on input line 58.
LaTeX Font Info:    Checking defaults for OT1/cmr/m/n on input line 58.
LaTeX Font Info:    ... okay on input line 58.
LaTeX Font Info:    Checking defaults for OMS/cmsy/m/n on input line 58.
LaTeX Font Info:    ... okay on input line 58.
LaTeX Font Info:    Checking defaults for OMX/cmex/m/n on input line 58.
LaTeX Font Info:    ... okay on input line 58.
LaTeX Font Info:    Checking defaults for U/cmr/m/n on input line 58.
LaTeX Font Info:    ... okay on input line 58.
LaTeX Font Info:    Try loading font information for OT1+ptm on input line 58.
 (/usr/share/texmf-texlive/tex/latex/psnfss/ot1ptm.fd
File: ot1ptm.fd 2001/06/04 font definitions for OT1/ptm.
)
(/usr/share/texmf-texlive/tex/context/base/supp-pdf.mkii
[Loading MPS to PDF converter (version 2006.09.02).]
\scratchcounter=\count109
\scratchdimen=\dimen123
\scratchbox=\box33
\nofMPsegments=\count110
\nofMParguments=\count111
\everyMPshowfont=\toks27
\MPscratchCnt=\count112
\MPscratchDim=\dimen124
\MPnumerator=\count113
\everyMPtoPDFconversion=\toks28
)
LaTeX Font Info:    Font shape `OT1/ptm/bx/n' in size <14.4> not available
(Font)              Font shape `OT1/ptm/b/n' tried instead on input line 72.
LaTeX Font Info:    Try loading font information for U+msa on input line 72.
 (/usr/share/texmf-texlive/tex/latex/amsfonts/umsa.fd
File: umsa.fd 2009/06/22 v3.00 AMS symbols A
)
LaTeX Font Info:    Try loading font information for U+msb on input line 72.

(/usr/share/texmf-texlive/tex/latex/amsfonts/umsb.fd
File: umsb.fd 2009/06/22 v3.00 AMS symbols B
)
LaTeX Font Info:    Font shape `OT1/ptm/bx/n' in size <12> not available
(Font)              Font shape `OT1/ptm/b/n' tried instead on input line 72.
LaTeX Font Info:    Try loading font information for OMS+ptm on input line 72.

(/usr/share/texmf-texlive/tex/latex/psnfss/omsptm.fd
File: omsptm.fd 
)
LaTeX Font Info:    Font shape `OMS/ptm/m/n' in size <9> not available
(Font)              Font shape `OMS/cmsy/m/n' tried instead on input line 72.
LaTeX Font Info:    Font shape `OT1/ptm/bx/n' in size <10> not available
(Font)              Font shape `OT1/ptm/b/n' tried instead on input line 73.

<gm2.pdf, id=1, 386.44376pt x 97.36375pt>
File: gm2.pdf Graphic file (type pdf)
 <use gm2.pdf>
Overfull \hbox (3.43065pt too wide) in paragraph at lines 144--145
 [] 
 []

[1{/var/lib/texmf/fonts/map/pdftex/updmap/pdftex.map}



 <./gm2.pdf>]
LaTeX Font Info:    Font shape `OT1/ptm/bx/n' in size <10.95> not available
(Font)              Font shape `OT1/ptm/b/n' tried instead on input line 217.

Underfull \hbox (badness 1824) in paragraph at lines 283--294
\OT1/ptm/m/n/10 as a \OT1/ptm/m/it/10 func-tion \OT1/ptm/m/n/10 of $\OT1/cmr/bx
/n/10 q$ \OT1/ptm/m/n/10 and $\OT1/cmr/bx/n/10 e$\OT1/ptm/m/n/10 . This can be 
achieved by
 []


Underfull \hbox (badness 2744) in paragraph at lines 283--294
\OT1/ptm/m/n/10 the fol-low-ing com-pu-ta-tion, where for no-ta-tional con-
 []


Underfull \hbox (badness 1888) in paragraph at lines 283--294
\OT1/ptm/m/n/10 ve-nience we as-sume vari-ables are re-named s.t. $\OMS/cmsy/m/
n/10 f\OT1/cmr/bx/n/10 b \OMS/cmsy/m/n/10 [
 []


Underfull \hbox (badness 2103) in paragraph at lines 283--294
\OT1/cmr/bx/n/10 x\OMS/cmsy/m/n/10 g n f\OT1/cmr/bx/n/10 q \OMS/cmsy/m/n/10 [ \
OT1/cmr/bx/n/10 e\OMS/cmsy/m/n/10 g \OT1/cmr/m/n/10 = (\OML/cmm/m/it/10 b[]; []
 ; b[]; x[]; [] ; x[]\OT1/cmr/m/n/10 )$ \OT1/ptm/m/n/10 and $\OT1/cmr/bx/n/10 q
 \OT1/cmr/m/n/10 =
 []

LaTeX Font Info:    Font shape `OT1/ptm/bx/n' in size <7> not available
(Font)              Font shape `OT1/ptm/b/n' tried instead on input line 381.
LaTeX Font Info:    Font shape `OT1/ptm/bx/n' in size <9> not available
(Font)              Font shape `OT1/ptm/b/n' tried instead on input line 381.

Underfull \hbox (badness 10000) detected at line 384
[][]
 []


Underfull \hbox (badness 1571) in paragraph at lines 389--399
\OT1/ptm/m/n/10 As dis-cussed in Sec-tion [], piece-wise poly-no-mial func-
 []

[2] [3]
Overfull \hbox (28.72055pt too wide) in paragraph at lines 606--606
[] 
 []


Underfull \hbox (badness 10000) in paragraph at lines 731--734

 []

[4] <norm_unif.pdf, id=46, 534.99875pt x 635.37375pt>
File: norm_unif.pdf Graphic file (type pdf)
 <use norm_unif.pdf>
<r1.pdf, id=47, 520.94624pt x 407.5225pt>
File: r1.pdf Graphic file (type pdf)
 <use r1.pdf>
<r2.pdf, id=48, 520.94624pt x 404.51125pt>
File: r2.pdf Graphic file (type pdf)
 <use r2.pdf>
<r3.pdf, id=49, 520.94624pt x 404.51125pt>
File: r3.pdf Graphic file (type pdf)
 <use r3.pdf>
<r4.pdf, id=50, 520.94624pt x 404.51125pt>
File: r4.pdf Graphic file (type pdf)
 <use r4.pdf>
<r5.pdf, id=51, 520.94624pt x 404.51125pt>
File: r5.pdf Graphic file (type pdf)
 <use r5.pdf>
<r6.pdf, id=52, 520.94624pt x 404.51125pt>
File: r6.pdf Graphic file (type pdf)
 <use r6.pdf>
Overfull \hbox (6.65651pt too wide) in paragraph at lines 819--829
 [] 
 []

<gm3.pdf, id=53, 648.4225pt x 169.63374pt>
File: gm3.pdf Graphic file (type pdf)
 <use gm3.pdf>
<radar_x_2_fix.pdf, id=54, 258.9675pt x 150.5625pt>
File: radar_x_2_fix.pdf Graphic file (type pdf)
 <use radar_x_2_fix.pdf>
<tracker_3d_x3o1_aistat.pdf, id=55, 606.265pt x 370.38374pt>
File: tracker_3d_x3o1_aistat.pdf Graphic file (type pdf)

<use tracker_3d_x3o1_aistat.pdf>
<tracker_3d_x5o1_aistat.pdf, id=56, 606.265pt x 370.38374pt>
File: tracker_3d_x5o1_aistat.pdf Graphic file (type pdf)

<use tracker_3d_x5o1_aistat.pdf> [5 <./norm_unif.pdf>] (./sve.bbl
Underfull \vbox (badness 10000) has occurred while \output is active []

 [6 <./r1.pdf> <./r2.pdf> <./r3.pdf> <./r4.pdf> <./r5.pdf> <./r6.pdf> <./gm3.pd
f> <./radar_x_2_fix.pdf> <./tracker_3d_x3o1_aistat.pdf> <./tracker_3d_x5o1_aist
at.pdf>])
[7

] (./sve.aux) ) 
Here is how much of TeX's memory you used:
 3387 strings out of 495061
 41162 string characters out of 1182620
 132027 words of memory out of 3000000
 6498 multiletter control sequences out of 15000+50000
 34435 words of font info for 73 fonts, out of 3000000 for 9000
 28 hyphenation exceptions out of 8191
 32i,18n,24p,320b,440s stack positions out of 5000i,500n,10000p,200000b,50000s
{/usr/share/texmf-texlive/fonts/enc/dvips/base/8r.enc}</usr/shar
e/texmf-texlive/fonts/type1/public/amsfonts/cm/cmbx10.pfb></usr/share/texmf-tex
live/fonts/type1/public/amsfonts/cm/cmbx7.pfb></usr/share/texmf-texlive/fonts/t
ype1/public/amsfonts/cm/cmbx9.pfb></usr/share/texmf-texlive/fonts/type1/public/
amsfonts/cm/cmex10.pfb></usr/share/texmf-texlive/fonts/type1/public/amsfonts/cm
extra/cmex9.pfb></usr/share/texmf-texlive/fonts/type1/public/amsfonts/cm/cmmi10
.pfb></usr/share/texmf-texlive/fonts/type1/public/amsfonts/cm/cmmi5.pfb></usr/s
hare/texmf-texlive/fonts/type1/public/amsfonts/cm/cmmi6.pfb></usr/share/texmf-t
exlive/fonts/type1/public/amsfonts/cm/cmmi7.pfb></usr/share/texmf-texlive/fonts
/type1/public/amsfonts/cm/cmmi9.pfb></usr/share/texmf-texlive/fonts/type1/publi
c/amsfonts/cm/cmr10.pfb></usr/share/texmf-texlive/fonts/type1/public/amsfonts/c
m/cmr5.pfb></usr/share/texmf-texlive/fonts/type1/public/amsfonts/cm/cmr6.pfb></
usr/share/texmf-texlive/fonts/type1/public/amsfonts/cm/cmr7.pfb></usr/share/tex
mf-texlive/fonts/type1/public/amsfonts/cm/cmr9.pfb></usr/share/texmf-texlive/fo
nts/type1/public/amsfonts/cm/cmsy10.pfb></usr/share/texmf-texlive/fonts/type1/p
ublic/amsfonts/cm/cmsy5.pfb></usr/share/texmf-texlive/fonts/type1/public/amsfon
ts/cm/cmsy6.pfb></usr/share/texmf-texlive/fonts/type1/public/amsfonts/cm/cmsy7.
pfb></usr/share/texmf-texlive/fonts/type1/public/amsfonts/cm/cmsy9.pfb></usr/sh
are/texmf-texlive/fonts/type1/public/amsfonts/cm/cmti10.pfb></usr/share/texmf-t
exlive/fonts/type1/public/amsfonts/cm/cmti7.pfb></usr/share/texmf-texlive/fonts
/type1/public/amsfonts/cm/cmti9.pfb></usr/share/texmf-texlive/fonts/type1/publi
c/amsfonts/symbols/msbm10.pfb></usr/share/texmf-texlive/fonts/type1/public/amsf
onts/symbols/msbm7.pfb></usr/share/texmf-texlive/fonts/type1/urw/times/utmb8a.p
fb></usr/share/texmf-texlive/fonts/type1/urw/times/utmr8a.pfb></usr/share/texmf
-texlive/fonts/type1/urw/times/utmri8a.pfb>
Output written on sve.pdf (7 pages, 373437 bytes).
PDF statistics:
 193 PDF objects out of 1000 (max. 8388607)
 0 named destinations out of 1000 (max. 500000)
 61 words of extra memory for PDF output out of 10000 (max. 10000000)

