This is pdfTeX, Version 3.14159265-2.6-1.40.16 (TeX Live 2015/Debian) (preloaded format=pdflatex 2016.4.19)  1 MAY 2016 10:01
entering extended mode
 \write18 enabled.
 file:line:error style messages enabled.
 %&-line parsing enabled.
**ExactSDP-JAIR16.tex
(./ExactSDP-JAIR16.tex
LaTeX2e <2015/01/01>
Babel <3.9l> and hyphenation patterns for 79 languages loaded.
(/usr/share/texlive/texmf-dist/tex/latex/base/article.cls
Document Class: article 2014/09/29 v1.4h Standard LaTeX document class
(/usr/share/texlive/texmf-dist/tex/latex/base/size11.clo
File: size11.clo 2014/09/29 v1.4h Standard LaTeX file (size option)
)
\c@part=\count79
\c@section=\count80
\c@subsection=\count81
\c@subsubsection=\count82
\c@paragraph=\count83
\c@subparagraph=\count84
\c@figure=\count85
\c@table=\count86
\abovecaptionskip=\skip41
\belowcaptionskip=\skip42
\bibindent=\dimen102
) (./jair.sty
Document Style `jair' -- May 1993.
\aftertitskip=\skip43
\beforetitskip=\skip44
\interauthorskip=\skip45
\aftermaketitskip=\skip46
) (./theapa.sty
Package: theapa 1997/06/03 Version 3.0 APA Citation Style
LaTeX Info: Redefining \cite on input line 122.
LaTeX Info: Redefining \nocite on input line 417.
\bibleftmargin=\skip47
\bibparsep=\skip48
) (/usr/share/texlive/texmf-dist/tex/latex/tools/rawfonts.sty
Package: rawfonts 1994/05/08 Low-level LaTeX 2.09 font compatibility

(/usr/share/texlive/texmf-dist/tex/latex/tools/somedefs.sty
Package: somedefs 1994/06/01 v0.03 Toolkit for optional definitions
)
LaTeX Font Info:    Try loading font information for U+lasy on input line 49.

(/usr/share/texlive/texmf-dist/tex/latex/base/ulasy.fd
File: ulasy.fd 1998/08/17 v2.2e LaTeX symbol font definitions
))
(/usr/share/texlive/texmf-dist/tex/latex/amsmath/amsmath.sty
Package: amsmath 2013/01/14 v2.14 AMS math features
\@mathmargin=\skip49

For additional information on amsmath, use the `?' option.
(/usr/share/texlive/texmf-dist/tex/latex/amsmath/amstext.sty
Package: amstext 2000/06/29 v2.01

(/usr/share/texlive/texmf-dist/tex/latex/amsmath/amsgen.sty
File: amsgen.sty 1999/11/30 v2.0
\@emptytoks=\toks14
\ex@=\dimen103
))
(/usr/share/texlive/texmf-dist/tex/latex/amsmath/amsbsy.sty
Package: amsbsy 1999/11/29 v1.2d
\pmbraise@=\dimen104
)
(/usr/share/texlive/texmf-dist/tex/latex/amsmath/amsopn.sty
Package: amsopn 1999/12/14 v2.01 operator names
)
\inf@bad=\count87
LaTeX Info: Redefining \frac on input line 210.
\uproot@=\count88
\leftroot@=\count89
LaTeX Info: Redefining \overline on input line 306.
\classnum@=\count90
\DOTSCASE@=\count91
LaTeX Info: Redefining \ldots on input line 378.
LaTeX Info: Redefining \dots on input line 381.
LaTeX Info: Redefining \cdots on input line 466.
\Mathstrutbox@=\box26
\strutbox@=\box27
\big@size=\dimen105
LaTeX Font Info:    Redeclaring font encoding OML on input line 566.
LaTeX Font Info:    Redeclaring font encoding OMS on input line 567.
\macc@depth=\count92
\c@MaxMatrixCols=\count93
\dotsspace@=\muskip10
\c@parentequation=\count94
\dspbrk@lvl=\count95
\tag@help=\toks15
\row@=\count96
\column@=\count97
\maxfields@=\count98
\andhelp@=\toks16
\eqnshift@=\dimen106
\alignsep@=\dimen107
\tagshift@=\dimen108
\tagwidth@=\dimen109
\totwidth@=\dimen110
\lineht@=\dimen111
\@envbody=\toks17
\multlinegap=\skip50
\multlinetaggap=\skip51
\mathdisplay@stack=\toks18
LaTeX Info: Redefining \[ on input line 2665.
LaTeX Info: Redefining \] on input line 2666.
)
(/usr/share/texlive/texmf-dist/tex/latex/amsfonts/amsfonts.sty
Package: amsfonts 2013/01/14 v3.01 Basic AMSFonts support
\symAMSa=\mathgroup4
\symAMSb=\mathgroup5
LaTeX Font Info:    Overwriting math alphabet `\mathfrak' in version `bold'
(Font)                  U/euf/m/n --> U/euf/b/n on input line 106.
)
(/usr/share/texlive/texmf-dist/tex/latex/amsfonts/amssymb.sty
Package: amssymb 2013/01/14 v3.01 AMS font symbols
)
(/usr/share/texlive/texmf-dist/tex/latex/amscls/amsthm.sty
Package: amsthm 2015/03/04 v2.20.2
\thm@style=\toks19
\thm@bodyfont=\toks20
\thm@headfont=\toks21
\thm@notefont=\toks22
\thm@headpunct=\toks23
\thm@preskip=\skip52
\thm@postskip=\skip53
\thm@headsep=\skip54
\dth@everypar=\toks24
) (./algorithm2e.sty
Package: algorithm2e 2005/10/04 v3.9 algorithms environments
\c@AlgoLine=\count99

(/usr/share/texlive/texmf-dist/tex/latex/base/ifthen.sty
Package: ifthen 2014/09/29 v1.1c Standard LaTeX ifthen package (DPC)
)
(/usr/share/texlive/texmf-dist/tex/latex/tools/xspace.sty
Package: xspace 2014/10/28 v1.13 Space after command names (DPC,MH)
)
********************************************************
Package `algorithm2e' Release 3.9 -- october 04 2005 --
- algorithm2e-announce@lirmm.fr mailing list for announcement about releases
- algorithm2e-discussion@lirmm.fr mailing list for discussion about package
subscribe by emailing sympa@lirmm.fr with 'subscribe <list> <firstname name>'
- Author: Christophe Fiorio (fiorio@lirmm.fr)
********************************************************
\skiptotal=\skip55
\skiprule=\skip56
\skiphlne=\skip57
\skiptext=\skip58
\skiplength=\skip59
\algomargin=\skip60
\skipalgocfslide=\skip61
\algowidth=\dimen112
\inoutsize=\dimen113
\inoutline=\dimen114
\algocf@inoutbox=\box28
\algocf@inputbox=\box29
\AlCapSkip=\skip62
\AlCapHSkip=\skip63
\algocf@capbox=\box30
\c@algocfline=\count100
\c@algocf=\count101
\algocf@algoframe=\box31
\algocf@algobox=\box32
) (/usr/share/texlive/texmf-dist/tex/latex/tools/array.sty
Package: array 2014/10/28 v2.4c Tabular extension package (FMi)
\col@sep=\dimen115
\extrarowheight=\dimen116
\NC@list=\toks25
\extratabsurround=\skip64
\backup@length=\skip65
)
(/usr/share/texlive/texmf-dist/tex/latex/graphics/epsfig.sty
Package: epsfig 1999/02/16 v1.7a (e)psfig emulation (SPQR)

(/usr/share/texlive/texmf-dist/tex/latex/graphics/graphicx.sty
Package: graphicx 2014/10/28 v1.0g Enhanced LaTeX Graphics (DPC,SPQR)

(/usr/share/texlive/texmf-dist/tex/latex/graphics/keyval.sty
Package: keyval 2014/10/28 v1.15 key=value parser (DPC)
\KV@toks@=\toks26
)
(/usr/share/texlive/texmf-dist/tex/latex/graphics/graphics.sty
Package: graphics 2014/10/28 v1.0p Standard LaTeX Graphics (DPC,SPQR)

(/usr/share/texlive/texmf-dist/tex/latex/graphics/trig.sty
Package: trig 1999/03/16 v1.09 sin cos tan (DPC)
)
(/usr/share/texlive/texmf-dist/tex/latex/latexconfig/graphics.cfg
File: graphics.cfg 2010/04/23 v1.9 graphics configuration of TeX Live
)
Package graphics Info: Driver file: pdftex.def on input line 94.

(/usr/share/texlive/texmf-dist/tex/latex/pdftex-def/pdftex.def
File: pdftex.def 2011/05/27 v0.06d Graphics/color for pdfTeX

(/usr/share/texlive/texmf-dist/tex/generic/oberdiek/infwarerr.sty
Package: infwarerr 2010/04/08 v1.3 Providing info/warning/error messages (HO)
)
(/usr/share/texlive/texmf-dist/tex/generic/oberdiek/ltxcmds.sty
Package: ltxcmds 2011/11/09 v1.22 LaTeX kernel commands for general use (HO)
)
\Gread@gobject=\count102
))
\Gin@req@height=\dimen117
\Gin@req@width=\dimen118
)
\epsfxsize=\dimen119
\epsfysize=\dimen120
)
(/usr/share/texlive/texmf-dist/tex/latex/subfigure/subfigure.sty
Package: subfigure 2002/03/15 v2.1.5 subfigure package
\subfigtopskip=\skip66
\subfigcapskip=\skip67
\subfigcaptopadj=\dimen121
\subfigbottomskip=\skip68
\subfigcapmargin=\dimen122
\subfiglabelskip=\skip69
\c@subfigure=\count103
\c@lofdepth=\count104
\c@subtable=\count105
\c@lotdepth=\count106

****************************************
* Local config file subfigure.cfg used *
****************************************
(/usr/share/texlive/texmf-dist/tex/latex/subfigure/subfigure.cfg)
\subfig@top=\skip70
\subfig@bottom=\skip71
)
(/usr/share/texlive/texmf-dist/tex/latex/multirow/multirow.sty
\bigstrutjot=\dimen123
)
(/usr/share/texlive/texmf-dist/tex/latex/minibox/minibox.sty
(/usr/share/texlive/texmf-dist/tex/latex/l3kernel/expl3.sty
Package: expl3 2015/06/15 v5630 L3 programming layer (loader) 

(/usr/share/texlive/texmf-dist/tex/latex/l3kernel/expl3-code.tex
Package: expl3 2015/06/15 v5630 L3 programming layer (code) 
L3 Module: l3bootstrap 2015/05/20 v5608 L3 Bootstrap code
L3 Module: l3names 2015/02/24 v5535 L3 Namespace for primitives
L3 Module: l3basics 2015/01/27 v5500 L3 Basic definitions
L3 Module: l3expan 2014/11/27 v5472 L3 Argument expansion
L3 Module: l3tl 2015/01/27 v5500 L3 Token lists
L3 Module: l3str 2015/03/01 v5545 L3 Strings
L3 Module: l3seq 2014/08/23 v5354 L3 Sequences and stacks
L3 Module: l3int 2015/02/21 v5529 L3 Integers
\c_max_int=\count107
\l_tmpa_int=\count108
\l_tmpb_int=\count109
\g_tmpa_int=\count110
\g_tmpb_int=\count111
L3 Module: l3quark 2014/08/23 v5354 L3 Quarks
L3 Module: l3prg 2015/04/13 v5566 L3 Control structures
\g__prg_map_int=\count112
L3 Module: l3clist 2014/08/23 v5354 L3 Comma separated lists
L3 Module: l3token 2014/09/15 v5422 L3 Experimental token manipulation
L3 Module: l3prop 2014/08/23 v5354 L3 Property lists
L3 Module: l3msg 2015/02/26 v5537 L3 Messages
L3 Module: l3file 2015/06/07 v5627 L3 File and I/O operations
\l_iow_line_count_int=\count113
\l__iow_target_count_int=\count114
\l__iow_current_line_int=\count115
\l__iow_current_word_int=\count116
\l__iow_current_indentation_int=\count117
L3 Module: l3skip 2015/05/18 v5607 L3 Dimensions and skips
\c_zero_dim=\dimen124
\c_max_dim=\dimen125
\l_tmpa_dim=\dimen126
\l_tmpb_dim=\dimen127
\g_tmpa_dim=\dimen128
\g_tmpb_dim=\dimen129
\c_zero_skip=\skip72
\c_max_skip=\skip73
\l_tmpa_skip=\skip74
\l_tmpb_skip=\skip75
\g_tmpa_skip=\skip76
\g_tmpb_skip=\skip77
\c_zero_muskip=\muskip11
\c_max_muskip=\muskip12
\l_tmpa_muskip=\muskip13
\l_tmpb_muskip=\muskip14
\g_tmpa_muskip=\muskip15
\g_tmpb_muskip=\muskip16
L3 Module: l3keys 2015/06/14 v5629 L3 Key-value interfaces
\g__keyval_level_int=\count118
\l_keys_choice_int=\count119
L3 Module: l3fp 2014/08/22 v5336 L3 Floating points
\c__fp_leading_shift_int=\count120
\c__fp_middle_shift_int=\count121
\c__fp_trailing_shift_int=\count122
\c__fp_big_leading_shift_int=\count123
\c__fp_big_middle_shift_int=\count124
\c__fp_big_trailing_shift_int=\count125
\c__fp_Bigg_leading_shift_int=\count126
\c__fp_Bigg_middle_shift_int=\count127
\c__fp_Bigg_trailing_shift_int=\count128
L3 Module: l3box 2014/08/23 v5354 L3 Experimental boxes
\c_empty_box=\box33
\l_tmpa_box=\box34
\l_tmpb_box=\box35
\g_tmpa_box=\box36
\g_tmpb_box=\box37
L3 Module: l3coffins 2014/08/23 v5354 L3 Coffin code layer
\l__coffin_internal_box=\box38
\l__coffin_internal_dim=\dimen130
\l__coffin_offset_x_dim=\dimen131
\l__coffin_offset_y_dim=\dimen132
\l__coffin_x_dim=\dimen133
\l__coffin_y_dim=\dimen134
\l__coffin_x_prime_dim=\dimen135
\l__coffin_y_prime_dim=\dimen136
\c_empty_coffin=\box39
\l__coffin_aligned_coffin=\box40
\l__coffin_aligned_internal_coffin=\box41
\l_tmpa_coffin=\box42
\l_tmpb_coffin=\box43
\l__coffin_display_coffin=\box44
\l__coffin_display_coord_coffin=\box45
\l__coffin_display_pole_coffin=\box46
\l__coffin_display_offset_dim=\dimen137
\l__coffin_display_x_dim=\dimen138
\l__coffin_display_y_dim=\dimen139
L3 Module: l3color 2014/08/23 v5354 L3 Experimental color support
L3 Module: l3candidates 2015/05/21 v5613 L3 Experimental additions to l3kernel
\l__box_top_dim=\dimen140
\l__box_bottom_dim=\dimen141
\l__box_left_dim=\dimen142
\l__box_right_dim=\dimen143
\l__box_top_new_dim=\dimen144
\l__box_bottom_new_dim=\dimen145
\l__box_left_new_dim=\dimen146
\l__box_right_new_dim=\dimen147
\l__box_internal_box=\box47
\l__coffin_bounding_shift_dim=\dimen148
\l__coffin_left_corner_dim=\dimen149
\l__coffin_right_corner_dim=\dimen150
\l__coffin_bottom_corner_dim=\dimen151
\l__coffin_top_corner_dim=\dimen152
\l__coffin_scaled_total_height_dim=\dimen153
\l__coffin_scaled_width_dim=\dimen154
)
(/usr/share/texlive/texmf-dist/tex/latex/l3kernel/l3unicode-data.def
File: l3unicode-data.def 2015/03/01 v5544 L3 Unicode data
)
(/usr/share/texlive/texmf-dist/tex/latex/l3kernel/l3pdfmode.def
File: l3pdfmode.def 2015/05/21 v5613 L3 Experimental driver: PDF mode
\l__driver_color_stack_int=\count129
))
Package: minibox 2013/06/21 v0.2a Another type of box.
\l_minibox_rule_dim=\dimen155
\l_minibox_pad_dim=\dimen156
)
(/usr/share/texlive/texmf-dist/tex/latex/pgf/frontendlayer/tikz.sty
(/usr/share/texlive/texmf-dist/tex/latex/pgf/basiclayer/pgf.sty
(/usr/share/texlive/texmf-dist/tex/latex/pgf/utilities/pgfrcs.sty
(/usr/share/texlive/texmf-dist/tex/generic/pgf/utilities/pgfutil-common.tex
\pgfutil@everybye=\toks27
\pgfutil@tempdima=\dimen157
\pgfutil@tempdimb=\dimen158

(/usr/share/texlive/texmf-dist/tex/generic/pgf/utilities/pgfutil-common-lists.t
ex)) (/usr/share/texlive/texmf-dist/tex/generic/pgf/utilities/pgfutil-latex.def
\pgfutil@abb=\box48
(/usr/share/texlive/texmf-dist/tex/latex/ms/everyshi.sty
Package: everyshi 2001/05/15 v3.00 EveryShipout Package (MS)
))
(/usr/share/texlive/texmf-dist/tex/generic/pgf/utilities/pgfrcs.code.tex
Package: pgfrcs 2013/12/20 v3.0.0 (rcs-revision 1.28)
))
Package: pgf 2013/12/18 v3.0.0 (rcs-revision 1.14)

(/usr/share/texlive/texmf-dist/tex/latex/pgf/basiclayer/pgfcore.sty
(/usr/share/texlive/texmf-dist/tex/latex/pgf/systemlayer/pgfsys.sty
(/usr/share/texlive/texmf-dist/tex/generic/pgf/systemlayer/pgfsys.code.tex
Package: pgfsys 2013/11/30 v3.0.0 (rcs-revision 1.47)

(/usr/share/texlive/texmf-dist/tex/generic/pgf/utilities/pgfkeys.code.tex
\pgfkeys@pathtoks=\toks28
\pgfkeys@temptoks=\toks29

(/usr/share/texlive/texmf-dist/tex/generic/pgf/utilities/pgfkeysfiltered.code.t
ex
\pgfkeys@tmptoks=\toks30
))
\pgf@x=\dimen159
\pgf@y=\dimen160
\pgf@xa=\dimen161
\pgf@ya=\dimen162
\pgf@xb=\dimen163
\pgf@yb=\dimen164
\pgf@xc=\dimen165
\pgf@yc=\dimen166
\w@pgf@writea=\write3
\r@pgf@reada=\read1
\c@pgf@counta=\count130
\c@pgf@countb=\count131
\c@pgf@countc=\count132
\c@pgf@countd=\count133
\t@pgf@toka=\toks31
\t@pgf@tokb=\toks32
\t@pgf@tokc=\toks33
 (/usr/share/texlive/texmf-dist/tex/generic/pgf/systemlayer/pgf.cfg
File: pgf.cfg 2008/05/14  (rcs-revision 1.7)
)
Driver file for pgf: pgfsys-pdftex.def

(/usr/share/texlive/texmf-dist/tex/generic/pgf/systemlayer/pgfsys-pdftex.def
File: pgfsys-pdftex.def 2013/07/18  (rcs-revision 1.33)

(/usr/share/texlive/texmf-dist/tex/generic/pgf/systemlayer/pgfsys-common-pdf.de
f
File: pgfsys-common-pdf.def 2013/10/10  (rcs-revision 1.13)
)))
(/usr/share/texlive/texmf-dist/tex/generic/pgf/systemlayer/pgfsyssoftpath.code.
tex
File: pgfsyssoftpath.code.tex 2013/09/09  (rcs-revision 1.9)
\pgfsyssoftpath@smallbuffer@items=\count134
\pgfsyssoftpath@bigbuffer@items=\count135
)
(/usr/share/texlive/texmf-dist/tex/generic/pgf/systemlayer/pgfsysprotocol.code.
tex
File: pgfsysprotocol.code.tex 2006/10/16  (rcs-revision 1.4)
)) (/usr/share/texlive/texmf-dist/tex/latex/xcolor/xcolor.sty
Package: xcolor 2007/01/21 v2.11 LaTeX color extensions (UK)

(/usr/share/texlive/texmf-dist/tex/latex/latexconfig/color.cfg
File: color.cfg 2007/01/18 v1.5 color configuration of teTeX/TeXLive
)
Package xcolor Info: Driver file: pdftex.def on input line 225.
Package xcolor Info: Model `cmy' substituted by `cmy0' on input line 1337.
Package xcolor Info: Model `hsb' substituted by `rgb' on input line 1341.
Package xcolor Info: Model `RGB' extended on input line 1353.
Package xcolor Info: Model `HTML' substituted by `rgb' on input line 1355.
Package xcolor Info: Model `Hsb' substituted by `hsb' on input line 1356.
Package xcolor Info: Model `tHsb' substituted by `hsb' on input line 1357.
Package xcolor Info: Model `HSB' substituted by `hsb' on input line 1358.
Package xcolor Info: Model `Gray' substituted by `gray' on input line 1359.
Package xcolor Info: Model `wave' substituted by `hsb' on input line 1360.
)
(/usr/share/texlive/texmf-dist/tex/generic/pgf/basiclayer/pgfcore.code.tex
Package: pgfcore 2010/04/11 v3.0.0 (rcs-revision 1.7)

(/usr/share/texlive/texmf-dist/tex/generic/pgf/math/pgfmath.code.tex
(/usr/share/texlive/texmf-dist/tex/generic/pgf/math/pgfmathcalc.code.tex
(/usr/share/texlive/texmf-dist/tex/generic/pgf/math/pgfmathutil.code.tex)
(/usr/share/texlive/texmf-dist/tex/generic/pgf/math/pgfmathparser.code.tex
\pgfmath@dimen=\dimen167
\pgfmath@count=\count136
\pgfmath@box=\box49
\pgfmath@toks=\toks34
\pgfmath@stack@operand=\toks35
\pgfmath@stack@operation=\toks36
)
(/usr/share/texlive/texmf-dist/tex/generic/pgf/math/pgfmathfunctions.code.tex
(/usr/share/texlive/texmf-dist/tex/generic/pgf/math/pgfmathfunctions.basic.code
.tex)
(/usr/share/texlive/texmf-dist/tex/generic/pgf/math/pgfmathfunctions.trigonomet
ric.code.tex)
(/usr/share/texlive/texmf-dist/tex/generic/pgf/math/pgfmathfunctions.random.cod
e.tex)
(/usr/share/texlive/texmf-dist/tex/generic/pgf/math/pgfmathfunctions.comparison
.code.tex)
(/usr/share/texlive/texmf-dist/tex/generic/pgf/math/pgfmathfunctions.base.code.
tex)
(/usr/share/texlive/texmf-dist/tex/generic/pgf/math/pgfmathfunctions.round.code
.tex)
(/usr/share/texlive/texmf-dist/tex/generic/pgf/math/pgfmathfunctions.misc.code.
tex)
(/usr/share/texlive/texmf-dist/tex/generic/pgf/math/pgfmathfunctions.integerari
thmetics.code.tex)))
(/usr/share/texlive/texmf-dist/tex/generic/pgf/math/pgfmathfloat.code.tex
\c@pgfmathroundto@lastzeros=\count137
))
(/usr/share/texlive/texmf-dist/tex/generic/pgf/basiclayer/pgfcorepoints.code.te
x
File: pgfcorepoints.code.tex 2013/10/07  (rcs-revision 1.27)
\pgf@picminx=\dimen168
\pgf@picmaxx=\dimen169
\pgf@picminy=\dimen170
\pgf@picmaxy=\dimen171
\pgf@pathminx=\dimen172
\pgf@pathmaxx=\dimen173
\pgf@pathminy=\dimen174
\pgf@pathmaxy=\dimen175
\pgf@xx=\dimen176
\pgf@xy=\dimen177
\pgf@yx=\dimen178
\pgf@yy=\dimen179
\pgf@zx=\dimen180
\pgf@zy=\dimen181
)
(/usr/share/texlive/texmf-dist/tex/generic/pgf/basiclayer/pgfcorepathconstruct.
code.tex
File: pgfcorepathconstruct.code.tex 2013/10/07  (rcs-revision 1.29)
\pgf@path@lastx=\dimen182
\pgf@path@lasty=\dimen183
)
(/usr/share/texlive/texmf-dist/tex/generic/pgf/basiclayer/pgfcorepathusage.code
.tex
File: pgfcorepathusage.code.tex 2013/12/13  (rcs-revision 1.23)
\pgf@shorten@end@additional=\dimen184
\pgf@shorten@start@additional=\dimen185
)
(/usr/share/texlive/texmf-dist/tex/generic/pgf/basiclayer/pgfcorescopes.code.te
x
File: pgfcorescopes.code.tex 2013/10/09  (rcs-revision 1.44)
\pgfpic=\box50
\pgf@hbox=\box51
\pgf@layerbox@main=\box52
\pgf@picture@serial@count=\count138
)
(/usr/share/texlive/texmf-dist/tex/generic/pgf/basiclayer/pgfcoregraphicstate.c
ode.tex
File: pgfcoregraphicstate.code.tex 2013/09/19  (rcs-revision 1.11)
\pgflinewidth=\dimen186
)
(/usr/share/texlive/texmf-dist/tex/generic/pgf/basiclayer/pgfcoretransformation
s.code.tex
File: pgfcoretransformations.code.tex 2013/10/10  (rcs-revision 1.17)
\pgf@pt@x=\dimen187
\pgf@pt@y=\dimen188
\pgf@pt@temp=\dimen189
)
(/usr/share/texlive/texmf-dist/tex/generic/pgf/basiclayer/pgfcorequick.code.tex
File: pgfcorequick.code.tex 2008/10/09  (rcs-revision 1.3)
)
(/usr/share/texlive/texmf-dist/tex/generic/pgf/basiclayer/pgfcoreobjects.code.t
ex
File: pgfcoreobjects.code.tex 2006/10/11  (rcs-revision 1.2)
)
(/usr/share/texlive/texmf-dist/tex/generic/pgf/basiclayer/pgfcorepathprocessing
.code.tex
File: pgfcorepathprocessing.code.tex 2013/09/09  (rcs-revision 1.9)
)
(/usr/share/texlive/texmf-dist/tex/generic/pgf/basiclayer/pgfcorearrows.code.te
x
File: pgfcorearrows.code.tex 2013/11/07  (rcs-revision 1.40)
\pgfarrowsep=\dimen190
)
(/usr/share/texlive/texmf-dist/tex/generic/pgf/basiclayer/pgfcoreshade.code.tex
File: pgfcoreshade.code.tex 2013/07/15  (rcs-revision 1.15)
\pgf@max=\dimen191
\pgf@sys@shading@range@num=\count139
)
(/usr/share/texlive/texmf-dist/tex/generic/pgf/basiclayer/pgfcoreimage.code.tex
File: pgfcoreimage.code.tex 2013/07/15  (rcs-revision 1.18)

(/usr/share/texlive/texmf-dist/tex/generic/pgf/basiclayer/pgfcoreexternal.code.
tex
File: pgfcoreexternal.code.tex 2013/07/15  (rcs-revision 1.20)
\pgfexternal@startupbox=\box53
))
(/usr/share/texlive/texmf-dist/tex/generic/pgf/basiclayer/pgfcorelayers.code.te
x
File: pgfcorelayers.code.tex 2013/07/18  (rcs-revision 1.7)
)
(/usr/share/texlive/texmf-dist/tex/generic/pgf/basiclayer/pgfcoretransparency.c
ode.tex
File: pgfcoretransparency.code.tex 2013/09/30  (rcs-revision 1.5)
)
(/usr/share/texlive/texmf-dist/tex/generic/pgf/basiclayer/pgfcorepatterns.code.
tex
File: pgfcorepatterns.code.tex 2013/11/07  (rcs-revision 1.5)
)))
(/usr/share/texlive/texmf-dist/tex/generic/pgf/modules/pgfmoduleshapes.code.tex
File: pgfmoduleshapes.code.tex 2013/10/31  (rcs-revision 1.34)
\pgfnodeparttextbox=\box54
) (/usr/share/texlive/texmf-dist/tex/generic/pgf/modules/pgfmoduleplot.code.tex
File: pgfmoduleplot.code.tex 2013/07/31  (rcs-revision 1.12)
)
(/usr/share/texlive/texmf-dist/tex/latex/pgf/compatibility/pgfcomp-version-0-65
.sty
Package: pgfcomp-version-0-65 2007/07/03 v3.0.0 (rcs-revision 1.7)
\pgf@nodesepstart=\dimen192
\pgf@nodesepend=\dimen193
)
(/usr/share/texlive/texmf-dist/tex/latex/pgf/compatibility/pgfcomp-version-1-18
.sty
Package: pgfcomp-version-1-18 2007/07/23 v3.0.0 (rcs-revision 1.1)
)) (/usr/share/texlive/texmf-dist/tex/latex/pgf/utilities/pgffor.sty
(/usr/share/texlive/texmf-dist/tex/latex/pgf/utilities/pgfkeys.sty
(/usr/share/texlive/texmf-dist/tex/generic/pgf/utilities/pgfkeys.code.tex))
(/usr/share/texlive/texmf-dist/tex/latex/pgf/math/pgfmath.sty
(/usr/share/texlive/texmf-dist/tex/generic/pgf/math/pgfmath.code.tex))
(/usr/share/texlive/texmf-dist/tex/generic/pgf/utilities/pgffor.code.tex
Package: pgffor 2013/12/13 v3.0.0 (rcs-revision 1.25)

(/usr/share/texlive/texmf-dist/tex/generic/pgf/math/pgfmath.code.tex)
\pgffor@iter=\dimen194
\pgffor@skip=\dimen195
\pgffor@stack=\toks37
\pgffor@toks=\toks38
))
(/usr/share/texlive/texmf-dist/tex/generic/pgf/frontendlayer/tikz/tikz.code.tex
Package: tikz 2013/12/13 v3.0.0 (rcs-revision 1.142)

(/usr/share/texlive/texmf-dist/tex/generic/pgf/libraries/pgflibraryplothandlers
.code.tex
File: pgflibraryplothandlers.code.tex 2013/08/31 v3.0.0 (rcs-revision 1.20)
\pgf@plot@mark@count=\count140
\pgfplotmarksize=\dimen196
)
\tikz@lastx=\dimen197
\tikz@lasty=\dimen198
\tikz@lastxsaved=\dimen199
\tikz@lastysaved=\dimen200
\tikzleveldistance=\dimen201
\tikzsiblingdistance=\dimen202
\tikz@figbox=\box55
\tikz@figbox@bg=\box56
\tikz@tempbox=\box57
\tikz@tempbox@bg=\box58
\tikztreelevel=\count141
\tikznumberofchildren=\count142
\tikznumberofcurrentchild=\count143
\tikz@fig@count=\count144

(/usr/share/texlive/texmf-dist/tex/generic/pgf/modules/pgfmodulematrix.code.tex
File: pgfmodulematrix.code.tex 2013/09/17  (rcs-revision 1.8)
\pgfmatrixcurrentrow=\count145
\pgfmatrixcurrentcolumn=\count146
\pgf@matrix@numberofcolumns=\count147
)
\tikz@expandcount=\count148

(/usr/share/texlive/texmf-dist/tex/generic/pgf/frontendlayer/tikz/libraries/tik
zlibrarytopaths.code.tex
File: tikzlibrarytopaths.code.tex 2008/06/17 v3.0.0 (rcs-revision 1.2)
)))
(/usr/share/texlive/texmf-dist/tex/generic/pgf/frontendlayer/tikz/libraries/tik
zlibrarypositioning.code.tex
File: tikzlibrarypositioning.code.tex 2008/10/06 v3.0.0 (rcs-revision 1.7)
)
(/usr/share/texlive/texmf-dist/tex/generic/pgf/frontendlayer/tikz/libraries/tik
zlibraryshapes.code.tex
File: tikzlibraryshapes.code.tex 2008/01/09 v3.0.0 (rcs-revision 1.1)

(/usr/share/texlive/texmf-dist/tex/generic/pgf/frontendlayer/tikz/libraries/tik
zlibraryshapes.geometric.code.tex
File: tikzlibraryshapes.geometric.code.tex 2008/01/09 v3.0.0 (rcs-revision 1.1)


(/usr/share/texlive/texmf-dist/tex/generic/pgf/libraries/shapes/pgflibraryshape
s.geometric.code.tex
File: pgflibraryshapes.geometric.code.tex 2008/06/26 v3.0.0 (rcs-revision 1.1)
))
(/usr/share/texlive/texmf-dist/tex/generic/pgf/frontendlayer/tikz/libraries/tik
zlibraryshapes.misc.code.tex
File: tikzlibraryshapes.misc.code.tex 2008/01/09 v3.0.0 (rcs-revision 1.1)

(/usr/share/texlive/texmf-dist/tex/generic/pgf/libraries/shapes/pgflibraryshape
s.misc.code.tex
File: pgflibraryshapes.misc.code.tex 2013/07/18 v3.0.0 (rcs-revision 1.5)
))
(/usr/share/texlive/texmf-dist/tex/generic/pgf/frontendlayer/tikz/libraries/tik
zlibraryshapes.symbols.code.tex
File: tikzlibraryshapes.symbols.code.tex 2008/01/09 v3.0.0 (rcs-revision 1.1)

(/usr/share/texlive/texmf-dist/tex/generic/pgf/libraries/shapes/pgflibraryshape
s.symbols.code.tex
File: pgflibraryshapes.symbols.code.tex 2013/09/11 v3.0.0 (rcs-revision 1.6)
))
(/usr/share/texlive/texmf-dist/tex/generic/pgf/frontendlayer/tikz/libraries/tik
zlibraryshapes.arrows.code.tex
File: tikzlibraryshapes.arrows.code.tex 2008/01/09 v3.0.0 (rcs-revision 1.1)

(/usr/share/texlive/texmf-dist/tex/generic/pgf/libraries/shapes/pgflibraryshape
s.arrows.code.tex
File: pgflibraryshapes.arrows.code.tex 2008/06/26 v3.0.0 (rcs-revision 1.1)
))
(/usr/share/texlive/texmf-dist/tex/generic/pgf/frontendlayer/tikz/libraries/tik
zlibraryshapes.callouts.code.tex
(/usr/share/texlive/texmf-dist/tex/generic/pgf/libraries/shapes/pgflibraryshape
s.callouts.code.tex))
(/usr/share/texlive/texmf-dist/tex/generic/pgf/frontendlayer/tikz/libraries/tik
zlibraryshapes.multipart.code.tex
File: tikzlibraryshapes.multipart.code.tex 2008/01/09 v3.0.0 (rcs-revision 1.1)


(/usr/share/texlive/texmf-dist/tex/generic/pgf/libraries/shapes/pgflibraryshape
s.multipart.code.tex
File: pgflibraryshapes.multipart.code.tex 2010/01/07 v3.0.0 (rcs-revision 1.2)
\pgfnodepartlowerbox=\box59
\pgfnodeparttwobox=\box60
\pgfnodepartthreebox=\box61
\pgfnodepartfourbox=\box62
\pgfnodeparttwentybox=\box63
\pgfnodepartnineteenbox=\box64
\pgfnodeparteighteenbox=\box65
\pgfnodepartseventeenbox=\box66
\pgfnodepartsixteenbox=\box67
\pgfnodepartfifteenbox=\box68
\pgfnodepartfourteenbox=\box69
\pgfnodepartthirteenbox=\box70
\pgfnodeparttwelvebox=\box71
\pgfnodepartelevenbox=\box72
\pgfnodeparttenbox=\box73
\pgfnodepartninebox=\box74
\pgfnodeparteightbox=\box75
\pgfnodepartsevenbox=\box76
\pgfnodepartsixbox=\box77
\pgfnodepartfivebox=\box78
))) (./definitions.tex)
\c@theorem=\count149
\c@corollary=\count150
\c@lemma=\count151
 (./ExactSDP-JAIR16.aux)
\openout1 = `ExactSDP-JAIR16.aux'.

LaTeX Font Info:    Checking defaults for OML/cmm/m/it on input line 55.
LaTeX Font Info:    ... okay on input line 55.
LaTeX Font Info:    Checking defaults for T1/cmr/m/n on input line 55.
LaTeX Font Info:    ... okay on input line 55.
LaTeX Font Info:    Checking defaults for OT1/cmr/m/n on input line 55.
LaTeX Font Info:    ... okay on input line 55.
LaTeX Font Info:    Checking defaults for OMS/cmsy/m/n on input line 55.
LaTeX Font Info:    ... okay on input line 55.
LaTeX Font Info:    Checking defaults for OMX/cmex/m/n on input line 55.
LaTeX Font Info:    ... okay on input line 55.
LaTeX Font Info:    Checking defaults for U/cmr/m/n on input line 55.
LaTeX Font Info:    ... okay on input line 55.

(/usr/share/texlive/texmf-dist/tex/context/base/supp-pdf.mkii
[Loading MPS to PDF converter (version 2006.09.02).]
\scratchcounter=\count152
\scratchdimen=\dimen203
\scratchbox=\box79
\nofMPsegments=\count153
\nofMParguments=\count154
\everyMPshowfont=\toks39
\MPscratchCnt=\count155
\MPscratchDim=\dimen204
\MPnumerator=\count156
\makeMPintoPDFobject=\count157
\everyMPtoPDFconversion=\toks40
) (/usr/share/texlive/texmf-dist/tex/generic/oberdiek/pdftexcmds.sty
Package: pdftexcmds 2011/11/29 v0.20 Utility functions of pdfTeX for LuaTeX (HO
)

(/usr/share/texlive/texmf-dist/tex/generic/oberdiek/ifluatex.sty
Package: ifluatex 2010/03/01 v1.3 Provides the ifluatex switch (HO)
Package ifluatex Info: LuaTeX not detected.
)
(/usr/share/texlive/texmf-dist/tex/generic/oberdiek/ifpdf.sty
Package: ifpdf 2011/01/30 v2.3 Provides the ifpdf switch (HO)
Package ifpdf Info: pdfTeX in PDF mode is detected.
)
Package pdftexcmds Info: LuaTeX not detected.
Package pdftexcmds Info: \pdf@primitive is available.
Package pdftexcmds Info: \pdf@ifprimitive is available.
Package pdftexcmds Info: \pdfdraftmode found.
)
(/usr/share/texlive/texmf-dist/tex/latex/oberdiek/epstopdf-base.sty
Package: epstopdf-base 2010/02/09 v2.5 Base part for package epstopdf

(/usr/share/texlive/texmf-dist/tex/latex/oberdiek/grfext.sty
Package: grfext 2010/08/19 v1.1 Manage graphics extensions (HO)

(/usr/share/texlive/texmf-dist/tex/generic/oberdiek/kvdefinekeys.sty
Package: kvdefinekeys 2011/04/07 v1.3 Define keys (HO)
))
(/usr/share/texlive/texmf-dist/tex/latex/oberdiek/kvoptions.sty
Package: kvoptions 2011/06/30 v3.11 Key value format for package options (HO)

(/usr/share/texlive/texmf-dist/tex/generic/oberdiek/kvsetkeys.sty
Package: kvsetkeys 2012/04/25 v1.16 Key value parser (HO)

(/usr/share/texlive/texmf-dist/tex/generic/oberdiek/etexcmds.sty
Package: etexcmds 2011/02/16 v1.5 Avoid name clashes with e-TeX commands (HO)
Package etexcmds Info: Could not find \expanded.
(etexcmds)             That can mean that you are not using pdfTeX 1.50 or
(etexcmds)             that some package has redefined \expanded.
(etexcmds)             In the latter case, load this package earlier.
)))
Package grfext Info: Graphics extension search list:
(grfext)             [.png,.pdf,.jpg,.mps,.jpeg,.jbig2,.jb2,.PNG,.PDF,.JPG,.JPE
G,.JBIG2,.JB2,.eps]
(grfext)             \AppendGraphicsExtensions on input line 452.

(/usr/share/texlive/texmf-dist/tex/latex/latexconfig/epstopdf-sys.cfg
File: epstopdf-sys.cfg 2010/07/13 v1.3 Configuration of (r)epstopdf for TeX Liv
e
))
ABD: EveryShipout initializing macros [1{/var/lib/texmf/fonts/map/pdftex/updmap
/pdftex.map}

]
LaTeX Font Info:    Try loading font information for U+msa on input line 103.
 (/usr/share/texlive/texmf-dist/tex/latex/amsfonts/umsa.fd
File: umsa.fd 2013/01/14 v3.01 AMS symbols A
)
LaTeX Font Info:    Try loading font information for U+msb on input line 103.

(/usr/share/texlive/texmf-dist/tex/latex/amsfonts/umsb.fd
File: umsb.fd 2013/01/14 v3.01 AMS symbols B
)
<pics/inv-v2.pdf, id=14, 542.025pt x 248.93pt>
File: pics/inv-v2.pdf Graphic file (type pdf)
 <use pics/inv-v2.pdf>
Package pdftex.def Info: pics/inv-v2.pdf used on input line 164.
(pdftex.def)             Requested size: 294.85841pt x 135.41916pt.

<pics/inv-p2.pdf, id=15, 542.025pt x 456.70625pt>
File: pics/inv-p2.pdf Graphic file (type pdf)
 <use pics/inv-p2.pdf>
Package pdftex.def Info: pics/inv-p2.pdf used on input line 169.
(pdftex.def)             Requested size: 112.73882pt x 94.99126pt.

[2]
Underfull \vbox (badness 10000) has occurred while \output is active []

 [3 <./pics/inv-v2.pdf> <./pics/inv-p2.pdf>]
LaTeX Font Info:    Try loading font information for OMS+cmr on input line 227.


(/usr/share/texlive/texmf-dist/tex/latex/base/omscmr.fd
File: omscmr.fd 2014/09/29 v2.5h Standard LaTeX font definitions
)
LaTeX Font Info:    Font shape `OMS/cmr/m/n' in size <10.95> not available
(Font)              Font shape `OMS/cmsy/m/n' tried instead on input line 227.
 [4]
<pics/dbn_state.pdf, id=49, 305.14pt x 303.1325pt>
File: pics/dbn_state.pdf Graphic file (type pdf)
 <use pics/dbn_state.pdf>
Package pdftex.def Info: pics/dbn_state.pdf used on input line 307.
(pdftex.def)             Requested size: 86.72267pt x 86.15314pt.

<pics/dbn_inv2.pdf, id=50, 415.5525pt x 692.5875pt>
File: pics/dbn_inv2.pdf Graphic file (type pdf)
 <use pics/dbn_inv2.pdf>
Package pdftex.def Info: pics/dbn_inv2.pdf used on input line 312.
(pdftex.def)             Requested size: 95.39693pt x 158.99586pt.

<pics/probabilities_2.pdf, id=51, 308.29004pt x 149.63033pt>
File: pics/probabilities_2.pdf Graphic file (type pdf)

<use pics/probabilities_2.pdf>
Package pdftex.def Info: pics/probabilities_2.pdf used on input line 317.
(pdftex.def)             Requested size: 225.48424pt x 109.44154pt.
 [5] [6 <./pics/dbn_state.pdf> <./pics/dbn_inv2.pdf> <./pics/probabilities_2.pd
f>] [7] [8] [9] [10] [11]
Overfull \hbox (11.70015pt too wide) in paragraph at lines 780--783
\OT1/cmr/m/n/10.95 Marginalization of a con-tin-u-ous vari-able $\OML/cmm/m/it/
10.95 x[]$ \OT1/cmr/m/n/10.95 is per-formed by the in-te-gral $[][] \OML/cmm/m/
it/10.95 f\OT1/cmr/m/n/10.95 (\OML/cmm/m/it/10.95 x[]\OT1/cmr/m/n/10.95 )\OML/c
mm/m/it/10.95 P\OT1/cmr/m/n/10.95 (\OML/cmm/m/it/10.95 x[]\OT1/cmr/m/n/10.95 )\
OML/cmm/m/it/10.95 dx[]$\OT1/cmr/m/n/10.95 .
 []

[12]
Overfull \hbox (33.5704pt too wide) in paragraph at lines 864--891
 [] 
 []


Overfull \hbox (11.20569pt too wide) in paragraph at lines 893--898
[]\OT1/cmr/m/n/10.95 where $[][]$ de-notes $[]$ for $1 \OMS/cmsy/m/n/10.95 ^^T 
\OML/cmm/m/it/10.95 i \OMS/cmsy/m/n/10.95 ^^T \OML/cmm/m/it/10.95 k$\OT1/cmr/m/
n/10.95 ; and since we have $[](\OML/cmm/m/it/10.95 F; \OMS/cmsy/m/n/10.95 ^^@1
\OT1/cmr/m/n/10.95 ) =
 []

[13]
Underfull \hbox (badness 10000) detected at line 1019
[][]
 []


Underfull \hbox (badness 10000) detected at line 1077
[][]
 []

[14]

LaTeX Warning: Text page 15 contains only floats.

[15] [16]
Underfull \hbox (badness 10000) detected at line 1208
[][]
 []

[17]
Underfull \vbox (badness 1859) has occurred while \output is active []

 [18]
[19]
Package epstopdf Info: Source file: <FiguresSource/bddaddxadd.eps>
(epstopdf)                    date: 2016-05-01 09:49:43
(epstopdf)                    size: 93904 bytes
(epstopdf)             Output file: <FiguresSource/bddaddxadd-eps-converted-to.
pdf>
(epstopdf)                    date: 2016-05-01 09:49:48
(epstopdf)                    size: 30688 bytes
(epstopdf)             Command: <epstopdf --outfile=FiguresSource/bddaddxadd-ep
s-converted-to.pdf FiguresSource/bddaddxadd.eps>
(epstopdf)             \includegraphics on input line 1328.
Package epstopdf Info: Output file is already uptodate.

<FiguresSource/bddaddxadd-eps-converted-to.pdf, id=1671, 469.755pt x 215.80624p
t>
File: FiguresSource/bddaddxadd-eps-converted-to.pdf Graphic file (type pdf)
 <use FiguresSource/bddaddxadd-eps-converted-to.pdf>
Package pdftex.def Info: FiguresSource/bddaddxadd-eps-converted-to.pdf used on 
input line 1328.
(pdftex.def)             Requested size: 433.62pt x 199.20602pt.
 [20 <./FiguresSource/bddaddxadd-eps-converted-to.pdf>] [21] [22]
Package epstopdf Info: Source file: <FiguresSource/path.eps>
(epstopdf)                    date: 2016-05-01 09:49:42
(epstopdf)                    size: 77287 bytes
(epstopdf)             Output file: <FiguresSource/path-eps-converted-to.pdf>
(epstopdf)                    date: 2016-05-01 09:49:48
(epstopdf)                    size: 28092 bytes
(epstopdf)             Command: <epstopdf --outfile=FiguresSource/path-eps-conv
erted-to.pdf FiguresSource/path.eps>
(epstopdf)             \includegraphics on input line 1473.
Package epstopdf Info: Output file is already uptodate.

<FiguresSource/path-eps-converted-to.pdf, id=1683, 1057.9525pt x 445.665pt>
File: FiguresSource/path-eps-converted-to.pdf Graphic file (type pdf)

<use FiguresSource/path-eps-converted-to.pdf>
Package pdftex.def Info: FiguresSource/path-eps-converted-to.pdf used on input 
line 1473.
(pdftex.def)             Requested size: 390.25534pt x 164.39705pt.
 [23 <./FiguresSource/path-eps-converted-to.pdf>]
Underfull \hbox (badness 10000) detected at line 1533
[][]
 []


Underfull \hbox (badness 10000) detected at line 1578
[][]
 []

[24]
Package epstopdf Info: Source file: <FiguresSource/restriction.eps>
(epstopdf)                    date: 2016-05-01 09:49:41
(epstopdf)                    size: 92292 bytes
(epstopdf)             Output file: <FiguresSource/restriction-eps-converted-to
.pdf>
(epstopdf)                    date: 2016-05-01 09:49:49
(epstopdf)                    size: 31252 bytes
(epstopdf)             Command: <epstopdf --outfile=FiguresSource/restriction-e
ps-converted-to.pdf FiguresSource/restriction.eps>
(epstopdf)             \includegraphics on input line 1597.
Package epstopdf Info: Output file is already uptodate.

<FiguresSource/restriction-eps-converted-to.pdf, id=1692, 370.38374pt x 253.948
75pt>
File: FiguresSource/restriction-eps-converted-to.pdf Graphic file (type pdf)
 <use FiguresSource/restriction-eps-converted-to.pdf>
Package pdftex.def Info: FiguresSource/restriction-eps-converted-to.pdf used on
 input line 1597.
(pdftex.def)             Requested size: 433.62pt x 297.3087pt.

Underfull \vbox (badness 1917) has occurred while \output is active []

 [25]
Package epstopdf Info: Source file: <FiguresSource/reorder.eps>
(epstopdf)                    date: 2016-05-01 09:49:42
(epstopdf)                    size: 84946 bytes
(epstopdf)             Output file: <FiguresSource/reorder-eps-converted-to.pdf
>
(epstopdf)                    date: 2016-05-01 09:49:49
(epstopdf)                    size: 28892 bytes
(epstopdf)             Command: <epstopdf --outfile=FiguresSource/reorder-eps-c
onverted-to.pdf FiguresSource/reorder.eps>
(epstopdf)             \includegraphics on input line 1628.
Package epstopdf Info: Output file is already uptodate.

<FiguresSource/reorder-eps-converted-to.pdf, id=1697, 463.7325pt x 253.94875pt>
File: FiguresSource/reorder-eps-converted-to.pdf Graphic file (type pdf)
<use FiguresSource/reorder-eps-converted-to.pdf>
Package pdftex.def Info: FiguresSource/reorder-eps-converted-to.pdf used on inp
ut line 1628.
(pdftex.def)             Requested size: 433.62pt x 237.46411pt.

Underfull \hbox (badness 10000) detected at line 1670
[][]
 []


Underfull \hbox (badness 10000) detected at line 1709
[][]
 []


Underfull \hbox (badness 10000) detected at line 1741
[][]
 []

Package epstopdf Info: Source file: <FiguresSource/max_result.eps>
(epstopdf)                    date: 2016-05-01 09:49:42
(epstopdf)                    size: 13822 bytes
(epstopdf)             Output file: <FiguresSource/max_result-eps-converted-to.
pdf>
(epstopdf)                    date: 2016-05-01 09:49:49
(epstopdf)                    size: 6445 bytes
(epstopdf)             Command: <epstopdf --outfile=FiguresSource/max_result-ep
s-converted-to.pdf FiguresSource/max_result.eps>
(epstopdf)             \includegraphics on input line 1776.
Package epstopdf Info: Output file is already uptodate.

<FiguresSource/max_result-eps-converted-to.pdf, id=1698, 224.84pt x 165.61874pt
>
File: FiguresSource/max_result-eps-converted-to.pdf Graphic file (type pdf)
 <use FiguresSource/max_result-eps-converted-to.pdf>
Package pdftex.def Info: FiguresSource/max_result-eps-converted-to.pdf used on 
input line 1776.
(pdftex.def)             Requested size: 108.405pt x 79.85242pt.
Package epstopdf Info: Source file: <FiguresSource/min_result.eps>
(epstopdf)                    date: 2016-05-01 09:49:42
(epstopdf)                    size: 13916 bytes
(epstopdf)             Output file: <FiguresSource/min_result-eps-converted-to.
pdf>
(epstopdf)                    date: 2016-05-01 09:49:49
(epstopdf)                    size: 6455 bytes
(epstopdf)             Command: <epstopdf --outfile=FiguresSource/min_result-ep
s-converted-to.pdf FiguresSource/min_result.eps>
(epstopdf)             \includegraphics on input line 1778.
Package epstopdf Info: Output file is already uptodate.

<FiguresSource/min_result-eps-converted-to.pdf, id=1699, 210.7875pt x 167.62625
pt>
File: FiguresSource/min_result-eps-converted-to.pdf Graphic file (type pdf)
 <use FiguresSource/min_result-eps-converted-to.pdf>
Package pdftex.def Info: FiguresSource/min_result-eps-converted-to.pdf used on 
input line 1778.
(pdftex.def)             Requested size: 108.405pt x 86.20953pt.


LaTeX Warning: `!h' float specifier changed to `!ht'.


Overfull \hbox (1.31741pt too wide) in paragraph at lines 1789--1793
[]\OT1/cmr/m/n/10.95 The other op-er-a-tion re-quired to solve CA-HMDPs is a \O
T1/cmr/m/it/10.95 con-tin-u-ous max-i-miza-tion \OT1/cmr/m/n/10.95 ($[][] \OML/
cmm/m/it/10.95 f$\OT1/cmr/m/n/10.95 )
 []

[26 <./FiguresSource/restriction-eps-converted-to.pdf>] (./add-fi.tex)
Overfull \hbox (60.51805pt too wide) in paragraph at lines 27--1801
 [][] 
 []

(./bounds-box.tex)
Overfull \hbox (30.75786pt too wide) in paragraph at lines 13--1808
 [][] 
 []

(./add-LUB.tex)
Overfull \hbox (21.7066pt too wide) in paragraph at lines 15--1823
 [][] 
 []

(./add-HLB.tex) (./add-fi-subst-LUB.tex)
Overfull \hbox (27.4128pt too wide) in paragraph at lines 15--1846
 [][] 
 []

(./add-fi-subst-HLB.tex)
Overfull \hbox (11.31805pt too wide) in paragraph at lines 12--1850
 [][] 
 []

(./add-max-LUB-HLB.tex)
Overfull \hbox (44.20688pt too wide) in paragraph at lines 19--1862
 [][] 
 []


Overfull \hbox (2.65997pt too wide) in paragraph at lines 1866--1866
 []\OT1/cmr/m/it/10 cons 
 []

(./add-max-fi.tex)
Overfull \hbox (106.61215pt too wide) in paragraph at lines 27--1872
 [][] 
 []


Underfull \vbox (badness 1490) has occurred while \output is active []

 [27 <./FiguresSource/reorder-eps-converted-to.pdf>] [28] [29] [30 <./FiguresSo
urce/max_result-eps-converted-to.pdf> <./FiguresSource/min_result-eps-converted
-to.pdf>]
Underfull \hbox (badness 10000) detected at line 1992
[][]
 []


Underfull \vbox (badness 10000) has occurred while \output is active []

 [31]
Package epstopdf Info: Source file: <FiguresSource/consistencyPrunning.eps>
(epstopdf)                    date: 2016-05-01 09:49:43
(epstopdf)                    size: 50508 bytes
(epstopdf)             Output file: <FiguresSource/consistencyPrunning-eps-conv
erted-to.pdf>
(epstopdf)                    date: 2016-05-01 09:49:50
(epstopdf)                    size: 19690 bytes
(epstopdf)             Command: <epstopdf --outfile=FiguresSource/consistencyPr
unning-eps-converted-to.pdf FiguresSource/consistencyPrunning.eps>
(epstopdf)             \includegraphics on input line 2038.
Package epstopdf Info: Output file is already uptodate.

<FiguresSource/consistencyPrunning-eps-converted-to.pdf, id=1727, 469.755pt x 1
68.63pt>
File: FiguresSource/consistencyPrunning-eps-converted-to.pdf Graphic file (type
 pdf)
 <use FiguresSource/consistencyPrunning-eps-converted-to.pdf>
Package pdftex.def Info: FiguresSource/consistencyPrunning-eps-converted-to.pdf
 used on input line 2038.
(pdftex.def)             Requested size: 346.89731pt x 124.52693pt.
Package epstopdf Info: Source file: <FiguresSource/redundancyPrunning.eps>
(epstopdf)                    date: 2016-05-01 09:49:42
(epstopdf)                    size: 110299 bytes
(epstopdf)             Output file: <FiguresSource/redundancyPrunning-eps-conve
rted-to.pdf>
(epstopdf)                    date: 2016-05-01 09:49:50
(epstopdf)                    size: 39681 bytes
(epstopdf)             Command: <epstopdf --outfile=FiguresSource/redundancyPru
nning-eps-converted-to.pdf FiguresSource/redundancyPrunning.eps>
(epstopdf)             \includegraphics on input line 2062.
Package epstopdf Info: Output file is already uptodate.

<FiguresSource/redundancyPrunning-eps-converted-to.pdf, id=1728, 469.755pt x 15
3.57375pt>
File: FiguresSource/redundancyPrunning-eps-converted-to.pdf Graphic file (type 
pdf)
 <use FiguresSource/redundancyPrunning-eps-converted-to.pdf>
Package pdftex.def Info: FiguresSource/redundancyPrunning-eps-converted-to.pdf 
used on input line 2062.
(pdftex.def)             Requested size: 433.62pt x 141.76056pt.
 [32]
[33 <./FiguresSource/consistencyPrunning-eps-converted-to.pdf> <./FiguresSource
/redundancyPrunning-eps-converted-to.pdf>]
Package epstopdf Info: Source file: <FiguresSource/counterExample.eps>
(epstopdf)                    date: 2016-05-01 09:49:42
(epstopdf)                    size: 20121 bytes
(epstopdf)             Output file: <FiguresSource/counterExample-eps-converted
-to.pdf>
(epstopdf)                    date: 2016-05-01 09:49:50
(epstopdf)                    size: 8056 bytes
(epstopdf)             Command: <epstopdf --outfile=FiguresSource/counterExampl
e-eps-converted-to.pdf FiguresSource/counterExample.eps>
(epstopdf)             \includegraphics on input line 2092.
Package epstopdf Info: Output file is already uptodate.

<FiguresSource/counterExample-eps-converted-to.pdf, id=1740, 469.755pt x 172.64
5pt>
File: FiguresSource/counterExample-eps-converted-to.pdf Graphic file (type pdf)

 <use FiguresSource/counterExample-eps-converted-to.pdf>
Package pdftex.def Info: FiguresSource/counterExample-eps-converted-to.pdf used
 on input line 2092.
(pdftex.def)             Requested size: 260.17464pt x 95.61888pt.

Underfull \hbox (badness 10000) detected at line 2151
[][]
 []


Underfull \hbox (badness 10000) detected at line 2184
[][]
 []

[34 <./FiguresSource/counterExample-eps-converted-to.pdf>]
Underfull \vbox (badness 5652) has occurred while \output is active []

 [35]
Underfull \hbox (badness 10000) detected at line 2256
[][]
 []

[36]
Underfull \vbox (badness 10000) has occurred while \output is active []

 [37]

LaTeX Font Warning: Font shape `OT1/cmr/bx/sc' undefined
(Font)              using `OT1/cmr/bx/n' instead on input line 2303.

[38] <pics/v1_2d.pdf, id=1759, 429.605pt x 156.585pt>
File: pics/v1_2d.pdf Graphic file (type pdf)
 <use pics/v1_2d.pdf>
Package pdftex.def Info: pics/v1_2d.pdf used on input line 2333.
(pdftex.def)             Requested size: 187.32089pt x 68.27638pt.

<pics/v2_2d.pdf, id=1760, 429.605pt x 156.585pt>
File: pics/v2_2d.pdf Graphic file (type pdf)
 <use pics/v2_2d.pdf>
Package pdftex.def Info: pics/v2_2d.pdf used on input line 2335.
(pdftex.def)             Requested size: 187.32089pt x 68.27638pt.

<pics/v3_2d.pdf, id=1761, 429.605pt x 156.585pt>
File: pics/v3_2d.pdf Graphic file (type pdf)
 <use pics/v3_2d.pdf>
Package pdftex.def Info: pics/v3_2d.pdf used on input line 2337.
(pdftex.def)             Requested size: 187.32089pt x 68.27638pt.

<pics/roverdot.pdf, id=1762, 542.025pt x 367.3725pt>
File: pics/roverdot.pdf Graphic file (type pdf)
 <use pics/roverdot.pdf>
Package pdftex.def Info: pics/roverdot.pdf used on input line 2360.
(pdftex.def)             Requested size: 208.13574pt x 141.07167pt.

[39 <./pics/v1_2d.pdf> <./pics/v2_2d.pdf> <./pics/v3_2d.pdf> <./pics/roverdot.p
df>] <pics/contRoverNode2.pdf, id=1789, 596.2275pt x 393.47pt>
File: pics/contRoverNode2.pdf Graphic file (type pdf)

<use pics/contRoverNode2.pdf>
Package pdftex.def Info: pics/contRoverNode2.pdf used on input line 2451.
(pdftex.def)             Requested size: 195.12767pt x 128.7708pt.

<pics/contRoverTime2.pdf, id=1790, 596.2275pt x 393.47pt>
File: pics/contRoverTime2.pdf Graphic file (type pdf)

<use pics/contRoverTime2.pdf>
Package pdftex.def Info: pics/contRoverTime2.pdf used on input line 2453.
(pdftex.def)             Requested size: 195.12767pt x 128.7708pt.

<pics/DisRoverNode.pdf, id=1791, 456.70625pt x 313.17pt>
File: pics/DisRoverNode.pdf Graphic file (type pdf)

<use pics/DisRoverNode.pdf>
Package pdftex.def Info: pics/DisRoverNode.pdf used on input line 2470.
(pdftex.def)             Requested size: 195.12767pt x 133.80032pt.

<pics/DisRoverTime.pdf, id=1792, 456.70625pt x 313.17pt>
File: pics/DisRoverTime.pdf Graphic file (type pdf)

<use pics/DisRoverTime.pdf>
Package pdftex.def Info: pics/DisRoverTime.pdf used on input line 2472.
(pdftex.def)             Requested size: 195.12767pt x 133.80032pt.


LaTeX Warning: Reference `sec:pruningAlg' on page 40 undefined on input line 24
83.

[40] <pics/rover2.pdf, id=1796, 449.68pt x 338.26375pt>
File: pics/rover2.pdf Graphic file (type pdf)
 <use pics/rover2.pdf>
Package pdftex.def Info: pics/rover2.pdf used on input line 2495.
(pdftex.def)             Requested size: 78.04842pt x 58.7067pt.

<pics/rover4.pdf, id=1797, 449.68pt x 338.26375pt>
File: pics/rover4.pdf Graphic file (type pdf)
 <use pics/rover4.pdf>
Package pdftex.def Info: pics/rover4.pdf used on input line 2496.
(pdftex.def)             Requested size: 78.04842pt x 58.7067pt.

<pics/rover6.pdf, id=1798, 449.68pt x 338.26375pt>
File: pics/rover6.pdf Graphic file (type pdf)
 <use pics/rover6.pdf>
Package pdftex.def Info: pics/rover6.pdf used on input line 2497.
(pdftex.def)             Requested size: 78.04842pt x 58.7067pt.

<pics/rover8.pdf, id=1799, 449.68pt x 338.26375pt>
File: pics/rover8.pdf Graphic file (type pdf)
 <use pics/rover8.pdf>
Package pdftex.def Info: pics/rover8.pdf used on input line 2498.
(pdftex.def)             Requested size: 78.04842pt x 58.7067pt.

<pics/rover10.pdf, id=1800, 449.68pt x 338.26375pt>
File: pics/rover10.pdf Graphic file (type pdf)
 <use pics/rover10.pdf>
Package pdftex.def Info: pics/rover10.pdf used on input line 2499.
(pdftex.def)             Requested size: 78.04842pt x 58.7067pt.

Underfull \vbox (badness 2057) has occurred while \output is active []

 [41 <./pics/contRoverNode2.pdf> <./pics/contRoverTime2.pdf> <./pics/DisRoverNo
de.pdf> <./pics/DisRoverTime.pdf>]
<pics/disRovResNode2.pdf, id=1824, 456.70625pt x 313.17pt>
File: pics/disRovResNode2.pdf Graphic file (type pdf)

<use pics/disRovResNode2.pdf>
Package pdftex.def Info: pics/disRovResNode2.pdf used on input line 2519.
(pdftex.def)             Requested size: 195.12767pt x 133.80032pt.

<pics/disRovResTime2.pdf, id=1825, 456.70625pt x 313.17pt>
File: pics/disRovResTime2.pdf Graphic file (type pdf)

<use pics/disRovResTime2.pdf>
Package pdftex.def Info: pics/disRovResTime2.pdf used on input line 2521.
(pdftex.def)             Requested size: 195.12767pt x 133.80032pt.

<pics/DisResNode2.pdf, id=1826, 456.70625pt x 313.17pt>
File: pics/DisResNode2.pdf Graphic file (type pdf)

<use pics/DisResNode2.pdf>
Package pdftex.def Info: pics/DisResNode2.pdf used on input line 2538.
(pdftex.def)             Requested size: 195.12767pt x 133.80032pt.

<pics/DisResTime2.pdf, id=1827, 456.70625pt x 313.17pt>
File: pics/DisResTime2.pdf Graphic file (type pdf)

<use pics/DisResTime2.pdf>
Package pdftex.def Info: pics/DisResTime2.pdf used on input line 2540.
(pdftex.def)             Requested size: 195.12767pt x 133.80032pt.
 <pics/res3d4.pdf, id=1828, 437.635pt x 301.125pt>
File: pics/res3d4.pdf Graphic file (type pdf)

<use pics/res3d4.pdf>
Package pdftex.def Info: pics/res3d4.pdf used on input line 2557.
(pdftex.def)             Requested size: 208.13574pt x 143.21504pt.
 <pics/q3.pdf, id=1829, 521.95pt x 352.31625pt>
File: pics/q3.pdf Graphic file (type pdf)

<use pics/q3.pdf>
Package pdftex.def Info: pics/q3.pdf used on input line 2559.
(pdftex.def)             Requested size: 208.13574pt x 140.49393pt.
 <pics/res3d7.pdf, id=1830, 437.635pt x 301.125pt>
File: pics/res3d7.pdf Graphic file (type pdf)

<use pics/res3d7.pdf>
Package pdftex.def Info: pics/res3d7.pdf used on input line 2561.
(pdftex.def)             Requested size: 208.13574pt x 143.21504pt.
 <pics/v3.pdf, id=1831, 521.95pt x 352.31625pt>
File: pics/v3.pdf Graphic file (type pdf)

<use pics/v3.pdf>
Package pdftex.def Info: pics/v3.pdf used on input line 2563.
(pdftex.def)             Requested size: 208.13574pt x 140.49393pt.
 <pics/res3d10.pdf, id=1832, 437.635pt x 301.125pt>
File: pics/res3d10.pdf Graphic file (type pdf)

<use pics/res3d10.pdf>
Package pdftex.def Info: pics/res3d10.pdf used on input line 2565.
(pdftex.def)             Requested size: 208.13574pt x 143.21504pt.
 <pics/v6.pdf, id=1833, 521.95pt x 352.31625pt>
File: pics/v6.pdf Graphic file (type pdf)

<use pics/v6.pdf>
Package pdftex.def Info: pics/v6.pdf used on input line 2567.
(pdftex.def)             Requested size: 208.13574pt x 140.49393pt.


LaTeX Warning: Float too large for page by 24.64589pt on input line 2576.

[42 <./pics/rover2.pdf> <./pics/rover4.pdf> <./pics/rover6.pdf> <./pics/rover8.
pdf> <./pics/rover10.pdf> <./pics/disRovResNode2.pdf> <./pics/disRovResTime2.pd
f>] <pics/invCNode.pdf, id=1877, 445.665pt x 254.9525pt>
File: pics/invCNode.pdf Graphic file (type pdf)

<use pics/invCNode.pdf>
Package pdftex.def Info: pics/invCNode.pdf used on input line 2610.
(pdftex.def)             Requested size: 195.12767pt x 111.62701pt.
 <pics/invCTime.pdf, id=1878, 444.66125pt x 256.96pt>
File: pics/invCTime.pdf Graphic file (type pdf)

<use pics/invCTime.pdf>
Package pdftex.def Info: pics/invCTime.pdf used on input line 2612.
(pdftex.def)             Requested size: 195.12767pt x 112.76083pt.
 <pics/invD6Node.pdf, id=1879, 444.66125pt x 256.96pt>
File: pics/invD6Node.pdf Graphic file (type pdf)

<use pics/invD6Node.pdf>
Package pdftex.def Info: pics/invD6Node.pdf used on input line 2631.
(pdftex.def)             Requested size: 195.12767pt x 112.76083pt.
 <pics/invD6Time.pdf, id=1880, 444.66125pt x 256.96pt>
File: pics/invD6Time.pdf Graphic file (type pdf)

<use pics/invD6Time.pdf>
Package pdftex.def Info: pics/invD6Time.pdf used on input line 2633.
(pdftex.def)             Requested size: 195.12767pt x 112.76083pt.
 <pics/invH3Node.pdf, id=1881, 449.68pt x 299.1175pt>
File: pics/invH3Node.pdf Graphic file (type pdf)

<use pics/invH3Node.pdf>
Package pdftex.def Info: pics/invH3Node.pdf used on input line 2652.
(pdftex.def)             Requested size: 195.12767pt x 129.79556pt.

<pics/invH3Time.pdf, id=1882, 450.68375pt x 301.125pt>
File: pics/invH3Time.pdf Graphic file (type pdf)

<use pics/invH3Time.pdf>
Package pdftex.def Info: pics/invH3Time.pdf used on input line 2654.
(pdftex.def)             Requested size: 195.12767pt x 130.3772pt.
 [43 <./pics/DisResNode2.pdf> <./pics/DisResTime2.pdf>] [44 <./pics/res3d4.pdf>
 <./pics/q3.pdf> <./pics/res3d7.pdf> <./pics/v3.pdf> <./pics/res3d10.pdf> <./pi
cs/v6.pdf>] [45 <./pics/invCNode.pdf> <./pics/invCTime.pdf> <./pics/invD6Node.p
df> <./pics/invD6Time.pdf> <./pics/invH3Node.pdf> <./pics/invH3Time.pdf>] [46] 
(./ExactSDP-JAIR16.bbl
Underfull \vbox (badness 1838) has occurred while \output is active []

 [47]
[48]
Missing character: There is no  in font cmr10!
Missing character: There is no  in font cmr10!
Missing character: There is no  in font cmr10!
) [49] (./ExactSDP-JAIR16.aux)

LaTeX Font Warning: Some font shapes were not available, defaults substituted.


LaTeX Warning: There were undefined references.

 ) 
Here is how much of TeX's memory you used:
 22041 strings out of 493085
 442724 string characters out of 6136917
 523453 words of memory out of 5000000
 25085 multiletter control sequences out of 15000+600000
 25474 words of font info for 100 fonts, out of 8000000 for 9000
 1141 hyphenation exceptions out of 8191
 55i,22n,67p,10369b,726s stack positions out of 5000i,500n,10000p,200000b,80000s
</usr/share/texlive/texmf-dist/fonts/type1/public/amsfonts/cm/cmbx10.pfb></us
r/share/texlive/texmf-dist/fonts/type1/public/amsfonts/cm/cmbx12.pfb></usr/shar
e/texlive/texmf-dist/fonts/type1/public/amsfonts/cm/cmbx8.pfb></usr/share/texli
ve/texmf-dist/fonts/type1/public/amsfonts/cm/cmcsc10.pfb></usr/share/texlive/te
xmf-dist/fonts/type1/public/amsfonts/cm/cmex10.pfb></usr/share/texlive/texmf-di
st/fonts/type1/public/amsfonts/cmextra/cmex9.pfb></usr/share/texlive/texmf-dist
/fonts/type1/public/amsfonts/cm/cmmi10.pfb></usr/share/texlive/texmf-dist/fonts
/type1/public/amsfonts/cm/cmmi6.pfb></usr/share/texlive/texmf-dist/fonts/type1/
public/amsfonts/cm/cmmi8.pfb></usr/share/texlive/texmf-dist/fonts/type1/public/
amsfonts/cm/cmmi9.pfb></usr/share/texlive/texmf-dist/fonts/type1/public/amsfont
s/cm/cmr10.pfb></usr/share/texlive/texmf-dist/fonts/type1/public/amsfonts/cm/cm
r6.pfb></usr/share/texlive/texmf-dist/fonts/type1/public/amsfonts/cm/cmr8.pfb><
/usr/share/texlive/texmf-dist/fonts/type1/public/amsfonts/cm/cmr9.pfb></usr/sha
re/texlive/texmf-dist/fonts/type1/public/amsfonts/cm/cmsy10.pfb></usr/share/tex
live/texmf-dist/fonts/type1/public/amsfonts/cm/cmsy6.pfb></usr/share/texlive/te
xmf-dist/fonts/type1/public/amsfonts/cm/cmsy8.pfb></usr/share/texlive/texmf-dis
t/fonts/type1/public/amsfonts/cm/cmsy9.pfb></usr/share/texlive/texmf-dist/fonts
/type1/public/amsfonts/cm/cmti10.pfb></usr/share/texlive/texmf-dist/fonts/type1
/public/amsfonts/cm/cmti7.pfb></usr/share/texlive/texmf-dist/fonts/type1/public
/amsfonts/cm/cmti8.pfb></usr/share/texlive/texmf-dist/fonts/type1/public/amsfon
ts/cm/cmti9.pfb></usr/share/texlive/texmf-dist/fonts/type1/public/amsfonts/cm/c
mtt10.pfb></usr/share/texlive/texmf-dist/fonts/type1/public/amsfonts/cm/cmtt9.p
fb></usr/share/texlive/texmf-dist/fonts/type1/public/amsfonts/symbols/msam10.pf
b></usr/share/texlive/texmf-dist/fonts/type1/public/amsfonts/symbols/msbm10.pfb
>
Output written on ExactSDP-JAIR16.pdf (49 pages, 2303797 bytes).
PDF statistics:
 2070 PDF objects out of 2073 (max. 8388607)
 1442 compressed objects within 15 object streams
 0 named destinations out of 1000 (max. 500000)
 228 words of extra memory for PDF output out of 10000 (max. 10000000)

